Test, Test status, Error/Failure Type, Error/Failure Message

test_object_create_bad_md5_invalid_short, PASSED
test_object_create_bad_md5_bad, PASSED
test_object_create_bad_md5_empty, PASSED
test_object_create_bad_md5_unreadable, FAILED, exceptions.AssertionError, 400 != 403
test_object_create_bad_md5_none, PASSED
test_object_create_bad_expect_mismatch, ERROR, boto.exception.S3ResponseError, S3ResponseError: 417 Expectation Failed
test_object_create_bad_expect_empty, ERROR, boto.exception.S3ResponseError, S3ResponseError: 417 Expectation Failed
test_object_create_bad_expect_none, PASSED
test_object_create_bad_expect_unreadable, ERROR, boto.exception.S3ResponseError, S3ResponseError: 400 Illegal character 0x7
test_object_create_bad_contentlength_empty, FAILED, exceptions.AssertionError, 'bad content-length' != 'bad request'
test_object_create_bad_contentlength_negative, PASSED
test_object_create_bad_contentlength_none, PASSED
test_object_create_bad_contentlength_unreadable, FAILED, exceptions.AssertionError, 'illegal character 0x7' != 'bad request'
test_object_create_bad_contentlength_mismatch_above, ERROR, socket.timeout, timed out
test_object_create_bad_contenttype_invalid, PASSED
test_object_create_bad_contenttype_empty, PASSED
test_object_create_bad_contenttype_none, PASSED
test_object_create_bad_contenttype_unreadable, FAILED, exceptions.AssertionError, 400 != 403
test_object_create_bad_authorization_unreadable, FAILED, exceptions.AssertionError, 400 != 403
test_object_create_bad_authorization_empty, PASSED
test_object_create_bad_authorization_none, PASSED
test_bucket_create_contentlength_none, PASSED
test_object_acl_create_contentlength_none, PASSED
test_bucket_put_bad_canned_acl, PASSED
test_bucket_create_bad_expect_mismatch, ERROR, boto.exception.S3ResponseError, S3ResponseError: 417 Expectation Failed
test_bucket_create_bad_expect_empty, ERROR, boto.exception.S3ResponseError, S3ResponseError: 417 Expectation Failed
test_bucket_create_bad_expect_unreadable, ERROR, boto.exception.S3ResponseError, S3ResponseError: 400 Illegal character 0x7
test_bucket_create_bad_contentlength_empty, FAILED, exceptions.AssertionError, 'bad content-length' != 'bad request'
test_bucket_create_bad_contentlength_negative, PASSED
test_bucket_create_bad_contentlength_none, PASSED
test_bucket_create_bad_contentlength_unreadable, FAILED, exceptions.AssertionError, 'illegal character 0x7' != 'bad request'
test_bucket_create_bad_authorization_unreadable, FAILED, exceptions.AssertionError, 400 != 403
test_bucket_create_bad_authorization_empty, PASSED
test_bucket_create_bad_authorization_none, PASSED
test_object_create_bad_md5_invalid_garbage_aws2, PASSED
test_object_create_bad_contentlength_mismatch_below_aws2, PASSED
test_object_create_bad_authorization_incorrect_aws2, PASSED
test_object_create_bad_authorization_invalid_aws2, PASSED
test_object_create_bad_ua_empty_aws2, PASSED
test_object_create_bad_ua_unreadable_aws2, ERROR, boto.exception.S3ResponseError, S3ResponseError: 400 Illegal character 0x7
test_object_create_bad_ua_none_aws2, PASSED
test_object_create_bad_date_invalid_aws2, PASSED
test_object_create_bad_date_empty_aws2, PASSED
test_object_create_bad_date_unreadable_aws2, FAILED, exceptions.AssertionError, 400 != 403
test_object_create_bad_date_none_aws2, PASSED
test_object_create_bad_date_before_today_aws2, PASSED
test_object_create_bad_date_after_today_aws2, PASSED
test_object_create_bad_date_before_epoch_aws2, PASSED
test_object_create_bad_date_after_end_aws2, PASSED
test_bucket_create_bad_authorization_invalid_aws2, PASSED
test_bucket_create_bad_ua_empty_aws2, PASSED
test_bucket_create_bad_ua_unreadable_aws2, ERROR, boto.exception.S3ResponseError, S3ResponseError: 400 Illegal character 0x7
test_bucket_create_bad_ua_none_aws2, PASSED
test_bucket_create_bad_date_invalid_aws2, PASSED
test_bucket_create_bad_date_empty_aws2, PASSED
test_bucket_create_bad_date_unreadable_aws2, FAILED, exceptions.AssertionError, 400 != 403
test_bucket_create_bad_date_none_aws2, PASSED
test_bucket_create_bad_date_before_today_aws2, PASSED
test_bucket_create_bad_date_after_today_aws2, PASSED
test_bucket_create_bad_date_before_epoch_aws2, PASSED
test_object_create_bad_md5_invalid_garbage_aws4, PASSED
test_object_create_bad_contentlength_mismatch_below_aws4, PASSED
test_object_create_bad_authorization_incorrect_aws4, PASSED
test_object_create_bad_authorization_invalid_aws4, PASSED
test_object_create_bad_ua_empty_aws4, PASSED
test_object_create_bad_ua_unreadable_aws4, PASSED
test_object_create_bad_ua_none_aws4, PASSED
test_object_create_bad_date_invalid_aws4, PASSED
test_object_create_bad_amz_date_invalid_aws4, PASSED
test_object_create_bad_date_empty_aws4, PASSED
test_object_create_bad_amz_date_empty_aws4, PASSED
test_object_create_bad_date_unreadable_aws4, PASSED
test_object_create_bad_amz_date_unreadable_aws4, PASSED
test_object_create_bad_date_none_aws4, PASSED
test_object_create_bad_amz_date_none_aws4, PASSED
test_object_create_bad_date_before_today_aws4, PASSED
test_object_create_bad_amz_date_before_today_aws4, PASSED
test_object_create_bad_date_after_today_aws4, PASSED
test_object_create_bad_amz_date_after_today_aws4, PASSED
test_object_create_bad_date_before_epoch_aws4, PASSED
test_object_create_bad_amz_date_before_epoch_aws4, PASSED
test_object_create_bad_date_after_end_aws4, PASSED
test_object_create_bad_amz_date_after_end_aws4, PASSED
test_object_create_missing_signed_custom_header_aws4, PASSED
test_object_create_missing_signed_header_aws4, PASSED
test_bucket_create_bad_authorization_invalid_aws4, PASSED
test_bucket_create_bad_ua_empty_aws4, PASSED
test_bucket_create_bad_ua_unreadable_aws4, PASSED
test_bucket_create_bad_ua_none_aws4, PASSED
test_bucket_create_bad_date_invalid_aws4, PASSED
test_bucket_create_bad_amz_date_invalid_aws4, PASSED
test_bucket_create_bad_date_empty_aws4, PASSED
test_bucket_create_bad_amz_date_empty_aws4, PASSED
test_bucket_create_bad_date_unreadable_aws4, PASSED
test_bucket_create_bad_amz_date_unreadable_aws4, PASSED
test_bucket_create_bad_date_none_aws4, PASSED
test_bucket_create_bad_amz_date_none_aws4, PASSED
test_bucket_create_bad_date_before_today_aws4, PASSED
test_bucket_create_bad_amz_date_before_today_aws4, PASSED
test_bucket_create_bad_date_after_today_aws4, PASSED
test_bucket_create_bad_amz_date_after_today_aws4, PASSED
test_bucket_create_bad_date_before_epoch_aws4, PASSED
test_bucket_create_bad_amz_date_before_epoch_aws4, PASSED
test_bucket_list_empty, PASSED
test_bucket_list_distinct, PASSED
test_bucket_list_many, PASSED
test_bucket_list_delimiter_basic, PASSED
test_bucket_list_delimiter_prefix, PASSED
test_bucket_list_delimiter_prefix_ends_with_delimiter, PASSED
test_bucket_list_delimiter_alt, PASSED
test_bucket_list_delimiter_prefix_underscore, PASSED
test_bucket_list_delimiter_percentage, PASSED
test_bucket_list_delimiter_whitespace, PASSED
test_bucket_list_delimiter_dot, PASSED
test_bucket_list_delimiter_unreadable, PASSED
test_bucket_list_delimiter_empty, PASSED
test_bucket_list_delimiter_none, PASSED
test_bucket_list_delimiter_not_exist, PASSED
test_bucket_list_prefix_basic, PASSED
test_bucket_list_prefix_alt, PASSED
test_bucket_list_prefix_empty, PASSED
test_bucket_list_prefix_none, PASSED
test_bucket_list_prefix_not_exist, PASSED
test_bucket_list_prefix_unreadable, PASSED
test_bucket_list_prefix_delimiter_basic, PASSED
test_bucket_list_prefix_delimiter_alt, PASSED
test_bucket_list_prefix_delimiter_prefix_not_exist, PASSED
test_bucket_list_prefix_delimiter_delimiter_not_exist, PASSED
test_bucket_list_prefix_delimiter_prefix_delimiter_not_exist, PASSED
test_bucket_list_maxkeys_one, PASSED
test_bucket_list_maxkeys_zero, PASSED
test_bucket_list_maxkeys_none, PASSED
test_bucket_list_maxkeys_invalid, PASSED
test_bucket_list_maxkeys_unreadable, PASSED
test_bucket_list_marker_none, PASSED
test_bucket_list_marker_empty, PASSED
test_bucket_list_marker_unreadable, PASSED
test_bucket_list_marker_not_in_list, PASSED
test_bucket_list_marker_after_list, PASSED
test_bucket_list_marker_before_list, PASSED
test_bucket_list_return_data, PASSED
test_bucket_list_return_data_versioning, PASSED
test_bucket_list_object_time, PASSED
test_bucket_list_objects_anonymous, PASSED
test_bucket_list_objects_anonymous_fail, PASSED
test_bucket_notexist, PASSED
test_bucket_delete_notexist, PASSED
test_bucket_delete_nonempty, PASSED
test_bucket_concurrent_set_canned_acl, PASSED
test_object_write_to_nonexist_bucket, FAILED, exceptions.AssertionError, u'NoSuchKey' != 'NoSuchBucket'
test_bucket_create_delete, PASSED
test_object_read_notexist, PASSED
test_object_requestid_on_error, PASSED
test_object_requestid_matchs_header_on_error, PASSED
test_object_create_unreadable, PASSED
test_multi_object_delete, PASSED
test_object_head_zero_bytes, PASSED
test_object_write_check_etag, PASSED
test_object_write_cache_control, FAILED, exceptions.AssertionError, None != 'public| max-age=14400'
test_object_write_expires, FAILED, exceptions.AssertionError, None != 'Sat| 07 Oct 2017 03:26:10 GMT'
test_object_write_read_update_read_delete, PASSED
test_object_set_get_metadata_none_to_good, PASSED
test_object_set_get_metadata_none_to_empty, PASSED
test_object_set_get_metadata_overwrite_to_good, PASSED
test_object_set_get_metadata_overwrite_to_empty, PASSED
test_object_set_get_unicode_metadata, PASSED
test_object_set_get_non_utf8_metadata, ERROR, boto.exception.S3ResponseError, S3ResponseError: 400 Illegal character 0x4
test_object_set_get_metadata_empty_to_unreadable_prefix, ERROR, boto.exception.S3ResponseError, S3ResponseError: 400 Illegal character 0x4
test_object_set_get_metadata_empty_to_unreadable_suffix, ERROR, boto.exception.S3ResponseError, S3ResponseError: 400 Illegal character 0x4
test_object_set_get_metadata_empty_to_unreadable_infix, ERROR, boto.exception.S3ResponseError, S3ResponseError: 400 Illegal character 0x4
test_object_set_get_metadata_overwrite_to_unreadable_prefix, ERROR, boto.exception.S3ResponseError, S3ResponseError: 400 Illegal character 0x4
test_object_set_get_metadata_overwrite_to_unreadable_suffix, ERROR, boto.exception.S3ResponseError, S3ResponseError: 400 Illegal character 0x4
test_object_set_get_metadata_overwrite_to_unreadable_infix, ERROR, boto.exception.S3ResponseError, S3ResponseError: 400 Illegal character 0x4
test_object_metadata_replaced_on_put, PASSED
test_object_write_file, PASSED
test_post_object_anonymous_request, PASSED
test_post_object_authenticated_request, PASSED
test_post_object_authenticated_request_bad_access_key, PASSED
test_post_object_set_success_code, PASSED
test_post_object_set_invalid_success_code, PASSED
test_post_object_upload_larger_than_chunk, PASSED
test_post_object_set_key_from_filename, PASSED
test_post_object_ignored_header, PASSED
test_post_object_case_insensitive_condition_fields, PASSED
test_post_object_escaped_field_values, PASSED
test_post_object_success_redirect_action, PASSED
test_post_object_invalid_signature, PASSED
test_post_object_invalid_access_key, PASSED
test_post_object_invalid_date_format, PASSED
test_post_object_no_key_specified, PASSED
test_post_object_missing_signature, PASSED
test_post_object_missing_policy_condition, PASSED
test_post_object_user_specified_header, PASSED
test_post_object_request_missing_policy_specified_field, PASSED
test_post_object_condition_is_case_sensitive, PASSED
test_post_object_expires_is_case_sensitive, PASSED
test_post_object_expired_policy, PASSED
test_post_object_invalid_request_field_value, PASSED
test_post_object_missing_expires_condition, PASSED
test_post_object_missing_conditions_list, PASSED
test_post_object_upload_size_limit_exceeded, PASSED
test_post_object_missing_content_length_argument, PASSED
test_post_object_invalid_content_length_argument, PASSED
test_post_object_upload_size_below_minimum, PASSED
test_post_object_empty_conditions, FAILED, exceptions.AssertionError, 403 != 400
test_get_object_ifmatch_good, PASSED
test_get_object_ifmatch_failed, PASSED
test_get_object_ifnonematch_good, PASSED
test_get_object_ifnonematch_failed, PASSED
test_get_object_ifmodifiedsince_good, PASSED
test_get_object_ifmodifiedsince_failed, PASSED
test_get_object_ifunmodifiedsince_good, PASSED
test_get_object_ifunmodifiedsince_failed, PASSED
test_put_object_ifmatch_good, PASSED
test_put_object_ifmatch_failed, PASSED
test_put_object_ifmatch_overwrite_existed_good, PASSED
test_put_object_ifmatch_nonexisted_failed, FAILED, exceptions.AssertionError, S3ResponseError not raised
test_put_object_ifnonmatch_good, PASSED
test_put_object_ifnonmatch_failed, PASSED
test_put_object_ifnonmatch_nonexisted_good, PASSED
test_put_object_ifnonmatch_overwrite_existed_failed, PASSED
test_object_raw_get, PASSED
test_object_raw_get_bucket_gone, PASSED
test_object_delete_key_bucket_gone, FAILED, exceptions.AssertionError, u'NoSuchKey' != 'NoSuchBucket'
test_object_raw_get_object_gone, PASSED
test_bucket_head, PASSED
test_bucket_head_extended, PASSED
test_object_raw_get_bucket_acl, PASSED
test_object_raw_get_object_acl, FAILED, exceptions.AssertionError, 200 != 403
test_object_raw_authenticated, PASSED
test_object_raw_response_headers, PASSED
test_object_raw_authenticated_bucket_acl, PASSED
test_object_raw_authenticated_object_acl, PASSED
test_object_raw_authenticated_bucket_gone, PASSED
test_object_raw_authenticated_object_gone, PASSED
test_object_raw_get_x_amz_expires_not_expired, PASSED
test_object_raw_get_x_amz_expires_out_range_zero, PASSED
test_object_raw_get_x_amz_expires_out_max_range, PASSED
test_object_raw_get_x_amz_expires_out_positive_range, PASSED
test_object_raw_put, PASSED
test_object_raw_put_write_access, PASSED
test_object_raw_put_authenticated, PASSED
test_object_raw_put_authenticated_expired, PASSED
test_bucket_create_naming_bad_starts_nonalpha, FAILED, exceptions.AssertionError, S3ResponseError not raised
test_bucket_create_naming_bad_short_empty, PASSED
test_bucket_create_naming_bad_short_one, ERROR, boto.exception.S3CreateError, S3CreateError: 409 Conflict
test_bucket_create_naming_bad_short_two, ERROR, boto.exception.S3CreateError, S3CreateError: 409 Conflict
test_bucket_create_naming_bad_long, PASSED
test_bucket_create_naming_good_long_250, PASSED
test_bucket_create_naming_good_long_251, PASSED
test_bucket_create_naming_good_long_252, PASSED
test_bucket_create_naming_good_long_253, PASSED
test_bucket_create_naming_good_long_254, PASSED
test_bucket_create_naming_good_long_255, PASSED
test_bucket_list_long_name, PASSED
test_bucket_create_naming_bad_ip, ERROR, boto.exception.S3CreateError, S3CreateError: 409 Conflict
test_bucket_create_naming_bad_punctuation, PASSED
test_bucket_create_naming_dns_underscore, PASSED
test_bucket_create_naming_dns_long, PASSED
test_bucket_create_naming_dns_dash_at_end, PASSED
test_bucket_create_naming_dns_dot_dot, ERROR, boto.exception.S3ResponseError, S3ResponseError: 400 Bad Request
test_bucket_create_naming_dns_dot_dash, PASSED
test_bucket_create_naming_dns_dash_dot, PASSED
test_bucket_create_exists, PASSED
test_bucket_configure_recreate, PASSED
test_bucket_get_location, PASSED
test_bucket_create_exists_nonowner, FAILED, exceptions.AssertionError, u'BucketAlreadyOwnedByYou' != 'BucketAlreadyExists'
test_bucket_delete_nonowner, FAILED, exceptions.AssertionError, S3ResponseError not raised
test_bucket_acl_default, ERROR, exceptions.AttributeError, user_id
test_bucket_acl_canned_during_create, PASSED
test_bucket_acl_canned, FAILED, exceptions.AssertionError, 2 != 1
test_bucket_acl_canned_publicreadwrite, PASSED
test_bucket_acl_canned_authenticatedread, ERROR, boto.exception.S3ResponseError, S3ResponseError: 400 Bad Request
test_object_acl_default, PASSED
test_object_acl_canned_during_create, PASSED
test_object_acl_canned, PASSED
test_object_acl_canned_publicreadwrite, FAILED, exceptions.AssertionError, 2 != 3
test_object_acl_canned_authenticatedread, PASSED
test_object_acl_canned_bucketownerread, ERROR, boto.exception.S3ResponseError, S3ResponseError: 400 Bad Request
test_object_acl_canned_bucketownerfullcontrol, ERROR, boto.exception.S3ResponseError, S3ResponseError: 400 Bad Request
test_object_acl_full_control_verify_owner, ERROR, exceptions.AttributeError, user_id
test_object_acl_full_control_verify_attributes, ERROR, exceptions.AttributeError, user_id
test_bucket_acl_canned_private_to_private, PASSED
test_bucket_acl_xml_fullcontrol, ERROR, exceptions.AttributeError, user_id
test_bucket_acl_xml_write, ERROR, exceptions.AttributeError, user_id
test_bucket_acl_xml_writeacp, ERROR, exceptions.AttributeError, user_id
test_bucket_acl_xml_read, ERROR, exceptions.AttributeError, user_id
test_bucket_acl_xml_readacp, ERROR, exceptions.AttributeError, user_id
test_object_acl_xml, ERROR, exceptions.AttributeError, user_id
test_object_acl_xml_write, ERROR, exceptions.AttributeError, user_id
test_object_acl_xml_writeacp, ERROR, exceptions.AttributeError, user_id
test_object_acl_xml_read, ERROR, exceptions.AttributeError, user_id
test_object_acl_xml_readacp, ERROR, exceptions.AttributeError, user_id
test_bucket_acl_grant_userid_fullcontrol, ERROR, exceptions.AttributeError, user_id
test_bucket_acl_grant_userid_read, ERROR, exceptions.AttributeError, user_id
test_bucket_acl_grant_userid_readacp, ERROR, exceptions.AttributeError, user_id
test_bucket_acl_grant_userid_write, ERROR, exceptions.AttributeError, user_id
test_bucket_acl_grant_userid_writeacp, ERROR, exceptions.AttributeError, user_id
test_bucket_acl_grant_nonexist_user, PASSED
test_bucket_acl_no_grants, ERROR, boto.exception.S3ResponseError, S3ResponseError: 400 Bad Request
test_object_header_acl_grants, ERROR, exceptions.AttributeError, user_id
test_bucket_header_acl_grants, ERROR, exceptions.AttributeError, user_id
test_bucket_acl_grant_email, ERROR, boto.exception.S3ResponseError, S3ResponseError: 400 Bad Request
test_bucket_acl_grant_email_notexist, PASSED
test_bucket_acl_revoke_all, ERROR, boto.exception.S3ResponseError, S3ResponseError: 400 Bad Request
test_logging_toggle, ERROR, socket.timeout, timed out
test_access_bucket_private_object_private, FAILED, exceptions.AssertionError, S3ResponseError not raised
test_access_bucket_private_object_publicread, FAILED, exceptions.AssertionError, S3ResponseError not raised
test_access_bucket_private_object_publicreadwrite, FAILED, exceptions.AssertionError, S3ResponseError not raised
test_access_bucket_publicread_object_private, FAILED, exceptions.AssertionError, S3ResponseError not raised
test_access_bucket_publicread_object_publicread, FAILED, exceptions.AssertionError, S3ResponseError not raised
test_access_bucket_publicread_object_publicreadwrite, FAILED, exceptions.AssertionError, S3ResponseError not raised
test_access_bucket_publicreadwrite_object_private, FAILED, exceptions.AssertionError, S3ResponseError not raised
test_access_bucket_publicreadwrite_object_publicread, FAILED, exceptions.AssertionError, S3ResponseError not raised
test_access_bucket_publicreadwrite_object_publicreadwrite, FAILED, exceptions.AssertionError, S3ResponseError not raised
test_object_set_valid_acl, ERROR, exceptions.AttributeError, user_id
test_object_giveaway, ERROR, exceptions.AttributeError, user_id
test_buckets_create_then_list, PASSED
test_list_buckets_anonymous, FAILED, exceptions.AssertionError, 31 != 0
test_list_buckets_invalid_auth, FAILED, exceptions.AssertionError, u'AccessDenied' != 'InvalidAccessKeyId'
test_list_buckets_bad_auth, PASSED
test_bucket_create_naming_good_starts_alpha, PASSED
test_bucket_create_naming_good_starts_digit, PASSED
test_bucket_create_naming_good_contains_period, PASSED
test_bucket_create_naming_good_contains_hyphen, PASSED
test_bucket_recreate_not_overriding, ERROR, boto.exception.S3CreateError, S3CreateError: 409 Conflict
test_bucket_create_special_key_names, PASSED
test_bucket_list_special_prefix, PASSED
test_object_copy_zero_size, PASSED
test_object_copy_same_bucket, PASSED
test_object_copy_verify_contenttype, PASSED
test_object_copy_to_itself, PASSED
test_object_copy_to_itself_with_metadata, PASSED
test_object_copy_diff_bucket, PASSED
test_object_copy_not_owned_bucket, PASSED
test_object_copy_not_owned_object_bucket, ERROR, exceptions.AttributeError, user_id
test_object_copy_canned_acl, PASSED
test_object_copy_retaining_metadata, PASSED
test_object_copy_replacing_metadata, PASSED
test_object_copy_bucket_not_found, PASSED
test_object_copy_key_not_found, PASSED
test_object_copy_versioned_bucket, PASSED
test_object_copy_versioning_multipart_upload, PASSED
test_multipart_upload_empty, PASSED
test_multipart_upload_small, PASSED
test_multipart_copy_small, PASSED
test_multipart_upload, PASSED
test_multipart_copy_special_names, ERROR, boto.exception.S3ResponseError, S3ResponseError: 400 Bad Request
test_multipart_copy_versioned, PASSED
test_multipart_upload_resend_part, PASSED
test_multipart_upload_multiple_sizes, PASSED
test_multipart_copy_multiple_sizes, PASSED
test_multipart_upload_size_too_small, PASSED
test_multipart_upload_contents, PASSED
test_multipart_upload_overwrite_existing_object, PASSED
test_abort_multipart_upload, PASSED
test_abort_multipart_upload_not_found, PASSED
test_list_multipart_upload, PASSED
test_multipart_upload_missing_part, PASSED
test_multipart_upload_incorrect_etag, PASSED
test_100_continue, PASSED
test_bucket_acls_changes_persistent, ERROR, exceptions.AttributeError, user_id
test_stress_bucket_acls_changes, ERROR, exceptions.AttributeError, user_id
test_set_cors, PASSED
test_cors_origin_response, ERROR, exceptions.KeyError, 'access-control-allow-origin'
test_cors_origin_wildcard, ERROR, exceptions.KeyError, 'access-control-allow-origin'
test_atomic_read_1mb, PASSED
test_atomic_read_4mb, PASSED
test_atomic_read_8mb, PASSED
test_atomic_write_1mb, PASSED
test_atomic_write_4mb, PASSED
test_atomic_write_8mb, PASSED
test_atomic_dual_write_1mb, PASSED
test_atomic_dual_write_4mb, PASSED
test_atomic_dual_write_8mb, PASSED
test_atomic_conditional_write_1mb, PASSED
test_atomic_dual_conditional_write_1mb, PASSED
test_atomic_write_bucket_gone, PASSED
test_atomic_multipart_upload_write, PASSED
test_multipart_resend_first_finishes_last, PASSED
test_ranged_request_response_code, PASSED
test_ranged_request_skip_leading_bytes_response_code, PASSED
test_ranged_request_return_trailing_bytes_response_code, PASSED
test_ranged_request_invalid_range, PASSED
test_ranged_request_empty_object, PASSED
check_can_test_multiregion, PASSED
test_region_bucket_create_secondary_access_remove_master, PASSED
test_region_bucket_create_master_access_remove_secondary, PASSED
test_region_copy_object, PASSED
test_versioning_bucket_create_suspend, PASSED
test_versioning_obj_create_read_remove, PASSED
test_versioning_obj_create_read_remove_head, PASSED
test_versioning_obj_plain_null_version_removal, PASSED
test_versioning_obj_plain_null_version_overwrite, FAILED, exceptions.AssertionError, u'NoSuchVersion' != 'NoSuchKey'
test_versioning_obj_plain_null_version_overwrite_suspended, FAILED, exceptions.AssertionError, u'NoSuchVersion' != 'NoSuchKey'
test_versioning_obj_suspend_versions, PASSED
test_versioning_obj_suspend_versions_simple, PASSED
test_versioning_obj_create_versions_remove_all, PASSED
test_versioning_obj_create_versions_remove_special_names, PASSED
test_versioning_obj_create_overwrite_multipart, PASSED
test_versioning_obj_list_marker, PASSED
test_versioning_copy_obj_version, PASSED
test_versioning_multi_object_delete, PASSED
test_versioning_multi_object_delete_with_marker, PASSED
test_versioning_multi_object_delete_with_marker_create, FAILED, exceptions.AssertionError, 0 != 1
test_versioned_object_acl, PASSED
test_versioned_object_acl_no_version_specified, PASSED
test_versioned_concurrent_object_create_concurrent_remove, PASSED
test_versioned_concurrent_object_create_and_remove, PASSED
test_lifecycle_set, ERROR, boto.exception.S3ResponseError, S3ResponseError: 400 Bad Request
test_lifecycle_get, ERROR, boto.exception.S3ResponseError, S3ResponseError: 400 Bad Request
test_lifecycle_expiration, ERROR, boto.exception.S3ResponseError, S3ResponseError: 400 Bad Request
test_lifecycle_id_too_long, FAILED, exceptions.AssertionError, u'UnsupportedOperation' != 'InvalidArgument'
test_lifecycle_same_id, FAILED, exceptions.AssertionError, u'UnsupportedOperation' != 'InvalidArgument'
test_lifecycle_invalid_status, FAILED, exceptions.AssertionError, u'UnsupportedOperation' != 'MalformedXML'
test_lifecycle_rules_conflicted, FAILED, exceptions.AssertionError, u'UnsupportedOperation' != 'InvalidRequest'
test_lifecycle_set_date, FAILED, exceptions.AssertionError, 400 != 200
test_lifecycle_set_invalid_date, PASSED
test_lifecycle_expiration_date, FAILED, exceptions.AssertionError, 2 != 1
test_lifecycle_set_noncurrent, FAILED, exceptions.AssertionError, 400 != 200
test_lifecycle_noncur_expiration, FAILED, exceptions.AssertionError, 6 != 4
test_lifecycle_set_deletemarker, FAILED, exceptions.AssertionError, 400 != 200
test_lifecycle_deletemarker_expiration, FAILED, exceptions.AssertionError, 4 != 2
test_lifecycle_set_multipart, FAILED, exceptions.AssertionError, 400 != 200
test_lifecycle_multipart_expiration, FAILED, exceptions.AssertionError, 2 != 1
test_encrypted_transfer_1b, PASSED
test_encrypted_transfer_1kb, PASSED
test_encrypted_transfer_1MB, PASSED
test_encrypted_transfer_13b, PASSED
test_encryption_sse_c_method_head, FAILED, exceptions.AssertionError, 200 != 400
test_encryption_sse_c_present, ERROR, boto.exception.S3CreateError, S3CreateError: 409 Conflict
test_encryption_sse_c_other_key, FAILED, exceptions.AssertionError, S3ResponseError not raised
test_encryption_sse_c_invalid_md5, FAILED, exceptions.AssertionError, S3ResponseError not raised
test_encryption_sse_c_no_md5, FAILED, exceptions.AssertionError, S3ResponseError not raised
test_encryption_sse_c_no_key, FAILED, exceptions.AssertionError, S3ResponseError not raised
test_encryption_key_no_sse_c, PASSED
test_encryption_sse_c_multipart_upload, PASSED
test_encryption_sse_c_multipart_invalid_chunks_1, FAILED, exceptions.AssertionError, S3ResponseError not raised
test_encryption_sse_c_multipart_invalid_chunks_2, FAILED, exceptions.AssertionError, S3ResponseError not raised
test_encryption_sse_c_multipart_bad_download, FAILED, exceptions.AssertionError, S3ResponseError not raised
test_encryption_sse_c_post_object_authenticated_request, PASSED
test_sse_kms_transfer_1b, PASSED
test_sse_kms_transfer_1kb, ERROR, boto.exception.S3CreateError, S3CreateError: 409 Conflict
test_sse_kms_transfer_1MB, PASSED
test_sse_kms_transfer_13b, PASSED
test_sse_kms_method_head, FAILED, exceptions.AssertionError, None != 'aws:kms'
test_sse_kms_present, PASSED
test_sse_kms_other_key, PASSED
test_sse_kms_no_key, FAILED, exceptions.AssertionError, S3ResponseError not raised
test_sse_kms_not_declared, ERROR, boto.exception.S3CreateError, S3CreateError: 409 Conflict
test_sse_kms_multipart_upload, PASSED
test_sse_kms_multipart_invalid_chunks_1, PASSED
test_sse_kms_multipart_invalid_chunks_2, PASSED
test_sse_kms_post_object_authenticated_request, PASSED
test_sse_kms_barb_transfer_1b, PASSED
test_sse_kms_barb_transfer_1kb, PASSED
test_sse_kms_barb_transfer_1MB, PASSED
test_sse_kms_barb_transfer_13b, PASSED
test_bucket_policy, ERROR, boto.exception.S3ResponseError, S3ResponseError: 400 Bad Request
test_bucket_policy_acl, ERROR, boto.exception.S3ResponseError, S3ResponseError: 400 Bad Request
test_bucket_policy_different_tenant, ERROR, boto.exception.S3ResponseError, S3ResponseError: 400 Bad Request
test_bucket_policy_another_bucket, ERROR, boto.exception.S3ResponseError, S3ResponseError: 400 Bad Request
test_bucket_policy_set_condition_operator_end_with_IfExists, ERROR, boto.exception.S3ResponseError, S3ResponseError: 400 Bad Request
test_get_obj_tagging, FAILED, exceptions.AssertionError, [<boto.s3.tagging.Tag object at 0x4014c50>| <boto.s3.tagging.Tag object at 0x4014c90>] != []
test_get_obj_head_tagging, ERROR, exceptions.TypeError, int() argument must be a string or a number| not 'NoneType'
test_put_max_tags, FAILED, exceptions.AssertionError, [<boto.s3.tagging.Tag object at 0x401ca10>| <boto.s3.tagging.Tag object at 0x401ca50>| <boto.s3.tagging.Tag object at 0x401cb90>| <boto.s3.tagging.Tag object at 0x401c910>| <boto.s3.tagging.Tag object at 0x401cc10>| <boto.s3.tagging.Tag object at 0x401cad0>| <boto.s3.tagging.Tag object at 0x401cc50>| <boto.s3.tagging.Tag object at 0x401cbd0>| <boto.s3.tagging.Tag object at 0x401cc90>| <boto.s3.tagging.Tag object at 0x401cd10>] != []
test_put_excess_tags, FAILED, exceptions.AssertionError, 200 != 400
test_put_max_kvsize_tags, FAILED, exceptions.AssertionError, [<boto.s3.tagging.Tag object at 0x4028b90>| <boto.s3.tagging.Tag object at 0x4028b50>| <boto.s3.tagging.Tag object at 0x4028c90>| <boto.s3.tagging.Tag object at 0x40288d0>| <boto.s3.tagging.Tag object at 0x4028cd0>| <boto.s3.tagging.Tag object at 0x4028c50>| <boto.s3.tagging.Tag object at 0x4028d10>| <boto.s3.tagging.Tag object at 0x4028d50>| <boto.s3.tagging.Tag object at 0x4028d90>| <boto.s3.tagging.Tag object at 0x4028dd0>] != []
test_put_excess_key_tags, FAILED, exceptions.AssertionError, 200 != 400
test_put_excess_val_tags, FAILED, exceptions.AssertionError, 200 != 400
test_put_modify_tags, FAILED, exceptions.AssertionError, [<boto.s3.tagging.Tag object at 0x4038190>| <boto.s3.tagging.Tag object at 0x4038390>] != []
test_put_delete_tags, FAILED, exceptions.AssertionError, [<boto.s3.tagging.Tag object at 0x4038bd0>| <boto.s3.tagging.Tag object at 0x4038c10>] != []
test_post_object_tags_anonymous_request, ERROR, xml.etree.ElementTree.ParseError, syntax error: line 1| column 0
test_post_object_tags_authenticated_request, PASSED
test_put_obj_with_tags, ERROR, xml.etree.ElementTree.ParseError, syntax error: line 1| column 0
test_get_tags_acl_public, ERROR, boto.exception.S3ResponseError, S3ResponseError: 400 Bad Request
test_put_tags_acl_public, ERROR, boto.exception.S3ResponseError, S3ResponseError: 400 Bad Request
test_delete_tags_obj_public, ERROR, boto.exception.S3ResponseError, S3ResponseError: 400 Bad Request
runTest, ERROR, exceptions.TypeError, issubclass() arg 1 must be a class
runTest, ERROR, exceptions.TypeError, issubclass() arg 1 must be a class
runTest, ERROR, exceptions.TypeError, issubclass() arg 1 must be a class
runTest, ERROR, exceptions.TypeError, issubclass() arg 1 must be a class
runTest, ERROR, exceptions.TypeError, issubclass() arg 1 must be a class
runTest, ERROR, exceptions.TypeError, issubclass() arg 1 must be a class
runTest, ERROR, exceptions.TypeError, issubclass() arg 1 must be a class
runTest, ERROR, exceptions.TypeError, issubclass() arg 1 must be a class
runTest, ERROR, exceptions.TypeError, issubclass() arg 1 must be a class
runTest, ERROR, exceptions.TypeError, issubclass() arg 1 must be a class
runTest, ERROR, exceptions.TypeError, issubclass() arg 1 must be a class
runTest, ERROR, exceptions.TypeError, issubclass() arg 1 must be a class
runTest, ERROR, exceptions.TypeError, issubclass() arg 1 must be a class
runTest, ERROR, exceptions.TypeError, issubclass() arg 1 must be a class
runTest, ERROR, exceptions.TypeError, issubclass() arg 1 must be a class
runTest, ERROR, exceptions.TypeError, issubclass() arg 1 must be a class
runTest, ERROR, exceptions.TypeError, issubclass() arg 1 must be a class
runTest, ERROR, exceptions.TypeError, issubclass() arg 1 must be a class
runTest, ERROR, exceptions.TypeError, issubclass() arg 1 must be a class
runTest, ERROR, exceptions.TypeError, issubclass() arg 1 must be a class
runTest, ERROR, exceptions.TypeError, issubclass() arg 1 must be a class
runTest, ERROR, exceptions.TypeError, issubclass() arg 1 must be a class
runTest, ERROR, exceptions.TypeError, issubclass() arg 1 must be a class
runTest, ERROR, exceptions.TypeError, issubclass() arg 1 must be a class
runTest, ERROR, exceptions.TypeError, issubclass() arg 1 must be a class
runTest, ERROR, exceptions.TypeError, issubclass() arg 1 must be a class
runTest, ERROR, exceptions.TypeError, issubclass() arg 1 must be a class
runTest, ERROR, exceptions.TypeError, issubclass() arg 1 must be a class
test_generate, PASSED
test_load_graph, PASSED
test_descend_leaf_node, PASSED
test_descend_node, PASSED
test_descend_bad_node, PASSED
test_descend_nonexistant_child, PASSED
test_expand_random_printable, PASSED
test_expand_random_binary, PASSED
test_expand_random_printable_no_whitespace, PASSED
test_expand_random_binary_no_whitespace, PASSED
test_expand_random_no_args, PASSED
test_expand_random_no_charset, PASSED
test_expand_random_exact_length, PASSED
test_expand_random_bad_charset, PASSED
test_expand_random_missing_length, PASSED
test_assemble_decision, PASSED
test_expand_escape, PASSED
test_expand_indirect, PASSED
test_expand_indirect_double, PASSED
test_expand_recursive, PASSED
test_expand_recursive_mutual, PASSED
test_expand_recursive_not_too_eager, PASSED
test_make_choice_unweighted_with_space, PASSED
test_weighted_choices, PASSED
test_null_choices, PASSED
test_weighted_null_choices, PASSED
test_null_child, PASSED
test_weighted_set, PASSED
test_header_presence, PASSED
test_duplicate_header, PASSED
test_expand_headers, PASSED
runTest, ERROR, exceptions.ImportError, No module named test_realistic
runTest, ERROR, exceptions.ImportError, No module named test_realistic
runTest, ERROR, exceptions.ImportError, No module named test_realistic
runTest, ERROR, exceptions.ImportError, No module named test_realistic

Tests = 541: Passed = 315, Errors = 105, Failures = 66, Skip = 55
