<?xml version="1.0" encoding="UTF-8"?><testsuite name="nosetests" tests="69" errors="6" failures="5" skip="0"><testcase classname="s3tests.functional.test_headers" name="test_object_create_bad_contentlength_none" time="0.287"><system-out><![CDATA[reply: 'HTTP/1.1 411 Length Required\r\n'
header: x-amz-request-id: 622FB02E0ED02DE4
header: x-amz-id-2: LGTxu4f7WJH7jdBG9I/BKCwHv/hQjF46tbwsABb3ctHRhcAJlkkRImG2aLiX24pEFMwY6JUw9vw=
header: Content-Type: application/xml
header: Transfer-Encoding: chunked
header: Date: Fri, 21 Jun 2019 20:53:02 GMT
header: Connection: close
header: Server: AmazonS3
]]></system-out></testcase><testcase classname="s3tests.functional.test_headers" name="test_object_create_bad_authorization_empty" time="0.523"><system-out><![CDATA[reply: 'HTTP/1.1 403 Forbidden\r\n'
header: x-amz-request-id: B48EC7870259BB89
header: x-amz-id-2: 6TRZMPLHlgjxKeR2P0OQ5jiVhyyRGgHOFUXY9stH3Apc4z51LmHGg2GxrmjIuzexrW8Xubu3Fro=
header: Content-Type: application/xml
header: Transfer-Encoding: chunked
header: Date: Fri, 21 Jun 2019 20:53:02 GMT
header: Connection: close
header: Server: AmazonS3
]]></system-out></testcase><testcase classname="s3tests.functional.test_headers" name="test_object_create_date_and_amz_date" time="0.442"><system-out><![CDATA[reply: 'HTTP/1.1 100 Continue\r\n'
reply: 'HTTP/1.1 200 OK\r\n'
header: x-amz-id-2: mEvDas4iMjh3EAaUEKk3KAQnFgMYiBhlXaUL7nbAgK8+xuFWu8eXf65o7VIJvm4eq38HPjTJ7a8=
header: x-amz-request-id: 5137EC0B51126739
header: Date: Fri, 21 Jun 2019 20:53:05 GMT
header: ETag: "37b51d194a7513e45b56f6524f2d51f2"
header: Content-Length: 0
header: Server: AmazonS3
]]></system-out></testcase><testcase classname="s3tests.functional.test_headers" name="test_object_create_amz_date_and_no_date" time="0.322"><system-out><![CDATA[send: 'PUT /s3tests-henv606gq460v2mm8jmxp-4/ HTTP/1.1\r\nHost: s3.amazonaws.com\r\nAccept-Encoding: identity\r\nDate: Fri, 21 Jun 2019 20:53:05 GMT\r\nContent-Length: 0\r\nAuthorization: AWS AKIAXSJ4KSEHDD3MJKWU:r4sAWXvQ46tO1T0/Mf0tGRLGe9M=\r\nUser-Agent: Boto/2.49.0 Python/2.7.5 Linux/3.10.0-957.12.2.el7.x86_64\r\n\r\n'
reply: 'HTTP/1.1 200 OK\r\n'
header: x-amz-id-2: 7ovtXjSuwWW6GmjAANHN2KB50/qWemXZtflCAC0vTQaK0M4r1ajamELywqWa/RzOv2eU+B8Egis=
header: x-amz-request-id: 6E247F6B6E21A43B
header: Date: Fri, 21 Jun 2019 20:53:05 GMT
header: Location: /s3tests-henv606gq460v2mm8jmxp-4
header: Content-Length: 0
header: Server: AmazonS3
send: 'PUT /s3tests-henv606gq460v2mm8jmxp-4/foo HTTP/1.1\r\nHost: s3.amazonaws.com\r\nAccept-Encoding: identity\r\nContent-Length: 3\r\nExpect: 100-Continue\r\nX-Amz-Date: Fri, 21 Jun 2019 20:53:05 GMT\r\nUser-Agent: Boto/2.49.0 Python/2.7.5 Linux/3.10.0-957.12.2.el7.x86_64\r\nContent-Type: application/octet-stream\r\nAuthorization: AWS AKIAXSJ4KSEHDD3MJKWU:KR4mkxmCY7ENvHt7QYZnLMSXENc=\r\nContent-MD5: N7UdGUp1E+RbVvZSTy1R8g==\r\n\r\n'
reply: 'HTTP/1.1 100 Continue\r\n'
reply: 'HTTP/1.1 200 OK\r\n'
header: x-amz-id-2: 1CYuSMIJrYF+U7EsEuR0oI6jhEiq/kEgEoQdHaISzaleBeXP8uhh5b1ceKNavs0cGk8tEUW+mko=
header: x-amz-request-id: 34F5F1979340A47D
header: Date: Fri, 21 Jun 2019 20:53:05 GMT
header: ETag: "37b51d194a7513e45b56f6524f2d51f2"
header: Content-Length: 0
header: Server: AmazonS3
]]></system-out></testcase><testcase classname="s3tests.functional.test_headers" name="test_object_create_bad_authorization_none" time="0.293"><system-out><![CDATA[send: 'PUT /s3tests-henv606gq460v2mm8jmxp-5/ HTTP/1.1\r\nHost: s3.amazonaws.com\r\nAccept-Encoding: identity\r\nDate: Fri, 21 Jun 2019 20:53:06 GMT\r\nContent-Length: 0\r\nAuthorization: AWS AKIAXSJ4KSEHDD3MJKWU:0N7Fb/JiPuiQGjJHr9xEyn+hars=\r\nUser-Agent: Boto/2.49.0 Python/2.7.5 Linux/3.10.0-957.12.2.el7.x86_64\r\n\r\n'
reply: 'HTTP/1.1 200 OK\r\n'
header: x-amz-id-2: /FPPi280FLOhsbx1pB5GxUygoACPifx6qQquZtm/dnlcwkOM/WTW529UvrOoCKsA8PcjYNEVylY=
header: x-amz-request-id: AE7D56A6E8FDF04C
header: Date: Fri, 21 Jun 2019 20:53:05 GMT
header: Location: /s3tests-henv606gq460v2mm8jmxp-5
header: Content-Length: 0
header: Server: AmazonS3
send: 'PUT /s3tests-henv606gq460v2mm8jmxp-5/foo HTTP/1.1\r\nHost: s3.amazonaws.com\r\nAccept-Encoding: identity\r\nContent-Length: 3\r\nContent-MD5: N7UdGUp1E+RbVvZSTy1R8g==\r\nExpect: 100-Continue\r\nDate: Fri, 21 Jun 2019 20:53:06 GMT\r\nUser-Agent: Boto/2.49.0 Python/2.7.5 Linux/3.10.0-957.12.2.el7.x86_64\r\nContent-Type: application/octet-stream\r\n\r\n'
reply: 'HTTP/1.1 403 Forbidden\r\n'
header: x-amz-request-id: EFF7CEEEEA7AC5E0
header: x-amz-id-2: cLwaGhQ/K0Tqh0YgBXvEyQ2xcEuO6FC0eP46WwYpdH78YnVJwkpfDouP4fALPKCSjxFX91lDSzM=
header: Content-Type: application/xml
header: Transfer-Encoding: chunked
header: Date: Fri, 21 Jun 2019 20:53:04 GMT
header: Connection: close
header: Server: AmazonS3
]]></system-out></testcase><testcase classname="s3tests.functional.test_headers" name="test_bucket_create_contentlength_none" time="0.391"></testcase><testcase classname="s3tests.functional.test_headers" name="test_object_acl_create_contentlength_none" time="0.382"><system-out><![CDATA[reply: 'HTTP/1.1 100 Continue\r\n'
reply: 'HTTP/1.1 200 OK\r\n'
header: x-amz-id-2: x4eqacwFiZXtenzdY//Kx394jM/tgNSwBagpIiwcGUVAlN9PaUzWQM2dXskuk2IvVv89JaVZVYc=
header: x-amz-request-id: FB783FBBF1E0CEE2
header: Date: Fri, 21 Jun 2019 20:53:06 GMT
header: ETag: "6f1ed002ab5595859014ebf0951522d9"
header: Content-Length: 0
header: Server: AmazonS3
send: 'PUT /s3tests-henv606gq460v2mm8jmxp-7/foo?acl HTTP/1.1\r\nHost: s3.amazonaws.com\r\nAccept-Encoding: identity\r\nContent-Length: 0\r\nDate: Fri, 21 Jun 2019 20:53:07 GMT\r\nx-amz-acl: public-read\r\nAuthorization: AWS AKIAXSJ4KSEHDD3MJKWU:sBnE3QjFQqgN7hNYRKxBM2gIPog=\r\nUser-Agent: Boto/2.49.0 Python/2.7.5 Linux/3.10.0-957.12.2.el7.x86_64\r\n\r\n'
reply: 'HTTP/1.1 200 OK\r\n'
header: x-amz-id-2: k77/uzMQfSJDaQ4j1L4eoKE7DGhN9m44b0RUS6HEqs5EVZ58BZ6sBjQ0/xodeyzC504seVFe7bw=
header: x-amz-request-id: 6FAECC7A19CE7081
header: Date: Fri, 21 Jun 2019 20:53:06 GMT
header: Content-Length: 0
header: Server: AmazonS3
]]></system-out></testcase><testcase classname="s3tests.functional.test_headers" name="test_bucket_create_bad_contentlength_empty" time="0.174"></testcase><testcase classname="s3tests.functional.test_headers" name="test_bucket_create_bad_contentlength_none" time="0.243"><system-out><![CDATA[send: 'PUT /s3tests-henv606gq460v2mm8jmxp-9/ HTTP/1.1\r\nHost: s3.amazonaws.com\r\nAccept-Encoding: identity\r\nContent-Length: 0\r\nDate: Fri, 21 Jun 2019 20:53:07 GMT\r\nAuthorization: AWS AKIAXSJ4KSEHDD3MJKWU:9SOzfURmRxsVazpo5pd8T81x2PM=\r\nUser-Agent: Boto/2.49.0 Python/2.7.5 Linux/3.10.0-957.12.2.el7.x86_64\r\n\r\n'
reply: 'HTTP/1.1 200 OK\r\n'
header: x-amz-id-2: 4agT7mJefDLUx32Juvpr01n5iEUKgSb4qLOud37PpNR0Do8vrySjbJ16Fm/jemUoItzlLd0soaU=
header: x-amz-request-id: C12A8F0E3868D149
header: Date: Fri, 21 Jun 2019 20:53:06 GMT
header: Location: /s3tests-henv606gq460v2mm8jmxp-9
header: Content-Length: 0
header: Server: AmazonS3
]]></system-out></testcase><testcase classname="s3tests.functional.test_headers" name="test_bucket_create_bad_authorization_empty" time="0.074"><system-out><![CDATA[send: 'PUT /s3tests-henv606gq460v2mm8jmxp-10/ HTTP/1.1\r\nHost: s3.amazonaws.com\r\nAccept-Encoding: identity\r\nDate: Fri, 21 Jun 2019 20:53:07 GMT\r\nContent-Length: 0\r\nAuthorization: \r\nUser-Agent: Boto/2.49.0 Python/2.7.5 Linux/3.10.0-957.12.2.el7.x86_64\r\n\r\n'
reply: 'HTTP/1.1 403 Forbidden\r\n'
header: x-amz-request-id: 6EE2112F85A6BD91
header: x-amz-id-2: 1GSZ2SsL7IJD1YHMxaZ+w74pit3qZ33gezgA9ADVDHAm14RDZkXSl9WMF60zTogljwdacKYAcPQ=
header: Content-Type: application/xml
header: Transfer-Encoding: chunked
header: Date: Fri, 21 Jun 2019 20:53:05 GMT
header: Server: AmazonS3
]]></system-out></testcase><testcase classname="s3tests.functional.test_headers" name="test_bucket_create_bad_authorization_none" time="0.110"><system-out><![CDATA[send: 'PUT /s3tests-henv606gq460v2mm8jmxp-11/ HTTP/1.1\r\nHost: s3.amazonaws.com\r\nAccept-Encoding: identity\r\nDate: Fri, 21 Jun 2019 20:53:07 GMT\r\nContent-Length: 0\r\nUser-Agent: Boto/2.49.0 Python/2.7.5 Linux/3.10.0-957.12.2.el7.x86_64\r\n\r\n'
reply: 'HTTP/1.1 403 Forbidden\r\n'
header: x-amz-request-id: D4FAA1935E31C643
header: x-amz-id-2: VKSlViq3Bhlay7RLEuYY5hG1pahsJ5S6zLv+Wg5bW6sd0Eblc6yzZb6IMJGYAnLA8nRy0AHgPtY=
header: Content-Type: application/xml
header: Transfer-Encoding: chunked
header: Date: Fri, 21 Jun 2019 20:53:05 GMT
header: Server: AmazonS3
]]></system-out></testcase><testcase classname="s3tests.functional.test_headers" name="test_object_create_bad_contentlength_mismatch_below_aws2" time="0.312"><system-out><![CDATA[send: 'PUT /s3tests-henv606gq460v2mm8jmxp-12/ HTTP/1.1\r\nHost: s3.amazonaws.com\r\nAccept-Encoding: identity\r\nDate: Fri, 21 Jun 2019 20:53:07 GMT\r\nContent-Length: 0\r\nAuthorization: AWS AKIAXSJ4KSEHDD3MJKWU:tQ5b1jKlHiX/4nMAHyFQdK2o5u8=\r\nUser-Agent: Boto/2.49.0 Python/2.7.5 Linux/3.10.0-957.12.2.el7.x86_64\r\n\r\n'
reply: 'HTTP/1.1 200 OK\r\n'
header: x-amz-id-2: GkBMCQkfzq5sg06sg58xY+yxYhPo03z/qd7sUKDTu+pch97zudQnVXUtQFmQ1KsOm6LFttZ7o5A=
header: x-amz-request-id: C6CB33CECBB3440D
header: Date: Fri, 21 Jun 2019 20:53:07 GMT
header: Location: /s3tests-henv606gq460v2mm8jmxp-12
header: Content-Length: 0
header: Server: AmazonS3
send: 'PUT /s3tests-henv606gq460v2mm8jmxp-12/foo HTTP/1.1\r\nHost: s3.amazonaws.com\r\nAccept-Encoding: identity\r\nContent-Length: 2\r\nExpect: 100-Continue\r\nDate: Fri, 21 Jun 2019 20:53:08 GMT\r\nUser-Agent: Boto/2.49.0 Python/2.7.5 Linux/3.10.0-957.12.2.el7.x86_64\r\nContent-Type: application/octet-stream\r\nAuthorization: AWS AKIAXSJ4KSEHDD3MJKWU:ltikSEq5MglMJv9Wr99l4umv4Eo=\r\nContent-MD5: N7UdGUp1E+RbVvZSTy1R8g==\r\n\r\n'
reply: 'HTTP/1.1 100 Continue\r\n'
reply: 'HTTP/1.1 400 Bad Request\r\n'
header: x-amz-request-id: 0745FAAEAD81086B
header: x-amz-id-2: 82C+nj5VNXGAJ6MZcEhdKO9HaWN2R0ahatjlw6q3RQ4pNWJYO36+dUEFPRdFZazp6YiiB+Pa6Dc=
header: Content-Type: application/xml
header: Transfer-Encoding: chunked
header: Date: Fri, 21 Jun 2019 20:53:06 GMT
header: Connection: close
header: Server: AmazonS3
]]></system-out></testcase><testcase classname="s3tests.functional.test_headers" name="test_object_create_bad_authorization_incorrect_aws2" time="0.437"><system-out><![CDATA[reply: 'HTTP/1.1 403 Forbidden\r\n'
header: x-amz-request-id: 8B0D51FD63F299CB
header: x-amz-id-2: rnb4Ttz3wrKCengtbwwCl9kBfMRlP8e217JMHGvOC7EPbrfnctT0xN1ea02k8RrunChdxIUFyAQ=
header: Content-Type: application/xml
header: Transfer-Encoding: chunked
header: Date: Fri, 21 Jun 2019 20:53:05 GMT
header: Connection: close
header: Server: AmazonS3
]]></system-out></testcase><testcase classname="s3tests.functional.test_headers" name="test_object_create_bad_authorization_invalid_aws2" time="0.409"><system-out><![CDATA[reply: 'HTTP/1.1 400 Bad Request\r\n'
header: x-amz-request-id: AF5F15B5FF261B28
header: x-amz-id-2: kXf38tmnNTJL07otRVmBS0ON4eIb+N2k0c/0edqneCanjOcAP2yb2QMj079pbnK2e6bhiRHv1gE=
header: Content-Type: application/xml
header: Transfer-Encoding: chunked
header: Date: Fri, 21 Jun 2019 20:53:06 GMT
header: Connection: close
header: Server: AmazonS3
]]></system-out></testcase><testcase classname="s3tests.functional.test_headers" name="test_object_create_bad_date_none_aws2" time="0.385"><system-out><![CDATA[reply: 'HTTP/1.1 403 Forbidden\r\n'
header: x-amz-request-id: 5135634417F87B0D
header: x-amz-id-2: zm1scVVapyVl9oc8TzJErwPGgQAwYHWOHaRKDDavqm0yf/OkWNQg8FtnEptM3eylBlIQfZVP7Qs=
header: Content-Type: application/xml
header: Transfer-Encoding: chunked
header: Date: Fri, 21 Jun 2019 20:53:07 GMT
header: Connection: close
header: Server: AmazonS3
]]></system-out></testcase><testcase classname="s3tests.functional.test_headers" name="test_bucket_create_bad_authorization_invalid_aws2" time="0.178"></testcase><testcase classname="s3tests.functional.test_headers" name="test_bucket_create_bad_date_none_aws2" time="0.214"></testcase><testcase classname="s3tests.functional.test_s3" name="test_bucket_create_naming_bad_punctuation" time="0.042"></testcase><testcase classname="s3tests.functional.test_s3" name="test_versioning_obj_read_not_exist_null" time="5.922"><failure type="exceptions.AssertionError" message="'Enabled' != None&#10;-------------------- &gt;&gt; begin captured logging &lt;&lt; --------------------&#10;boto: DEBUG: path=/s3tests-henv606gq460v2mm8jmxp-18/&#10;boto: DEBUG: auth_path=/s3tests-henv606gq460v2mm8jmxp-18/&#10;boto: DEBUG: Method: PUT&#10;boto: DEBUG: Path: /s3tests-henv606gq460v2mm8jmxp-18/&#10;boto: DEBUG: Data: &#10;boto: DEBUG: Headers: {}&#10;boto: DEBUG: Host: s3.amazonaws.com&#10;boto: DEBUG: Port: 443&#10;boto: DEBUG: Params: {}&#10;boto: DEBUG: establishing HTTPS connection: host=s3.amazonaws.com, kwargs={'port': 443, 'timeout': 100}&#10;boto: DEBUG: Token: None&#10;boto: DEBUG: StringToSign:&#10;PUT&#10;&#10;&#10;Fri, 21 Jun 2019 20:53:09 GMT&#10;/s3tests-henv606gq460v2mm8jmxp-18/&#10;boto: DEBUG: Signature:&#10;AWS AKIAXSJ4KSEHDD3MJKWU:8A2EKi1u01S31leDqBt7musZ8A4=&#10;boto: DEBUG: Final headers: {'Date': 'Fri, 21 Jun 2019 20:53:09 GMT', 'Content-Length': '0', 'Authorization': u'AWS AKIAXSJ4KSEHDD3MJKWU:8A2EKi1u01S31leDqBt7musZ8A4=', 'User-Agent': 'Boto/2.49.0 Python/2.7.5 Linux/3.10.0-957.12.2.el7.x86_64'}&#10;boto: DEBUG: wrapping ssl socket; CA certificate file=/root/s3-tests/virtualenv/lib/python2.7/site-packages/boto/cacerts/cacerts.txt&#10;boto: DEBUG: validating server certificate: hostname=s3.amazonaws.com, certificate hosts=['s3.amazonaws.com', '*.s3.amazonaws.com', '*.s3.dualstack.us-east-1.amazonaws.com', 's3.dualstack.us-east-1.amazonaws.com', '*.s3.us-east-1.amazonaws.com', 's3.us-east-1.amazonaws.com', '*.s3-control.us-east-1.amazonaws.com', 's3-control.us-east-1.amazonaws.com', '*.s3-control.dualstack.us-east-1.amazonaws.com', 's3-control.dualstack.us-east-1.amazonaws.com']&#10;boto: DEBUG: Response headers: [('content-length', '0'), ('x-amz-id-2', 'Ddgo3GU4DV0oF5BDfuwdfmrvfkvwlR01jhAVxSa1Zbt5n5k0s81QofEUbdu2z/UkolE0VPmgObk='), ('server', 'AmazonS3'), ('x-amz-request-id', '58F65F24F6B51B86'), ('location', '/s3tests-henv606gq460v2mm8jmxp-18'), ('date', 'Fri, 21 Jun 2019 20:53:09 GMT')]&#10;boto: DEBUG: path=/s3tests-henv606gq460v2mm8jmxp-18/&#10;boto: DEBUG: auth_path=/s3tests-henv606gq460v2mm8jmxp-18/&#10;boto: DEBUG: path=/s3tests-henv606gq460v2mm8jmxp-18/?versioning&#10;boto: DEBUG: auth_path=/s3tests-henv606gq460v2mm8jmxp-18/?versioning&#10;boto: DEBUG: Method: GET&#10;boto: DEBUG: Path: /s3tests-henv606gq460v2mm8jmxp-18/?versioning&#10;boto: DEBUG: Data: &#10;boto: DEBUG: Headers: {}&#10;boto: DEBUG: Host: s3.amazonaws.com&#10;boto: DEBUG: Port: 443&#10;boto: DEBUG: Params: {}&#10;boto: DEBUG: Token: None&#10;boto: DEBUG: StringToSign:&#10;GET&#10;&#10;&#10;Fri, 21 Jun 2019 20:53:10 GMT&#10;/s3tests-henv606gq460v2mm8jmxp-18/?versioning&#10;boto: DEBUG: Signature:&#10;AWS AKIAXSJ4KSEHDD3MJKWU:/gPTMddRNl4jf+gLsXZJn0BXaM8=&#10;boto: DEBUG: Final headers: {'Date': 'Fri, 21 Jun 2019 20:53:10 GMT', 'Content-Length': '0', 'Authorization': u'AWS AKIAXSJ4KSEHDD3MJKWU:/gPTMddRNl4jf+gLsXZJn0BXaM8=', 'User-Agent': 'Boto/2.49.0 Python/2.7.5 Linux/3.10.0-957.12.2.el7.x86_64'}&#10;boto: DEBUG: Response headers: [('x-amz-id-2', 'ae8/n0GLlVzSwDpn4/ZqthyVEBQY45dCQsPvro7KE7LrChr65pSPHprslvadMUx+zXVNIiruJ5g='), ('date', 'Fri, 21 Jun 2019 20:53:09 GMT'), ('transfer-encoding', 'chunked'), ('x-amz-request-id', '67D6BB15E35DC6B4'), ('server', 'AmazonS3')]&#10;boto: DEBUG: &lt;?xml version=&quot;1.0&quot; encoding=&quot;UTF-8&quot;?&gt;&#10;&lt;VersioningConfiguration xmlns=&quot;http://s3.amazonaws.com/doc/2006-03-01/&quot;/&gt;&#10;boto: DEBUG: path=/s3tests-henv606gq460v2mm8jmxp-18/&#10;boto: DEBUG: auth_path=/s3tests-henv606gq460v2mm8jmxp-18/&#10;boto: DEBUG: path=/s3tests-henv606gq460v2mm8jmxp-18/?versioning&#10;boto: DEBUG: auth_path=/s3tests-henv606gq460v2mm8jmxp-18/?versioning&#10;boto: DEBUG: Method: PUT&#10;boto: DEBUG: Path: /s3tests-henv606gq460v2mm8jmxp-18/?versioning&#10;boto: DEBUG: Data: &lt;?xml version=&quot;1.0&quot; encoding=&quot;UTF-8&quot;?&gt;&#10;       &lt;VersioningConfiguration xmlns=&quot;http://s3.amazonaws.com/doc/2006-03-01/&quot;&gt;&#10;         &lt;Status&gt;Enabled&lt;/Status&gt;&#10;         &lt;MfaDelete&gt;Disabled&lt;/MfaDelete&gt;&#10;       &lt;/VersioningConfiguration&gt;&#10;boto: DEBUG: Headers: {}&#10;boto: DEBUG: Host: s3.amazonaws.com&#10;boto: DEBUG: Port: 443&#10;boto: DEBUG: Params: {}&#10;boto: DEBUG: Token: None&#10;boto: DEBUG: StringToSign:&#10;PUT&#10;&#10;&#10;Fri, 21 Jun 2019 20:53:10 GMT&#10;/s3tests-henv606gq460v2mm8jmxp-18/?versioning&#10;boto: DEBUG: Signature:&#10;AWS AKIAXSJ4KSEHDD3MJKWU:cfbjlOmfT8d4w0kL/hbcbiE6hNs=&#10;boto: DEBUG: Final headers: {'Date': 'Fri, 21 Jun 2019 20:53:10 GMT', 'Content-Length': '228', 'Authorization': u'AWS AKIAXSJ4KSEHDD3MJKWU:cfbjlOmfT8d4w0kL/hbcbiE6hNs=', 'User-Agent': 'Boto/2.49.0 Python/2.7.5 Linux/3.10.0-957.12.2.el7.x86_64'}&#10;boto: DEBUG: Response headers: [('x-amz-id-2', 'Nw87BOLebefIMjoW2eZMb1bneyKI98HbaDbQMkG2S5w8/2pnmqAWldvgQi6ja8QBWy1BUfvYWv0='), ('date', 'Fri, 21 Jun 2019 20:53:09 GMT'), ('content-length', '0'), ('x-amz-request-id', '4BB10588B97367BB'), ('server', 'AmazonS3')]&#10;boto: DEBUG: path=/s3tests-henv606gq460v2mm8jmxp-18/&#10;boto: DEBUG: auth_path=/s3tests-henv606gq460v2mm8jmxp-18/&#10;boto: DEBUG: path=/s3tests-henv606gq460v2mm8jmxp-18/?versioning&#10;boto: DEBUG: auth_path=/s3tests-henv606gq460v2mm8jmxp-18/?versioning&#10;boto: DEBUG: Method: GET&#10;boto: DEBUG: Path: /s3tests-henv606gq460v2mm8jmxp-18/?versioning&#10;boto: DEBUG: Data: &#10;boto: DEBUG: Headers: {}&#10;boto: DEBUG: Host: s3.amazonaws.com&#10;boto: DEBUG: Port: 443&#10;boto: DEBUG: Params: {}&#10;boto: DEBUG: Token: None&#10;boto: DEBUG: StringToSign:&#10;GET&#10;&#10;&#10;Fri, 21 Jun 2019 20:53:10 GMT&#10;/s3tests-henv606gq460v2mm8jmxp-18/?versioning&#10;boto: DEBUG: Signature:&#10;AWS AKIAXSJ4KSEHDD3MJKWU:/gPTMddRNl4jf+gLsXZJn0BXaM8=&#10;boto: DEBUG: Final headers: {'Date': 'Fri, 21 Jun 2019 20:53:10 GMT', 'Content-Length': '0', 'Authorization': u'AWS AKIAXSJ4KSEHDD3MJKWU:/gPTMddRNl4jf+gLsXZJn0BXaM8=', 'User-Agent': 'Boto/2.49.0 Python/2.7.5 Linux/3.10.0-957.12.2.el7.x86_64'}&#10;boto: DEBUG: Response headers: [('x-amz-id-2', 'r8sgzRNzjfBkdy/DbL4u6g6jeXpbOk6u4HCB7QaWEtnwCm4QZWdH6K2vqlbqGfeCqXFkSSAJbq0='), ('date', 'Fri, 21 Jun 2019 20:53:09 GMT'), ('transfer-encoding', 'chunked'), ('x-amz-request-id', '71100C4F588503E0'), ('server', 'AmazonS3')]&#10;boto: DEBUG: &lt;?xml version=&quot;1.0&quot; encoding=&quot;UTF-8&quot;?&gt;&#10;&lt;VersioningConfiguration xmlns=&quot;http://s3.amazonaws.com/doc/2006-03-01/&quot;/&gt;&#10;boto: DEBUG: path=/s3tests-henv606gq460v2mm8jmxp-18/&#10;boto: DEBUG: auth_path=/s3tests-henv606gq460v2mm8jmxp-18/&#10;boto: DEBUG: path=/s3tests-henv606gq460v2mm8jmxp-18/?versioning&#10;boto: DEBUG: auth_path=/s3tests-henv606gq460v2mm8jmxp-18/?versioning&#10;boto: DEBUG: Method: GET&#10;boto: DEBUG: Path: /s3tests-henv606gq460v2mm8jmxp-18/?versioning&#10;boto: DEBUG: Data: &#10;boto: DEBUG: Headers: {}&#10;boto: DEBUG: Host: s3.amazonaws.com&#10;boto: DEBUG: Port: 443&#10;boto: DEBUG: Params: {}&#10;boto: DEBUG: Token: None&#10;boto: DEBUG: StringToSign:&#10;GET&#10;&#10;&#10;Fri, 21 Jun 2019 20:53:11 GMT&#10;/s3tests-henv606gq460v2mm8jmxp-18/?versioning&#10;boto: DEBUG: Signature:&#10;AWS AKIAXSJ4KSEHDD3MJKWU:c89gYhxbl+97rnSBrZ2WnokwU60=&#10;boto: DEBUG: Final headers: {'Date': 'Fri, 21 Jun 2019 20:53:11 GMT', 'Content-Length': '0', 'Authorization': u'AWS AKIAXSJ4KSEHDD3MJKWU:c89gYhxbl+97rnSBrZ2WnokwU60=', 'User-Agent': 'Boto/2.49.0 Python/2.7.5 Linux/3.10.0-957.12.2.el7.x86_64'}&#10;boto: DEBUG: Response headers: [('x-amz-id-2', '4h/DU3TYtCg/LLnwLH+KP2OChKuu07twjZcXvHaeVrReBqC9kb7OA0gM3Fm6XZEPctQuYjKc8E8='), ('date', 'Fri, 21 Jun 2019 20:53:10 GMT'), ('transfer-encoding', 'chunked'), ('x-amz-request-id', '30174719E5CBCD4B'), ('server', 'AmazonS3')]&#10;boto: DEBUG: &lt;?xml version=&quot;1.0&quot; encoding=&quot;UTF-8&quot;?&gt;&#10;&lt;VersioningConfiguration xmlns=&quot;http://s3.amazonaws.com/doc/2006-03-01/&quot;/&gt;&#10;boto: DEBUG: path=/s3tests-henv606gq460v2mm8jmxp-18/&#10;boto: DEBUG: auth_path=/s3tests-henv606gq460v2mm8jmxp-18/&#10;boto: DEBUG: path=/s3tests-henv606gq460v2mm8jmxp-18/?versioning&#10;boto: DEBUG: auth_path=/s3tests-henv606gq460v2mm8jmxp-18/?versioning&#10;boto: DEBUG: Method: GET&#10;boto: DEBUG: Path: /s3tests-henv606gq460v2mm8jmxp-18/?versioning&#10;boto: DEBUG: Data: &#10;boto: DEBUG: Headers: {}&#10;boto: DEBUG: Host: s3.amazonaws.com&#10;boto: DEBUG: Port: 443&#10;boto: DEBUG: Params: {}&#10;boto: DEBUG: Token: None&#10;boto: DEBUG: StringToSign:&#10;GET&#10;&#10;&#10;Fri, 21 Jun 2019 20:53:12 GMT&#10;/s3tests-henv606gq460v2mm8jmxp-18/?versioning&#10;boto: DEBUG: Signature:&#10;AWS AKIAXSJ4KSEHDD3MJKWU:trb3/oMbt5Ap5usdgnjKQ/UBVnI=&#10;boto: DEBUG: Final headers: {'Date': 'Fri, 21 Jun 2019 20:53:12 GMT', 'Content-Length': '0', 'Authorization': u'AWS AKIAXSJ4KSEHDD3MJKWU:trb3/oMbt5Ap5usdgnjKQ/UBVnI=', 'User-Agent': 'Boto/2.49.0 Python/2.7.5 Linux/3.10.0-957.12.2.el7.x86_64'}&#10;boto: DEBUG: Response headers: [('x-amz-id-2', '6Ij5G806jyvJu/93M75dTMlQq77wJBmUKgWT3+Rs/MtKvT2J//SXSmY5QTvZSGzduG9H7GNKsAI='), ('date', 'Fri, 21 Jun 2019 20:53:11 GMT'), ('transfer-encoding', 'chunked'), ('x-amz-request-id', '64A741110A500D63'), ('server', 'AmazonS3')]&#10;boto: DEBUG: &lt;?xml version=&quot;1.0&quot; encoding=&quot;UTF-8&quot;?&gt;&#10;&lt;VersioningConfiguration xmlns=&quot;http://s3.amazonaws.com/doc/2006-03-01/&quot;/&gt;&#10;boto: DEBUG: path=/s3tests-henv606gq460v2mm8jmxp-18/&#10;boto: DEBUG: auth_path=/s3tests-henv606gq460v2mm8jmxp-18/&#10;boto: DEBUG: path=/s3tests-henv606gq460v2mm8jmxp-18/?versioning&#10;boto: DEBUG: auth_path=/s3tests-henv606gq460v2mm8jmxp-18/?versioning&#10;boto: DEBUG: Method: GET&#10;boto: DEBUG: Path: /s3tests-henv606gq460v2mm8jmxp-18/?versioning&#10;boto: DEBUG: Data: &#10;boto: DEBUG: Headers: {}&#10;boto: DEBUG: Host: s3.amazonaws.com&#10;boto: DEBUG: Port: 443&#10;boto: DEBUG: Params: {}&#10;boto: DEBUG: Token: None&#10;boto: DEBUG: StringToSign:&#10;GET&#10;&#10;&#10;Fri, 21 Jun 2019 20:53:13 GMT&#10;/s3tests-henv606gq460v2mm8jmxp-18/?versioning&#10;boto: DEBUG: Signature:&#10;AWS AKIAXSJ4KSEHDD3MJKWU:7s2sjyFoKFlpsEwLf0q4zID7kPI=&#10;boto: DEBUG: Final headers: {'Date': 'Fri, 21 Jun 2019 20:53:13 GMT', 'Content-Length': '0', 'Authorization': u'AWS AKIAXSJ4KSEHDD3MJKWU:7s2sjyFoKFlpsEwLf0q4zID7kPI=', 'User-Agent': 'Boto/2.49.0 Python/2.7.5 Linux/3.10.0-957.12.2.el7.x86_64'}&#10;boto: DEBUG: Response headers: [('x-amz-id-2', 'v87RceVNsgb8njQHCKrxroQmx1SsvWGs+xlyEn7a4a8Eh7+SwBrY8cY3IjjIMQdFNStgWhTQrHY='), ('date', 'Fri, 21 Jun 2019 20:53:12 GMT'), ('transfer-encoding', 'chunked'), ('x-amz-request-id', 'EF0A3FDF6FA3A66E'), ('server', 'AmazonS3')]&#10;boto: DEBUG: &lt;?xml version=&quot;1.0&quot; encoding=&quot;UTF-8&quot;?&gt;&#10;&lt;VersioningConfiguration xmlns=&quot;http://s3.amazonaws.com/doc/2006-03-01/&quot;/&gt;&#10;boto: DEBUG: path=/s3tests-henv606gq460v2mm8jmxp-18/&#10;boto: DEBUG: auth_path=/s3tests-henv606gq460v2mm8jmxp-18/&#10;boto: DEBUG: path=/s3tests-henv606gq460v2mm8jmxp-18/?versioning&#10;boto: DEBUG: auth_path=/s3tests-henv606gq460v2mm8jmxp-18/?versioning&#10;boto: DEBUG: Method: GET&#10;boto: DEBUG: Path: /s3tests-henv606gq460v2mm8jmxp-18/?versioning&#10;boto: DEBUG: Data: &#10;boto: DEBUG: Headers: {}&#10;boto: DEBUG: Host: s3.amazonaws.com&#10;boto: DEBUG: Port: 443&#10;boto: DEBUG: Params: {}&#10;boto: DEBUG: Token: None&#10;boto: DEBUG: StringToSign:&#10;GET&#10;&#10;&#10;Fri, 21 Jun 2019 20:53:14 GMT&#10;/s3tests-henv606gq460v2mm8jmxp-18/?versioning&#10;boto: DEBUG: Signature:&#10;AWS AKIAXSJ4KSEHDD3MJKWU:KxgQvpE8w5Xerq/jqSJj7gE6ccM=&#10;boto: DEBUG: Final headers: {'Date': 'Fri, 21 Jun 2019 20:53:14 GMT', 'Content-Length': '0', 'Authorization': u'AWS AKIAXSJ4KSEHDD3MJKWU:KxgQvpE8w5Xerq/jqSJj7gE6ccM=', 'User-Agent': 'Boto/2.49.0 Python/2.7.5 Linux/3.10.0-957.12.2.el7.x86_64'}&#10;boto: DEBUG: Response headers: [('x-amz-id-2', 'bea+DQJi1k2iHENg6jzKdJZdGeyNDPKweyHHrtQpl9Vt5k/qMeluviaB3b4YhBjBPbjYCAs4Ssk='), ('date', 'Fri, 21 Jun 2019 20:53:14 GMT'), ('transfer-encoding', 'chunked'), ('x-amz-request-id', 'E805DD210A70366D'), ('server', 'AmazonS3')]&#10;boto: DEBUG: &lt;?xml version=&quot;1.0&quot; encoding=&quot;UTF-8&quot;?&gt;&#10;&lt;VersioningConfiguration xmlns=&quot;http://s3.amazonaws.com/doc/2006-03-01/&quot;/&gt;&#10;--------------------- &gt;&gt; end captured logging &lt;&lt; ---------------------"><![CDATA[  File "/usr/lib64/python2.7/unittest/case.py", line 369, in run
    testMethod()
  File "/root/s3-tests/virtualenv/lib/python2.7/site-packages/nose/case.py", line 197, in runTest
    self.test(*self.arg)
  File "/root/s3-tests/s3tests/functional/test_s3.py", line 142, in test_versioning_obj_read_not_exist_null
    check_configure_versioning_retry(bucket, True, "Enabled")
  File "/root/s3-tests/s3tests/functional/test_s3.py", line 131, in check_configure_versioning_retry
    eq(expected_string, read_status)
  File "/root/s3-tests/virtualenv/lib/python2.7/site-packages/nose/tools/trivial.py", line 29, in eq_
    raise AssertionError(msg or "%r != %r" % (a, b))
'\'Enabled\' != None\n-------------------- >> begin captured logging << --------------------\nboto: DEBUG: path=/s3tests-henv606gq460v2mm8jmxp-18/\nboto: DEBUG: auth_path=/s3tests-henv606gq460v2mm8jmxp-18/\nboto: DEBUG: Method: PUT\nboto: DEBUG: Path: /s3tests-henv606gq460v2mm8jmxp-18/\nboto: DEBUG: Data: \nboto: DEBUG: Headers: {}\nboto: DEBUG: Host: s3.amazonaws.com\nboto: DEBUG: Port: 443\nboto: DEBUG: Params: {}\nboto: DEBUG: establishing HTTPS connection: host=s3.amazonaws.com, kwargs={\'port\': 443, \'timeout\': 100}\nboto: DEBUG: Token: None\nboto: DEBUG: StringToSign:\nPUT\n\n\nFri, 21 Jun 2019 20:53:09 GMT\n/s3tests-henv606gq460v2mm8jmxp-18/\nboto: DEBUG: Signature:\nAWS AKIAXSJ4KSEHDD3MJKWU:8A2EKi1u01S31leDqBt7musZ8A4=\nboto: DEBUG: Final headers: {\'Date\': \'Fri, 21 Jun 2019 20:53:09 GMT\', \'Content-Length\': \'0\', \'Authorization\': u\'AWS AKIAXSJ4KSEHDD3MJKWU:8A2EKi1u01S31leDqBt7musZ8A4=\', \'User-Agent\': \'Boto/2.49.0 Python/2.7.5 Linux/3.10.0-957.12.2.el7.x86_64\'}\nboto: DEBUG: wrapping ssl socket; CA certificate file=/root/s3-tests/virtualenv/lib/python2.7/site-packages/boto/cacerts/cacerts.txt\nboto: DEBUG: validating server certificate: hostname=s3.amazonaws.com, certificate hosts=[\'s3.amazonaws.com\', \'*.s3.amazonaws.com\', \'*.s3.dualstack.us-east-1.amazonaws.com\', \'s3.dualstack.us-east-1.amazonaws.com\', \'*.s3.us-east-1.amazonaws.com\', \'s3.us-east-1.amazonaws.com\', \'*.s3-control.us-east-1.amazonaws.com\', \'s3-control.us-east-1.amazonaws.com\', \'*.s3-control.dualstack.us-east-1.amazonaws.com\', \'s3-control.dualstack.us-east-1.amazonaws.com\']\nboto: DEBUG: Response headers: [(\'content-length\', \'0\'), (\'x-amz-id-2\', \'Ddgo3GU4DV0oF5BDfuwdfmrvfkvwlR01jhAVxSa1Zbt5n5k0s81QofEUbdu2z/UkolE0VPmgObk=\'), (\'server\', \'AmazonS3\'), (\'x-amz-request-id\', \'58F65F24F6B51B86\'), (\'location\', \'/s3tests-henv606gq460v2mm8jmxp-18\'), (\'date\', \'Fri, 21 Jun 2019 20:53:09 GMT\')]\nboto: DEBUG: path=/s3tests-henv606gq460v2mm8jmxp-18/\nboto: DEBUG: auth_path=/s3tests-henv606gq460v2mm8jmxp-18/\nboto: DEBUG: path=/s3tests-henv606gq460v2mm8jmxp-18/?versioning\nboto: DEBUG: auth_path=/s3tests-henv606gq460v2mm8jmxp-18/?versioning\nboto: DEBUG: Method: GET\nboto: DEBUG: Path: /s3tests-henv606gq460v2mm8jmxp-18/?versioning\nboto: DEBUG: Data: \nboto: DEBUG: Headers: {}\nboto: DEBUG: Host: s3.amazonaws.com\nboto: DEBUG: Port: 443\nboto: DEBUG: Params: {}\nboto: DEBUG: Token: None\nboto: DEBUG: StringToSign:\nGET\n\n\nFri, 21 Jun 2019 20:53:10 GMT\n/s3tests-henv606gq460v2mm8jmxp-18/?versioning\nboto: DEBUG: Signature:\nAWS AKIAXSJ4KSEHDD3MJKWU:/gPTMddRNl4jf+gLsXZJn0BXaM8=\nboto: DEBUG: Final headers: {\'Date\': \'Fri, 21 Jun 2019 20:53:10 GMT\', \'Content-Length\': \'0\', \'Authorization\': u\'AWS AKIAXSJ4KSEHDD3MJKWU:/gPTMddRNl4jf+gLsXZJn0BXaM8=\', \'User-Agent\': \'Boto/2.49.0 Python/2.7.5 Linux/3.10.0-957.12.2.el7.x86_64\'}\nboto: DEBUG: Response headers: [(\'x-amz-id-2\', \'ae8/n0GLlVzSwDpn4/ZqthyVEBQY45dCQsPvro7KE7LrChr65pSPHprslvadMUx+zXVNIiruJ5g=\'), (\'date\', \'Fri, 21 Jun 2019 20:53:09 GMT\'), (\'transfer-encoding\', \'chunked\'), (\'x-amz-request-id\', \'67D6BB15E35DC6B4\'), (\'server\', \'AmazonS3\')]\nboto: DEBUG: <?xml version="1.0" encoding="UTF-8"?>\n<VersioningConfiguration xmlns="http://s3.amazonaws.com/doc/2006-03-01/"/>\nboto: DEBUG: path=/s3tests-henv606gq460v2mm8jmxp-18/\nboto: DEBUG: auth_path=/s3tests-henv606gq460v2mm8jmxp-18/\nboto: DEBUG: path=/s3tests-henv606gq460v2mm8jmxp-18/?versioning\nboto: DEBUG: auth_path=/s3tests-henv606gq460v2mm8jmxp-18/?versioning\nboto: DEBUG: Method: PUT\nboto: DEBUG: Path: /s3tests-henv606gq460v2mm8jmxp-18/?versioning\nboto: DEBUG: Data: <?xml version="1.0" encoding="UTF-8"?>\n       <VersioningConfiguration xmlns="http://s3.amazonaws.com/doc/2006-03-01/">\n         <Status>Enabled</Status>\n         <MfaDelete>Disabled</MfaDelete>\n       </VersioningConfiguration>\nboto: DEBUG: Headers: {}\nboto: DEBUG: Host: s3.amazonaws.com\nboto: DEBUG: Port: 443\nboto: DEBUG: Params: {}\nboto: DEBUG: Token: None\nboto: DEBUG: StringToSign:\nPUT\n\n\nFri, 21 Jun 2019 20:53:10 GMT\n/s3tests-henv606gq460v2mm8jmxp-18/?versioning\nboto: DEBUG: Signature:\nAWS AKIAXSJ4KSEHDD3MJKWU:cfbjlOmfT8d4w0kL/hbcbiE6hNs=\nboto: DEBUG: Final headers: {\'Date\': \'Fri, 21 Jun 2019 20:53:10 GMT\', \'Content-Length\': \'228\', \'Authorization\': u\'AWS AKIAXSJ4KSEHDD3MJKWU:cfbjlOmfT8d4w0kL/hbcbiE6hNs=\', \'User-Agent\': \'Boto/2.49.0 Python/2.7.5 Linux/3.10.0-957.12.2.el7.x86_64\'}\nboto: DEBUG: Response headers: [(\'x-amz-id-2\', \'Nw87BOLebefIMjoW2eZMb1bneyKI98HbaDbQMkG2S5w8/2pnmqAWldvgQi6ja8QBWy1BUfvYWv0=\'), (\'date\', \'Fri, 21 Jun 2019 20:53:09 GMT\'), (\'content-length\', \'0\'), (\'x-amz-request-id\', \'4BB10588B97367BB\'), (\'server\', \'AmazonS3\')]\nboto: DEBUG: path=/s3tests-henv606gq460v2mm8jmxp-18/\nboto: DEBUG: auth_path=/s3tests-henv606gq460v2mm8jmxp-18/\nboto: DEBUG: path=/s3tests-henv606gq460v2mm8jmxp-18/?versioning\nboto: DEBUG: auth_path=/s3tests-henv606gq460v2mm8jmxp-18/?versioning\nboto: DEBUG: Method: GET\nboto: DEBUG: Path: /s3tests-henv606gq460v2mm8jmxp-18/?versioning\nboto: DEBUG: Data: \nboto: DEBUG: Headers: {}\nboto: DEBUG: Host: s3.amazonaws.com\nboto: DEBUG: Port: 443\nboto: DEBUG: Params: {}\nboto: DEBUG: Token: None\nboto: DEBUG: StringToSign:\nGET\n\n\nFri, 21 Jun 2019 20:53:10 GMT\n/s3tests-henv606gq460v2mm8jmxp-18/?versioning\nboto: DEBUG: Signature:\nAWS AKIAXSJ4KSEHDD3MJKWU:/gPTMddRNl4jf+gLsXZJn0BXaM8=\nboto: DEBUG: Final headers: {\'Date\': \'Fri, 21 Jun 2019 20:53:10 GMT\', \'Content-Length\': \'0\', \'Authorization\': u\'AWS AKIAXSJ4KSEHDD3MJKWU:/gPTMddRNl4jf+gLsXZJn0BXaM8=\', \'User-Agent\': \'Boto/2.49.0 Python/2.7.5 Linux/3.10.0-957.12.2.el7.x86_64\'}\nboto: DEBUG: Response headers: [(\'x-amz-id-2\', \'r8sgzRNzjfBkdy/DbL4u6g6jeXpbOk6u4HCB7QaWEtnwCm4QZWdH6K2vqlbqGfeCqXFkSSAJbq0=\'), (\'date\', \'Fri, 21 Jun 2019 20:53:09 GMT\'), (\'transfer-encoding\', \'chunked\'), (\'x-amz-request-id\', \'71100C4F588503E0\'), (\'server\', \'AmazonS3\')]\nboto: DEBUG: <?xml version="1.0" encoding="UTF-8"?>\n<VersioningConfiguration xmlns="http://s3.amazonaws.com/doc/2006-03-01/"/>\nboto: DEBUG: path=/s3tests-henv606gq460v2mm8jmxp-18/\nboto: DEBUG: auth_path=/s3tests-henv606gq460v2mm8jmxp-18/\nboto: DEBUG: path=/s3tests-henv606gq460v2mm8jmxp-18/?versioning\nboto: DEBUG: auth_path=/s3tests-henv606gq460v2mm8jmxp-18/?versioning\nboto: DEBUG: Method: GET\nboto: DEBUG: Path: /s3tests-henv606gq460v2mm8jmxp-18/?versioning\nboto: DEBUG: Data: \nboto: DEBUG: Headers: {}\nboto: DEBUG: Host: s3.amazonaws.com\nboto: DEBUG: Port: 443\nboto: DEBUG: Params: {}\nboto: DEBUG: Token: None\nboto: DEBUG: StringToSign:\nGET\n\n\nFri, 21 Jun 2019 20:53:11 GMT\n/s3tests-henv606gq460v2mm8jmxp-18/?versioning\nboto: DEBUG: Signature:\nAWS AKIAXSJ4KSEHDD3MJKWU:c89gYhxbl+97rnSBrZ2WnokwU60=\nboto: DEBUG: Final headers: {\'Date\': \'Fri, 21 Jun 2019 20:53:11 GMT\', \'Content-Length\': \'0\', \'Authorization\': u\'AWS AKIAXSJ4KSEHDD3MJKWU:c89gYhxbl+97rnSBrZ2WnokwU60=\', \'User-Agent\': \'Boto/2.49.0 Python/2.7.5 Linux/3.10.0-957.12.2.el7.x86_64\'}\nboto: DEBUG: Response headers: [(\'x-amz-id-2\', \'4h/DU3TYtCg/LLnwLH+KP2OChKuu07twjZcXvHaeVrReBqC9kb7OA0gM3Fm6XZEPctQuYjKc8E8=\'), (\'date\', \'Fri, 21 Jun 2019 20:53:10 GMT\'), (\'transfer-encoding\', \'chunked\'), (\'x-amz-request-id\', \'30174719E5CBCD4B\'), (\'server\', \'AmazonS3\')]\nboto: DEBUG: <?xml version="1.0" encoding="UTF-8"?>\n<VersioningConfiguration xmlns="http://s3.amazonaws.com/doc/2006-03-01/"/>\nboto: DEBUG: path=/s3tests-henv606gq460v2mm8jmxp-18/\nboto: DEBUG: auth_path=/s3tests-henv606gq460v2mm8jmxp-18/\nboto: DEBUG: path=/s3tests-henv606gq460v2mm8jmxp-18/?versioning\nboto: DEBUG: auth_path=/s3tests-henv606gq460v2mm8jmxp-18/?versioning\nboto: DEBUG: Method: GET\nboto: DEBUG: Path: /s3tests-henv606gq460v2mm8jmxp-18/?versioning\nboto: DEBUG: Data: \nboto: DEBUG: Headers: {}\nboto: DEBUG: Host: s3.amazonaws.com\nboto: DEBUG: Port: 443\nboto: DEBUG: Params: {}\nboto: DEBUG: Token: None\nboto: DEBUG: StringToSign:\nGET\n\n\nFri, 21 Jun 2019 20:53:12 GMT\n/s3tests-henv606gq460v2mm8jmxp-18/?versioning\nboto: DEBUG: Signature:\nAWS AKIAXSJ4KSEHDD3MJKWU:trb3/oMbt5Ap5usdgnjKQ/UBVnI=\nboto: DEBUG: Final headers: {\'Date\': \'Fri, 21 Jun 2019 20:53:12 GMT\', \'Content-Length\': \'0\', \'Authorization\': u\'AWS AKIAXSJ4KSEHDD3MJKWU:trb3/oMbt5Ap5usdgnjKQ/UBVnI=\', \'User-Agent\': \'Boto/2.49.0 Python/2.7.5 Linux/3.10.0-957.12.2.el7.x86_64\'}\nboto: DEBUG: Response headers: [(\'x-amz-id-2\', \'6Ij5G806jyvJu/93M75dTMlQq77wJBmUKgWT3+Rs/MtKvT2J//SXSmY5QTvZSGzduG9H7GNKsAI=\'), (\'date\', \'Fri, 21 Jun 2019 20:53:11 GMT\'), (\'transfer-encoding\', \'chunked\'), (\'x-amz-request-id\', \'64A741110A500D63\'), (\'server\', \'AmazonS3\')]\nboto: DEBUG: <?xml version="1.0" encoding="UTF-8"?>\n<VersioningConfiguration xmlns="http://s3.amazonaws.com/doc/2006-03-01/"/>\nboto: DEBUG: path=/s3tests-henv606gq460v2mm8jmxp-18/\nboto: DEBUG: auth_path=/s3tests-henv606gq460v2mm8jmxp-18/\nboto: DEBUG: path=/s3tests-henv606gq460v2mm8jmxp-18/?versioning\nboto: DEBUG: auth_path=/s3tests-henv606gq460v2mm8jmxp-18/?versioning\nboto: DEBUG: Method: GET\nboto: DEBUG: Path: /s3tests-henv606gq460v2mm8jmxp-18/?versioning\nboto: DEBUG: Data: \nboto: DEBUG: Headers: {}\nboto: DEBUG: Host: s3.amazonaws.com\nboto: DEBUG: Port: 443\nboto: DEBUG: Params: {}\nboto: DEBUG: Token: None\nboto: DEBUG: StringToSign:\nGET\n\n\nFri, 21 Jun 2019 20:53:13 GMT\n/s3tests-henv606gq460v2mm8jmxp-18/?versioning\nboto: DEBUG: Signature:\nAWS AKIAXSJ4KSEHDD3MJKWU:7s2sjyFoKFlpsEwLf0q4zID7kPI=\nboto: DEBUG: Final headers: {\'Date\': \'Fri, 21 Jun 2019 20:53:13 GMT\', \'Content-Length\': \'0\', \'Authorization\': u\'AWS AKIAXSJ4KSEHDD3MJKWU:7s2sjyFoKFlpsEwLf0q4zID7kPI=\', \'User-Agent\': \'Boto/2.49.0 Python/2.7.5 Linux/3.10.0-957.12.2.el7.x86_64\'}\nboto: DEBUG: Response headers: [(\'x-amz-id-2\', \'v87RceVNsgb8njQHCKrxroQmx1SsvWGs+xlyEn7a4a8Eh7+SwBrY8cY3IjjIMQdFNStgWhTQrHY=\'), (\'date\', \'Fri, 21 Jun 2019 20:53:12 GMT\'), (\'transfer-encoding\', \'chunked\'), (\'x-amz-request-id\', \'EF0A3FDF6FA3A66E\'), (\'server\', \'AmazonS3\')]\nboto: DEBUG: <?xml version="1.0" encoding="UTF-8"?>\n<VersioningConfiguration xmlns="http://s3.amazonaws.com/doc/2006-03-01/"/>\nboto: DEBUG: path=/s3tests-henv606gq460v2mm8jmxp-18/\nboto: DEBUG: auth_path=/s3tests-henv606gq460v2mm8jmxp-18/\nboto: DEBUG: path=/s3tests-henv606gq460v2mm8jmxp-18/?versioning\nboto: DEBUG: auth_path=/s3tests-henv606gq460v2mm8jmxp-18/?versioning\nboto: DEBUG: Method: GET\nboto: DEBUG: Path: /s3tests-henv606gq460v2mm8jmxp-18/?versioning\nboto: DEBUG: Data: \nboto: DEBUG: Headers: {}\nboto: DEBUG: Host: s3.amazonaws.com\nboto: DEBUG: Port: 443\nboto: DEBUG: Params: {}\nboto: DEBUG: Token: None\nboto: DEBUG: StringToSign:\nGET\n\n\nFri, 21 Jun 2019 20:53:14 GMT\n/s3tests-henv606gq460v2mm8jmxp-18/?versioning\nboto: DEBUG: Signature:\nAWS AKIAXSJ4KSEHDD3MJKWU:KxgQvpE8w5Xerq/jqSJj7gE6ccM=\nboto: DEBUG: Final headers: {\'Date\': \'Fri, 21 Jun 2019 20:53:14 GMT\', \'Content-Length\': \'0\', \'Authorization\': u\'AWS AKIAXSJ4KSEHDD3MJKWU:KxgQvpE8w5Xerq/jqSJj7gE6ccM=\', \'User-Agent\': \'Boto/2.49.0 Python/2.7.5 Linux/3.10.0-957.12.2.el7.x86_64\'}\nboto: DEBUG: Response headers: [(\'x-amz-id-2\', \'bea+DQJi1k2iHENg6jzKdJZdGeyNDPKweyHHrtQpl9Vt5k/qMeluviaB3b4YhBjBPbjYCAs4Ssk=\'), (\'date\', \'Fri, 21 Jun 2019 20:53:14 GMT\'), (\'transfer-encoding\', \'chunked\'), (\'x-amz-request-id\', \'E805DD210A70366D\'), (\'server\', \'AmazonS3\')]\nboto: DEBUG: <?xml version="1.0" encoding="UTF-8"?>\n<VersioningConfiguration xmlns="http://s3.amazonaws.com/doc/2006-03-01/"/>\n--------------------- >> end captured logging << ---------------------']]></failure></testcase><testcase classname="s3tests.functional.test_s3" name="test_append_object" time="0.684"><failure type="exceptions.AssertionError" message="3 != 6&#10;-------------------- &gt;&gt; begin captured stdout &lt;&lt; ---------------------&#10;200 OK&#10;200 OK&#10;&#10;--------------------- &gt;&gt; end captured stdout &lt;&lt; ----------------------&#10;-------------------- &gt;&gt; begin captured logging &lt;&lt; --------------------&#10;boto: DEBUG: path=/s3tests-henv606gq460v2mm8jmxp-19/&#10;boto: DEBUG: auth_path=/s3tests-henv606gq460v2mm8jmxp-19/&#10;boto: DEBUG: Method: PUT&#10;boto: DEBUG: Path: /s3tests-henv606gq460v2mm8jmxp-19/&#10;boto: DEBUG: Data: &#10;boto: DEBUG: Headers: {}&#10;boto: DEBUG: Host: s3.amazonaws.com&#10;boto: DEBUG: Port: 443&#10;boto: DEBUG: Params: {}&#10;boto: DEBUG: Token: None&#10;boto: DEBUG: StringToSign:&#10;PUT&#10;&#10;&#10;Fri, 21 Jun 2019 20:53:15 GMT&#10;/s3tests-henv606gq460v2mm8jmxp-19/&#10;boto: DEBUG: Signature:&#10;AWS AKIAXSJ4KSEHDD3MJKWU:6nX1IBPVat6vtIfLkt2uYyS2mIM=&#10;boto: DEBUG: Final headers: {'Date': 'Fri, 21 Jun 2019 20:53:15 GMT', 'Content-Length': '0', 'Authorization': u'AWS AKIAXSJ4KSEHDD3MJKWU:6nX1IBPVat6vtIfLkt2uYyS2mIM=', 'User-Agent': 'Boto/2.49.0 Python/2.7.5 Linux/3.10.0-957.12.2.el7.x86_64'}&#10;boto: DEBUG: Response headers: [('content-length', '0'), ('x-amz-id-2', 'oix6jlTXtFHzXOpqUtNyDrFfU4mmL/Qgjhh4z6TnhB+EeCXOmAN5AQkPTWdxcBcqYyhMSX/ghjk='), ('server', 'AmazonS3'), ('x-amz-request-id', '2F0791C5C0F18A3F'), ('location', '/s3tests-henv606gq460v2mm8jmxp-19'), ('date', 'Fri, 21 Jun 2019 20:53:15 GMT')]&#10;boto: DEBUG: path=/s3tests-henv606gq460v2mm8jmxp-19/foo&#10;boto: DEBUG: auth_path=/s3tests-henv606gq460v2mm8jmxp-19/foo&#10;boto: DEBUG: Method: HEAD&#10;boto: DEBUG: Path: /s3tests-henv606gq460v2mm8jmxp-19/foo&#10;boto: DEBUG: Data: &#10;boto: DEBUG: Headers: {}&#10;boto: DEBUG: Host: s3.amazonaws.com&#10;boto: DEBUG: Port: 443&#10;boto: DEBUG: Params: {}&#10;boto: DEBUG: Token: None&#10;boto: DEBUG: StringToSign:&#10;HEAD&#10;&#10;&#10;Fri, 21 Jun 2019 20:53:16 GMT&#10;/s3tests-henv606gq460v2mm8jmxp-19/foo&#10;boto: DEBUG: Signature:&#10;AWS AKIAXSJ4KSEHDD3MJKWU:QnCwhGsB4n7SlbK42zbHHFW0Ugs=&#10;boto: DEBUG: Final headers: {'Date': 'Fri, 21 Jun 2019 20:53:16 GMT', 'Content-Length': '0', 'Authorization': u'AWS AKIAXSJ4KSEHDD3MJKWU:QnCwhGsB4n7SlbK42zbHHFW0Ugs=', 'User-Agent': 'Boto/2.49.0 Python/2.7.5 Linux/3.10.0-957.12.2.el7.x86_64'}&#10;boto: DEBUG: Response headers: [('content-length', '3'), ('x-amz-id-2', 'Jp75dulWXZXHztGBbNhbDJsKfGV5vDNhiG/fdgwOS4p6qirLL9vTSDrL6RCX1JvVvhUC9tIiysI='), ('accept-ranges', 'bytes'), ('server', 'AmazonS3'), ('last-modified', 'Fri, 21 Jun 2019 20:53:15 GMT'), ('x-amz-request-id', '28F1297F0CD1C590'), ('etag', '&quot;900150983cd24fb0d6963f7d28e17f72&quot;'), ('date', 'Fri, 21 Jun 2019 20:53:15 GMT'), ('content-type', 'binary/octet-stream')]&#10;--------------------- &gt;&gt; end captured logging &lt;&lt; ---------------------"><![CDATA[  File "/usr/lib64/python2.7/unittest/case.py", line 369, in run
    testMethod()
  File "/root/s3-tests/virtualenv/lib/python2.7/site-packages/nose/case.py", line 197, in runTest
    self.test(*self.arg)
  File "/root/s3-tests/s3tests/functional/test_s3.py", line 174, in test_append_object
    eq(key.size, 6)
  File "/root/s3-tests/virtualenv/lib/python2.7/site-packages/nose/tools/trivial.py", line 29, in eq_
    raise AssertionError(msg or "%r != %r" % (a, b))
'3 != 6\n-------------------- >> begin captured stdout << ---------------------\n200 OK\n200 OK\n\n--------------------- >> end captured stdout << ----------------------\n-------------------- >> begin captured logging << --------------------\nboto: DEBUG: path=/s3tests-henv606gq460v2mm8jmxp-19/\nboto: DEBUG: auth_path=/s3tests-henv606gq460v2mm8jmxp-19/\nboto: DEBUG: Method: PUT\nboto: DEBUG: Path: /s3tests-henv606gq460v2mm8jmxp-19/\nboto: DEBUG: Data: \nboto: DEBUG: Headers: {}\nboto: DEBUG: Host: s3.amazonaws.com\nboto: DEBUG: Port: 443\nboto: DEBUG: Params: {}\nboto: DEBUG: Token: None\nboto: DEBUG: StringToSign:\nPUT\n\n\nFri, 21 Jun 2019 20:53:15 GMT\n/s3tests-henv606gq460v2mm8jmxp-19/\nboto: DEBUG: Signature:\nAWS AKIAXSJ4KSEHDD3MJKWU:6nX1IBPVat6vtIfLkt2uYyS2mIM=\nboto: DEBUG: Final headers: {\'Date\': \'Fri, 21 Jun 2019 20:53:15 GMT\', \'Content-Length\': \'0\', \'Authorization\': u\'AWS AKIAXSJ4KSEHDD3MJKWU:6nX1IBPVat6vtIfLkt2uYyS2mIM=\', \'User-Agent\': \'Boto/2.49.0 Python/2.7.5 Linux/3.10.0-957.12.2.el7.x86_64\'}\nboto: DEBUG: Response headers: [(\'content-length\', \'0\'), (\'x-amz-id-2\', \'oix6jlTXtFHzXOpqUtNyDrFfU4mmL/Qgjhh4z6TnhB+EeCXOmAN5AQkPTWdxcBcqYyhMSX/ghjk=\'), (\'server\', \'AmazonS3\'), (\'x-amz-request-id\', \'2F0791C5C0F18A3F\'), (\'location\', \'/s3tests-henv606gq460v2mm8jmxp-19\'), (\'date\', \'Fri, 21 Jun 2019 20:53:15 GMT\')]\nboto: DEBUG: path=/s3tests-henv606gq460v2mm8jmxp-19/foo\nboto: DEBUG: auth_path=/s3tests-henv606gq460v2mm8jmxp-19/foo\nboto: DEBUG: Method: HEAD\nboto: DEBUG: Path: /s3tests-henv606gq460v2mm8jmxp-19/foo\nboto: DEBUG: Data: \nboto: DEBUG: Headers: {}\nboto: DEBUG: Host: s3.amazonaws.com\nboto: DEBUG: Port: 443\nboto: DEBUG: Params: {}\nboto: DEBUG: Token: None\nboto: DEBUG: StringToSign:\nHEAD\n\n\nFri, 21 Jun 2019 20:53:16 GMT\n/s3tests-henv606gq460v2mm8jmxp-19/foo\nboto: DEBUG: Signature:\nAWS AKIAXSJ4KSEHDD3MJKWU:QnCwhGsB4n7SlbK42zbHHFW0Ugs=\nboto: DEBUG: Final headers: {\'Date\': \'Fri, 21 Jun 2019 20:53:16 GMT\', \'Content-Length\': \'0\', \'Authorization\': u\'AWS AKIAXSJ4KSEHDD3MJKWU:QnCwhGsB4n7SlbK42zbHHFW0Ugs=\', \'User-Agent\': \'Boto/2.49.0 Python/2.7.5 Linux/3.10.0-957.12.2.el7.x86_64\'}\nboto: DEBUG: Response headers: [(\'content-length\', \'3\'), (\'x-amz-id-2\', \'Jp75dulWXZXHztGBbNhbDJsKfGV5vDNhiG/fdgwOS4p6qirLL9vTSDrL6RCX1JvVvhUC9tIiysI=\'), (\'accept-ranges\', \'bytes\'), (\'server\', \'AmazonS3\'), (\'last-modified\', \'Fri, 21 Jun 2019 20:53:15 GMT\'), (\'x-amz-request-id\', \'28F1297F0CD1C590\'), (\'etag\', \'"900150983cd24fb0d6963f7d28e17f72"\'), (\'date\', \'Fri, 21 Jun 2019 20:53:15 GMT\'), (\'content-type\', \'binary/octet-stream\')]\n--------------------- >> end captured logging << ---------------------']]></failure><system-out><![CDATA[200 OK
200 OK
]]></system-out></testcase><testcase classname="s3tests.functional.test_s3" name="test_append_normal_object" time="0.529"><failure type="exceptions.AssertionError" message="200 != 409&#10;-------------------- &gt;&gt; begin captured stdout &lt;&lt; ---------------------&#10;reply: 'HTTP/1.1 100 Continue\r\n'&#10;reply: 'HTTP/1.1 200 OK\r\n'&#10;header: x-amz-id-2: zJZhC3SVrQpJaJtxAacoDlIvtk63Gqh4nO9L2ldiZTAroQhrxima8kF+deX7EunhYMFnyb65tcE=&#13;&#10;header: x-amz-request-id: C884A6DE9FBD9E0E&#13;&#10;header: Date: Fri, 21 Jun 2019 20:53:15 GMT&#13;&#10;header: ETag: &quot;900150983cd24fb0d6963f7d28e17f72&quot;&#13;&#10;header: Content-Length: 0&#13;&#10;header: Server: AmazonS3&#13;&#10;200 OK&#10;&#10;--------------------- &gt;&gt; end captured stdout &lt;&lt; ----------------------&#10;-------------------- &gt;&gt; begin captured logging &lt;&lt; --------------------&#10;boto: DEBUG: path=/s3tests-henv606gq460v2mm8jmxp-20/&#10;boto: DEBUG: auth_path=/s3tests-henv606gq460v2mm8jmxp-20/&#10;boto: DEBUG: Method: PUT&#10;boto: DEBUG: Path: /s3tests-henv606gq460v2mm8jmxp-20/&#10;boto: DEBUG: Data: &#10;boto: DEBUG: Headers: {}&#10;boto: DEBUG: Host: s3.amazonaws.com&#10;boto: DEBUG: Port: 443&#10;boto: DEBUG: Params: {}&#10;boto: DEBUG: Token: None&#10;boto: DEBUG: StringToSign:&#10;PUT&#10;&#10;&#10;Fri, 21 Jun 2019 20:53:16 GMT&#10;/s3tests-henv606gq460v2mm8jmxp-20/&#10;boto: DEBUG: Signature:&#10;AWS AKIAXSJ4KSEHDD3MJKWU:PsW2v5hXD6EK3QGZM+PR+ct/yHQ=&#10;boto: DEBUG: Final headers: {'Date': 'Fri, 21 Jun 2019 20:53:16 GMT', 'Content-Length': '0', 'Authorization': u'AWS AKIAXSJ4KSEHDD3MJKWU:PsW2v5hXD6EK3QGZM+PR+ct/yHQ=', 'User-Agent': 'Boto/2.49.0 Python/2.7.5 Linux/3.10.0-957.12.2.el7.x86_64'}&#10;boto: DEBUG: Response headers: [('content-length', '0'), ('x-amz-id-2', 'DF7Bfju9L0TofGeHCuxJiXSEnPvyJmn/bpussI1YzYqvKrrhZHbg4Eg66T5Q4ijTXeJHYKDBkJQ='), ('server', 'AmazonS3'), ('x-amz-request-id', '13CE6C03E9CE6CD2'), ('location', '/s3tests-henv606gq460v2mm8jmxp-20'), ('date', 'Fri, 21 Jun 2019 20:53:15 GMT')]&#10;boto: DEBUG: path=/s3tests-henv606gq460v2mm8jmxp-20/foo&#10;boto: DEBUG: auth_path=/s3tests-henv606gq460v2mm8jmxp-20/foo&#10;boto: DEBUG: Method: PUT&#10;boto: DEBUG: Path: /s3tests-henv606gq460v2mm8jmxp-20/foo&#10;boto: DEBUG: Data: &#10;boto: DEBUG: Headers: {'Content-Length': '3', 'Content-MD5': u'kAFQmDzST7DWlj99KOF/cg==', 'Content-Type': 'application/octet-stream', 'Expect': '100-Continue', 'User-Agent': 'Boto/2.49.0 Python/2.7.5 Linux/3.10.0-957.12.2.el7.x86_64'}&#10;boto: DEBUG: Host: s3.amazonaws.com&#10;boto: DEBUG: Port: 443&#10;boto: DEBUG: Params: {}&#10;boto: DEBUG: Token: None&#10;boto: DEBUG: StringToSign:&#10;PUT&#10;kAFQmDzST7DWlj99KOF/cg==&#10;application/octet-stream&#10;Fri, 21 Jun 2019 20:53:16 GMT&#10;/s3tests-henv606gq460v2mm8jmxp-20/foo&#10;boto: DEBUG: Signature:&#10;AWS AKIAXSJ4KSEHDD3MJKWU:pa45kwOMmY4+oq5bNuCi+UDiGLU=&#10;boto: DEBUG: Final headers: {'Content-Length': '3', 'Content-MD5': 'kAFQmDzST7DWlj99KOF/cg==', 'Expect': '100-Continue', 'Date': 'Fri, 21 Jun 2019 20:53:16 GMT', 'User-Agent': 'Boto/2.49.0 Python/2.7.5 Linux/3.10.0-957.12.2.el7.x86_64', 'Content-Type': 'application/octet-stream', 'Authorization': u'AWS AKIAXSJ4KSEHDD3MJKWU:pa45kwOMmY4+oq5bNuCi+UDiGLU='}&#10;boto: DEBUG: Response headers: [('content-length', '0'), ('x-amz-id-2', 'zJZhC3SVrQpJaJtxAacoDlIvtk63Gqh4nO9L2ldiZTAroQhrxima8kF+deX7EunhYMFnyb65tcE='), ('server', 'AmazonS3'), ('x-amz-request-id', 'C884A6DE9FBD9E0E'), ('etag', '&quot;900150983cd24fb0d6963f7d28e17f72&quot;'), ('date', 'Fri, 21 Jun 2019 20:53:15 GMT')]&#10;--------------------- &gt;&gt; end captured logging &lt;&lt; ---------------------"><![CDATA[  File "/usr/lib64/python2.7/unittest/case.py", line 369, in run
    testMethod()
  File "/root/s3-tests/virtualenv/lib/python2.7/site-packages/nose/case.py", line 197, in runTest
    self.test(*self.arg)
  File "/root/s3-tests/s3tests/functional/test_s3.py", line 192, in test_append_normal_object
    eq(res.status, 409)
  File "/root/s3-tests/virtualenv/lib/python2.7/site-packages/nose/tools/trivial.py", line 29, in eq_
    raise AssertionError(msg or "%r != %r" % (a, b))
'200 != 409\n-------------------- >> begin captured stdout << ---------------------\nreply: \'HTTP/1.1 100 Continue\\r\\n\'\nreply: \'HTTP/1.1 200 OK\\r\\n\'\nheader: x-amz-id-2: zJZhC3SVrQpJaJtxAacoDlIvtk63Gqh4nO9L2ldiZTAroQhrxima8kF+deX7EunhYMFnyb65tcE=\r\nheader: x-amz-request-id: C884A6DE9FBD9E0E\r\nheader: Date: Fri, 21 Jun 2019 20:53:15 GMT\r\nheader: ETag: "900150983cd24fb0d6963f7d28e17f72"\r\nheader: Content-Length: 0\r\nheader: Server: AmazonS3\r\n200 OK\n\n--------------------- >> end captured stdout << ----------------------\n-------------------- >> begin captured logging << --------------------\nboto: DEBUG: path=/s3tests-henv606gq460v2mm8jmxp-20/\nboto: DEBUG: auth_path=/s3tests-henv606gq460v2mm8jmxp-20/\nboto: DEBUG: Method: PUT\nboto: DEBUG: Path: /s3tests-henv606gq460v2mm8jmxp-20/\nboto: DEBUG: Data: \nboto: DEBUG: Headers: {}\nboto: DEBUG: Host: s3.amazonaws.com\nboto: DEBUG: Port: 443\nboto: DEBUG: Params: {}\nboto: DEBUG: Token: None\nboto: DEBUG: StringToSign:\nPUT\n\n\nFri, 21 Jun 2019 20:53:16 GMT\n/s3tests-henv606gq460v2mm8jmxp-20/\nboto: DEBUG: Signature:\nAWS AKIAXSJ4KSEHDD3MJKWU:PsW2v5hXD6EK3QGZM+PR+ct/yHQ=\nboto: DEBUG: Final headers: {\'Date\': \'Fri, 21 Jun 2019 20:53:16 GMT\', \'Content-Length\': \'0\', \'Authorization\': u\'AWS AKIAXSJ4KSEHDD3MJKWU:PsW2v5hXD6EK3QGZM+PR+ct/yHQ=\', \'User-Agent\': \'Boto/2.49.0 Python/2.7.5 Linux/3.10.0-957.12.2.el7.x86_64\'}\nboto: DEBUG: Response headers: [(\'content-length\', \'0\'), (\'x-amz-id-2\', \'DF7Bfju9L0TofGeHCuxJiXSEnPvyJmn/bpussI1YzYqvKrrhZHbg4Eg66T5Q4ijTXeJHYKDBkJQ=\'), (\'server\', \'AmazonS3\'), (\'x-amz-request-id\', \'13CE6C03E9CE6CD2\'), (\'location\', \'/s3tests-henv606gq460v2mm8jmxp-20\'), (\'date\', \'Fri, 21 Jun 2019 20:53:15 GMT\')]\nboto: DEBUG: path=/s3tests-henv606gq460v2mm8jmxp-20/foo\nboto: DEBUG: auth_path=/s3tests-henv606gq460v2mm8jmxp-20/foo\nboto: DEBUG: Method: PUT\nboto: DEBUG: Path: /s3tests-henv606gq460v2mm8jmxp-20/foo\nboto: DEBUG: Data: \nboto: DEBUG: Headers: {\'Content-Length\': \'3\', \'Content-MD5\': u\'kAFQmDzST7DWlj99KOF/cg==\', \'Content-Type\': \'application/octet-stream\', \'Expect\': \'100-Continue\', \'User-Agent\': \'Boto/2.49.0 Python/2.7.5 Linux/3.10.0-957.12.2.el7.x86_64\'}\nboto: DEBUG: Host: s3.amazonaws.com\nboto: DEBUG: Port: 443\nboto: DEBUG: Params: {}\nboto: DEBUG: Token: None\nboto: DEBUG: StringToSign:\nPUT\nkAFQmDzST7DWlj99KOF/cg==\napplication/octet-stream\nFri, 21 Jun 2019 20:53:16 GMT\n/s3tests-henv606gq460v2mm8jmxp-20/foo\nboto: DEBUG: Signature:\nAWS AKIAXSJ4KSEHDD3MJKWU:pa45kwOMmY4+oq5bNuCi+UDiGLU=\nboto: DEBUG: Final headers: {\'Content-Length\': \'3\', \'Content-MD5\': \'kAFQmDzST7DWlj99KOF/cg==\', \'Expect\': \'100-Continue\', \'Date\': \'Fri, 21 Jun 2019 20:53:16 GMT\', \'User-Agent\': \'Boto/2.49.0 Python/2.7.5 Linux/3.10.0-957.12.2.el7.x86_64\', \'Content-Type\': \'application/octet-stream\', \'Authorization\': u\'AWS AKIAXSJ4KSEHDD3MJKWU:pa45kwOMmY4+oq5bNuCi+UDiGLU=\'}\nboto: DEBUG: Response headers: [(\'content-length\', \'0\'), (\'x-amz-id-2\', \'zJZhC3SVrQpJaJtxAacoDlIvtk63Gqh4nO9L2ldiZTAroQhrxima8kF+deX7EunhYMFnyb65tcE=\'), (\'server\', \'AmazonS3\'), (\'x-amz-request-id\', \'C884A6DE9FBD9E0E\'), (\'etag\', \'"900150983cd24fb0d6963f7d28e17f72"\'), (\'date\', \'Fri, 21 Jun 2019 20:53:15 GMT\')]\n--------------------- >> end captured logging << ---------------------']]></failure><system-out><![CDATA[reply: 'HTTP/1.1 100 Continue\r\n'
reply: 'HTTP/1.1 200 OK\r\n'
header: x-amz-id-2: zJZhC3SVrQpJaJtxAacoDlIvtk63Gqh4nO9L2ldiZTAroQhrxima8kF+deX7EunhYMFnyb65tcE=
header: x-amz-request-id: C884A6DE9FBD9E0E
header: Date: Fri, 21 Jun 2019 20:53:15 GMT
header: ETag: "900150983cd24fb0d6963f7d28e17f72"
header: Content-Length: 0
header: Server: AmazonS3
200 OK
]]></system-out></testcase><testcase classname="s3tests.functional.test_s3" name="test_append_object_position_wrong" time="0.600"><failure type="exceptions.AssertionError" message="200 != 409&#10;-------------------- &gt;&gt; begin captured stdout &lt;&lt; ---------------------&#10;send: 'PUT /s3tests-henv606gq460v2mm8jmxp-21/ HTTP/1.1\r\nHost: s3.amazonaws.com\r\nAccept-Encoding: identity\r\nDate: Fri, 21 Jun 2019 20:53:16 GMT\r\nContent-Length: 0\r\nAuthorization: AWS AKIAXSJ4KSEHDD3MJKWU:ksyz2VEMesvBOdVlObdz1ZXdRr0=\r\nUser-Agent: Boto/2.49.0 Python/2.7.5 Linux/3.10.0-957.12.2.el7.x86_64\r\n\r\n'&#10;reply: 'HTTP/1.1 200 OK\r\n'&#10;header: x-amz-id-2: 1Mw4NUcmKVK2UfpvWHe+YZmUQJyQ/n4A29DdQ5d+Zt+gi/ltEIF1GR267GkMrodGRwdPO+T7OS0=&#13;&#10;header: x-amz-request-id: 42E2BA66CC3DD424&#13;&#10;header: Date: Fri, 21 Jun 2019 20:53:16 GMT&#13;&#10;header: Location: /s3tests-henv606gq460v2mm8jmxp-21&#13;&#10;header: Content-Length: 0&#13;&#10;header: Server: AmazonS3&#13;&#10;200 OK&#10;200 OK&#10;&#10;--------------------- &gt;&gt; end captured stdout &lt;&lt; ----------------------&#10;-------------------- &gt;&gt; begin captured logging &lt;&lt; --------------------&#10;boto: DEBUG: path=/s3tests-henv606gq460v2mm8jmxp-21/&#10;boto: DEBUG: auth_path=/s3tests-henv606gq460v2mm8jmxp-21/&#10;boto: DEBUG: Method: PUT&#10;boto: DEBUG: Path: /s3tests-henv606gq460v2mm8jmxp-21/&#10;boto: DEBUG: Data: &#10;boto: DEBUG: Headers: {}&#10;boto: DEBUG: Host: s3.amazonaws.com&#10;boto: DEBUG: Port: 443&#10;boto: DEBUG: Params: {}&#10;boto: DEBUG: Token: None&#10;boto: DEBUG: StringToSign:&#10;PUT&#10;&#10;&#10;Fri, 21 Jun 2019 20:53:16 GMT&#10;/s3tests-henv606gq460v2mm8jmxp-21/&#10;boto: DEBUG: Signature:&#10;AWS AKIAXSJ4KSEHDD3MJKWU:ksyz2VEMesvBOdVlObdz1ZXdRr0=&#10;boto: DEBUG: Final headers: {'Date': 'Fri, 21 Jun 2019 20:53:16 GMT', 'Content-Length': '0', 'Authorization': u'AWS AKIAXSJ4KSEHDD3MJKWU:ksyz2VEMesvBOdVlObdz1ZXdRr0=', 'User-Agent': 'Boto/2.49.0 Python/2.7.5 Linux/3.10.0-957.12.2.el7.x86_64'}&#10;boto: DEBUG: Response headers: [('content-length', '0'), ('x-amz-id-2', '1Mw4NUcmKVK2UfpvWHe+YZmUQJyQ/n4A29DdQ5d+Zt+gi/ltEIF1GR267GkMrodGRwdPO+T7OS0='), ('server', 'AmazonS3'), ('x-amz-request-id', '42E2BA66CC3DD424'), ('location', '/s3tests-henv606gq460v2mm8jmxp-21'), ('date', 'Fri, 21 Jun 2019 20:53:16 GMT')]&#10;--------------------- &gt;&gt; end captured logging &lt;&lt; ---------------------"><![CDATA[  File "/usr/lib64/python2.7/unittest/case.py", line 369, in run
    testMethod()
  File "/root/s3-tests/virtualenv/lib/python2.7/site-packages/nose/case.py", line 197, in runTest
    self.test(*self.arg)
  File "/root/s3-tests/s3tests/functional/test_s3.py", line 212, in test_append_object_position_wrong
    eq(res.status, 409)
  File "/root/s3-tests/virtualenv/lib/python2.7/site-packages/nose/tools/trivial.py", line 29, in eq_
    raise AssertionError(msg or "%r != %r" % (a, b))
"200 != 409\n-------------------- >> begin captured stdout << ---------------------\nsend: 'PUT /s3tests-henv606gq460v2mm8jmxp-21/ HTTP/1.1\\r\\nHost: s3.amazonaws.com\\r\\nAccept-Encoding: identity\\r\\nDate: Fri, 21 Jun 2019 20:53:16 GMT\\r\\nContent-Length: 0\\r\\nAuthorization: AWS AKIAXSJ4KSEHDD3MJKWU:ksyz2VEMesvBOdVlObdz1ZXdRr0=\\r\\nUser-Agent: Boto/2.49.0 Python/2.7.5 Linux/3.10.0-957.12.2.el7.x86_64\\r\\n\\r\\n'\nreply: 'HTTP/1.1 200 OK\\r\\n'\nheader: x-amz-id-2: 1Mw4NUcmKVK2UfpvWHe+YZmUQJyQ/n4A29DdQ5d+Zt+gi/ltEIF1GR267GkMrodGRwdPO+T7OS0=\r\nheader: x-amz-request-id: 42E2BA66CC3DD424\r\nheader: Date: Fri, 21 Jun 2019 20:53:16 GMT\r\nheader: Location: /s3tests-henv606gq460v2mm8jmxp-21\r\nheader: Content-Length: 0\r\nheader: Server: AmazonS3\r\n200 OK\n200 OK\n\n--------------------- >> end captured stdout << ----------------------\n-------------------- >> begin captured logging << --------------------\nboto: DEBUG: path=/s3tests-henv606gq460v2mm8jmxp-21/\nboto: DEBUG: auth_path=/s3tests-henv606gq460v2mm8jmxp-21/\nboto: DEBUG: Method: PUT\nboto: DEBUG: Path: /s3tests-henv606gq460v2mm8jmxp-21/\nboto: DEBUG: Data: \nboto: DEBUG: Headers: {}\nboto: DEBUG: Host: s3.amazonaws.com\nboto: DEBUG: Port: 443\nboto: DEBUG: Params: {}\nboto: DEBUG: Token: None\nboto: DEBUG: StringToSign:\nPUT\n\n\nFri, 21 Jun 2019 20:53:16 GMT\n/s3tests-henv606gq460v2mm8jmxp-21/\nboto: DEBUG: Signature:\nAWS AKIAXSJ4KSEHDD3MJKWU:ksyz2VEMesvBOdVlObdz1ZXdRr0=\nboto: DEBUG: Final headers: {'Date': 'Fri, 21 Jun 2019 20:53:16 GMT', 'Content-Length': '0', 'Authorization': u'AWS AKIAXSJ4KSEHDD3MJKWU:ksyz2VEMesvBOdVlObdz1ZXdRr0=', 'User-Agent': 'Boto/2.49.0 Python/2.7.5 Linux/3.10.0-957.12.2.el7.x86_64'}\nboto: DEBUG: Response headers: [('content-length', '0'), ('x-amz-id-2', '1Mw4NUcmKVK2UfpvWHe+YZmUQJyQ/n4A29DdQ5d+Zt+gi/ltEIF1GR267GkMrodGRwdPO+T7OS0='), ('server', 'AmazonS3'), ('x-amz-request-id', '42E2BA66CC3DD424'), ('location', '/s3tests-henv606gq460v2mm8jmxp-21'), ('date', 'Fri, 21 Jun 2019 20:53:16 GMT')]\n--------------------- >> end captured logging << ---------------------"]]></failure><system-out><![CDATA[send: 'PUT /s3tests-henv606gq460v2mm8jmxp-21/ HTTP/1.1\r\nHost: s3.amazonaws.com\r\nAccept-Encoding: identity\r\nDate: Fri, 21 Jun 2019 20:53:16 GMT\r\nContent-Length: 0\r\nAuthorization: AWS AKIAXSJ4KSEHDD3MJKWU:ksyz2VEMesvBOdVlObdz1ZXdRr0=\r\nUser-Agent: Boto/2.49.0 Python/2.7.5 Linux/3.10.0-957.12.2.el7.x86_64\r\n\r\n'
reply: 'HTTP/1.1 200 OK\r\n'
header: x-amz-id-2: 1Mw4NUcmKVK2UfpvWHe+YZmUQJyQ/n4A29DdQ5d+Zt+gi/ltEIF1GR267GkMrodGRwdPO+T7OS0=
header: x-amz-request-id: 42E2BA66CC3DD424
header: Date: Fri, 21 Jun 2019 20:53:16 GMT
header: Location: /s3tests-henv606gq460v2mm8jmxp-21
header: Content-Length: 0
header: Server: AmazonS3
200 OK
200 OK
]]></system-out></testcase><testcase classname="s3tests.functional.test_s3" name="test_logging_toggle" time="0.939"><system-out><![CDATA[send: 'PUT /s3tests-henv606gq460v2mm8jmxp-22/ HTTP/1.1\r\nHost: s3.amazonaws.com\r\nAccept-Encoding: identity\r\nDate: Fri, 21 Jun 2019 20:53:17 GMT\r\nContent-Length: 0\r\nAuthorization: AWS AKIAXSJ4KSEHDD3MJKWU:t97U0Jl5vWFau1+O7fVoZ4Cw+88=\r\nUser-Agent: Boto/2.49.0 Python/2.7.5 Linux/3.10.0-957.12.2.el7.x86_64\r\n\r\n'
reply: 'HTTP/1.1 200 OK\r\n'
header: x-amz-id-2: YIbZSe4s/EvEmWzlw6+alDDMQ+BfaTo50SW+MCHf1qpHdq8r4UyhUwnDe/3cI4m+laK0wOtPR9g=
header: x-amz-request-id: 7B5812BBE5B8753F
header: Date: Fri, 21 Jun 2019 20:53:16 GMT
header: Location: /s3tests-henv606gq460v2mm8jmxp-22
header: Content-Length: 0
header: Server: AmazonS3
send: 'PUT /s3tests-henv606gq460v2mm8jmxp-22-log/ HTTP/1.1\r\nHost: s3.amazonaws.com\r\nAccept-Encoding: identity\r\nDate: Fri, 21 Jun 2019 20:53:17 GMT\r\nContent-Length: 0\r\nAuthorization: AWS AKIAXSJ4KSEHDD3MJKWU:EYNeFwihHDJZJ8sxLtrxtTsShyE=\r\nUser-Agent: Boto/2.49.0 Python/2.7.5 Linux/3.10.0-957.12.2.el7.x86_64\r\n\r\n'
reply: 'HTTP/1.1 200 OK\r\n'
header: x-amz-id-2: vlI15ldaxG06EOC2Cih5QifjYvS8Hn9rZ2bn5m8s0V7I+9dzVZTokMjQ7KUTLi8RRaDPkQbIu7Y=
header: x-amz-request-id: 0CBC6836816ACCC4
header: Date: Fri, 21 Jun 2019 20:53:17 GMT
header: Location: /s3tests-henv606gq460v2mm8jmxp-22-log
header: Content-Length: 0
header: Server: AmazonS3
send: 'GET /s3tests-henv606gq460v2mm8jmxp-22-log/?acl HTTP/1.1\r\nHost: s3.amazonaws.com\r\nAccept-Encoding: identity\r\nDate: Fri, 21 Jun 2019 20:53:17 GMT\r\nContent-Length: 0\r\nAuthorization: AWS AKIAXSJ4KSEHDD3MJKWU:5YSC/v1Z1BG9b6VO7Gcjk6B3WEw=\r\nUser-Agent: Boto/2.49.0 Python/2.7.5 Linux/3.10.0-957.12.2.el7.x86_64\r\n\r\n'
reply: 'HTTP/1.1 200 OK\r\n'
header: x-amz-id-2: IUaZ/7xUS+ZF1nUAQUOkfgGLKxwNwjhCiDX0r0u8EUX56dGxwW0PSdg59L0Zce5TKIT3JCuF8kk=
header: x-amz-request-id: F2023C60387A9E3F
header: Date: Fri, 21 Jun 2019 20:53:17 GMT
header: Content-Type: application/xml
header: Transfer-Encoding: chunked
header: Server: AmazonS3
send: 'PUT /s3tests-henv606gq460v2mm8jmxp-22-log/?acl HTTP/1.1\r\nHost: s3.amazonaws.com\r\nAccept-Encoding: identity\r\nDate: Fri, 21 Jun 2019 20:53:18 GMT\r\nContent-Length: 910\r\nAuthorization: AWS AKIAXSJ4KSEHDD3MJKWU:ZJHc+9W/umBc5gHW0haVEHHAvr8=\r\nUser-Agent: Boto/2.49.0 Python/2.7.5 Linux/3.10.0-957.12.2.el7.x86_64\r\n\r\n<AccessControlPolicy xmlns="http://s3.amazonaws.com/doc/2006-03-01/"><Owner><ID>52d0a0b67578b2a04c26e426d2ae33fc3f2309fc89db487c66d2d7235b70d9fb</ID><DisplayName>justinjrestivo</DisplayName></Owner><AccessControlList><Grant><Grantee xmlns:xsi="http://www.w3.org/2001/XMLSchema-instance" xsi:type="CanonicalUser"><ID>52d0a0b67578b2a04c26e426d2ae33fc3f2309fc89db487c66d2d7235b70d9fb</ID><DisplayName>justinjrestivo</DisplayName></Grantee><Permission>FULL_CONTROL</Permission></Grant><Grant><Grantee xmlns:xsi="http://www.w3.org/2001/XMLSchema-instance" xsi:type="Group"><URI>http://acs.amazonaws.com/groups/s3/LogDelivery</URI></Grantee><Permission>WRITE</Permission></Grant><Grant><Grantee xmlns:xsi="http://www.w3.org/2001/XMLSchema-instance" xsi:type="Group"><URI>http://acs.amazonaws.com/groups/s3/LogDelivery</URI></Grantee><Permission>READ_ACP</Permission></Grant></AccessControlList></AccessControlPolicy>'
reply: 'HTTP/1.1 200 OK\r\n'
header: x-amz-id-2: TalWxeo/ntSQAqOUkVeD0eRPQB30h6vF5+sVChEkcQZ/p5lNU34a9yRE6C6aEGC5BwbVUNgimf0=
header: x-amz-request-id: F79E4526BB61D000
header: Date: Fri, 21 Jun 2019 20:53:17 GMT
header: Content-Length: 0
header: Server: AmazonS3
send: 'PUT /s3tests-henv606gq460v2mm8jmxp-22/?logging HTTP/1.1\r\nHost: s3.amazonaws.com\r\nAccept-Encoding: identity\r\nDate: Fri, 21 Jun 2019 20:53:18 GMT\r\nContent-Length: 287\r\nAuthorization: AWS AKIAXSJ4KSEHDD3MJKWU:QNlJ/zCXLW7Nu9+06EDGbuJJ0Os=\r\nUser-Agent: Boto/2.49.0 Python/2.7.5 Linux/3.10.0-957.12.2.el7.x86_64\r\n\r\n<?xml version="1.0" encoding="UTF-8"?><BucketLoggingStatus xmlns="http://doc.s3.amazonaws.com/2006-03-01"><LoggingEnabled><TargetBucket>s3tests-henv606gq460v2mm8jmxp-22-log</TargetBucket><TargetPrefix>s3tests-henv606gq460v2mm8jmxp-22</TargetPrefix></LoggingEnabled></BucketLoggingStatus>'
reply: 'HTTP/1.1 200 OK\r\n'
header: x-amz-id-2: UZnh1tRqZzI9/qupNq5IbAKwJDIFOhOikI60nA/jAlcHI+dFw9bRtwSsuvlK+ul8ygNhWA4QFS0=
header: x-amz-request-id: FB03CCC9062C74E5
header: Date: Fri, 21 Jun 2019 20:53:17 GMT
header: Content-Length: 0
header: Server: AmazonS3
send: 'PUT /s3tests-henv606gq460v2mm8jmxp-22/?logging HTTP/1.1\r\nHost: s3.amazonaws.com\r\nAccept-Encoding: identity\r\nDate: Fri, 21 Jun 2019 20:53:18 GMT\r\nContent-Length: 128\r\nAuthorization: AWS AKIAXSJ4KSEHDD3MJKWU:QNlJ/zCXLW7Nu9+06EDGbuJJ0Os=\r\nUser-Agent: Boto/2.49.0 Python/2.7.5 Linux/3.10.0-957.12.2.el7.x86_64\r\n\r\n<?xml version="1.0" encoding="UTF-8"?><BucketLoggingStatus xmlns="http://doc.s3.amazonaws.com/2006-03-01"></BucketLoggingStatus>'
reply: 'HTTP/1.1 200 OK\r\n'
header: x-amz-id-2: DX6o5d7fZiGcH46vbFnQxXxN0ygFDd+C5UDNVaH7HKM+ZXWW0vKjtkM3HIsuAWtGG2GcAv9VJ+Y=
header: x-amz-request-id: B72B7EA14F12850E
header: Date: Fri, 21 Jun 2019 20:53:17 GMT
header: Content-Length: 0
header: Server: AmazonS3
]]></system-out></testcase><testcase classname="s3tests.functional.test_s3" name="test_atomic_write_bucket_gone" time="1.208"><error type="socket.error" message="[Errno 104] Connection reset by peer&#10;-------------------- &gt;&gt; begin captured stdout &lt;&lt; ---------------------&#10;send: 'PUT /s3tests-henv606gq460v2mm8jmxp-23/ HTTP/1.1\r\nHost: s3.amazonaws.com\r\nAccept-Encoding: identity\r\nDate: Fri, 21 Jun 2019 20:53:18 GMT\r\nContent-Length: 0\r\nAuthorization: AWS AKIAXSJ4KSEHDD3MJKWU:Rj0Pc1+94qXIFbSRREz2IB6Z/Nw=\r\nUser-Agent: Boto/2.49.0 Python/2.7.5 Linux/3.10.0-957.12.2.el7.x86_64\r\n\r\n'&#10;reply: 'HTTP/1.1 200 OK\r\n'&#10;header: x-amz-id-2: BR0YwioBNVq//Hqtffbn29rY+Im8iURE4dkZCXcmh0U21DOBfNEauiTZU7Plb3m9elnra++3y0A=&#13;&#10;header: x-amz-request-id: 2A7B112866C1277C&#13;&#10;header: Date: Fri, 21 Jun 2019 20:53:17 GMT&#13;&#10;header: Location: /s3tests-henv606gq460v2mm8jmxp-23&#13;&#10;header: Content-Length: 0&#13;&#10;header: Server: AmazonS3&#13;&#10;send: 'DELETE /s3tests-henv606gq460v2mm8jmxp-23/ HTTP/1.1\r\nHost: s3.amazonaws.com\r\nAccept-Encoding: identity\r\nDate: Fri, 21 Jun 2019 20:53:18 GMT\r\nContent-Length: 0\r\nAuthorization: AWS AKIAXSJ4KSEHDD3MJKWU:Hq2f8Nf6LUI3VBTsiXVPoRdCxgc=\r\nUser-Agent: Boto/2.49.0 Python/2.7.5 Linux/3.10.0-957.12.2.el7.x86_64\r\n\r\n'&#10;reply: 'HTTP/1.1 204 No Content\r\n'&#10;header: x-amz-id-2: cGL9m5BrZcV+v8eYveNb+u6l9Y+NYLhkLmYOiVMPpEEIbrcEfE/padl0IlkFpcQE9ZK8ThQH314=&#13;&#10;header: x-amz-request-id: 7053244660BE3633&#13;&#10;header: Date: Fri, 21 Jun 2019 20:53:18 GMT&#13;&#10;header: Server: AmazonS3&#13;&#10;send: 'PUT /s3tests-henv606gq460v2mm8jmxp-23/foo HTTP/1.1\r\nHost: s3.amazonaws.com\r\nAccept-Encoding: identity\r\nContent-Length: 1048576\r\nContent-MD5: 5gZcSqKrFgMAj8GEEPV51A==\r\nExpect: 100-Continue\r\nDate: Fri, 21 Jun 2019 20:53:18 GMT\r\nUser-Agent: Boto/2.49.0 Python/2.7.5 Linux/3.10.0-957.12.2.el7.x86_64\r\nContent-Type: application/octet-stream\r\nAuthorization: AWS AKIAXSJ4KSEHDD3MJKWU:uye3RlAFGxgeiqksVJ/S7RYEN64=\r\n\r\n'&#10;&#10;--------------------- &gt;&gt; end captured stdout &lt;&lt; ----------------------&#10;-------------------- &gt;&gt; begin captured logging &lt;&lt; --------------------&#10;boto: DEBUG: path=/s3tests-henv606gq460v2mm8jmxp-23/&#10;boto: DEBUG: auth_path=/s3tests-henv606gq460v2mm8jmxp-23/&#10;boto: DEBUG: Method: PUT&#10;boto: DEBUG: Path: /s3tests-henv606gq460v2mm8jmxp-23/&#10;boto: DEBUG: Data: &#10;boto: DEBUG: Headers: {}&#10;boto: DEBUG: Host: s3.amazonaws.com&#10;boto: DEBUG: Port: 443&#10;boto: DEBUG: Params: {}&#10;boto: DEBUG: Token: None&#10;boto: DEBUG: StringToSign:&#10;PUT&#10;&#10;&#10;Fri, 21 Jun 2019 20:53:18 GMT&#10;/s3tests-henv606gq460v2mm8jmxp-23/&#10;boto: DEBUG: Signature:&#10;AWS AKIAXSJ4KSEHDD3MJKWU:Rj0Pc1+94qXIFbSRREz2IB6Z/Nw=&#10;boto: DEBUG: Final headers: {'Date': 'Fri, 21 Jun 2019 20:53:18 GMT', 'Content-Length': '0', 'Authorization': u'AWS AKIAXSJ4KSEHDD3MJKWU:Rj0Pc1+94qXIFbSRREz2IB6Z/Nw=', 'User-Agent': 'Boto/2.49.0 Python/2.7.5 Linux/3.10.0-957.12.2.el7.x86_64'}&#10;boto: DEBUG: Response headers: [('content-length', '0'), ('x-amz-id-2', 'BR0YwioBNVq//Hqtffbn29rY+Im8iURE4dkZCXcmh0U21DOBfNEauiTZU7Plb3m9elnra++3y0A='), ('server', 'AmazonS3'), ('x-amz-request-id', '2A7B112866C1277C'), ('location', '/s3tests-henv606gq460v2mm8jmxp-23'), ('date', 'Fri, 21 Jun 2019 20:53:17 GMT')]&#10;boto: DEBUG: path=/s3tests-henv606gq460v2mm8jmxp-23/&#10;boto: DEBUG: auth_path=/s3tests-henv606gq460v2mm8jmxp-23/&#10;boto: DEBUG: Method: DELETE&#10;boto: DEBUG: Path: /s3tests-henv606gq460v2mm8jmxp-23/&#10;boto: DEBUG: Data: &#10;boto: DEBUG: Headers: {}&#10;boto: DEBUG: Host: s3.amazonaws.com&#10;boto: DEBUG: Port: 443&#10;boto: DEBUG: Params: {}&#10;boto: DEBUG: Token: None&#10;boto: DEBUG: StringToSign:&#10;DELETE&#10;&#10;&#10;Fri, 21 Jun 2019 20:53:18 GMT&#10;/s3tests-henv606gq460v2mm8jmxp-23/&#10;boto: DEBUG: Signature:&#10;AWS AKIAXSJ4KSEHDD3MJKWU:Hq2f8Nf6LUI3VBTsiXVPoRdCxgc=&#10;boto: DEBUG: Final headers: {'Date': 'Fri, 21 Jun 2019 20:53:18 GMT', 'Content-Length': '0', 'Authorization': u'AWS AKIAXSJ4KSEHDD3MJKWU:Hq2f8Nf6LUI3VBTsiXVPoRdCxgc=', 'User-Agent': 'Boto/2.49.0 Python/2.7.5 Linux/3.10.0-957.12.2.el7.x86_64'}&#10;boto: DEBUG: Response headers: [('x-amz-id-2', 'cGL9m5BrZcV+v8eYveNb+u6l9Y+NYLhkLmYOiVMPpEEIbrcEfE/padl0IlkFpcQE9ZK8ThQH314='), ('date', 'Fri, 21 Jun 2019 20:53:18 GMT'), ('x-amz-request-id', '7053244660BE3633'), ('server', 'AmazonS3')]&#10;boto: DEBUG: path=/s3tests-henv606gq460v2mm8jmxp-23/foo&#10;boto: DEBUG: auth_path=/s3tests-henv606gq460v2mm8jmxp-23/foo&#10;boto: DEBUG: Method: PUT&#10;boto: DEBUG: Path: /s3tests-henv606gq460v2mm8jmxp-23/foo&#10;boto: DEBUG: Data: &#10;boto: DEBUG: Headers: {'Content-Length': '1048576', 'Content-MD5': u'5gZcSqKrFgMAj8GEEPV51A==', 'Content-Type': 'application/octet-stream', 'Expect': '100-Continue', 'User-Agent': 'Boto/2.49.0 Python/2.7.5 Linux/3.10.0-957.12.2.el7.x86_64'}&#10;boto: DEBUG: Host: s3.amazonaws.com&#10;boto: DEBUG: Port: 443&#10;boto: DEBUG: Params: {}&#10;boto: DEBUG: Token: None&#10;boto: DEBUG: StringToSign:&#10;PUT&#10;5gZcSqKrFgMAj8GEEPV51A==&#10;application/octet-stream&#10;Fri, 21 Jun 2019 20:53:18 GMT&#10;/s3tests-henv606gq460v2mm8jmxp-23/foo&#10;boto: DEBUG: Signature:&#10;AWS AKIAXSJ4KSEHDD3MJKWU:uye3RlAFGxgeiqksVJ/S7RYEN64=&#10;boto: DEBUG: Final headers: {'Content-Length': '1048576', 'Content-MD5': '5gZcSqKrFgMAj8GEEPV51A==', 'Expect': '100-Continue', 'Date': 'Fri, 21 Jun 2019 20:53:18 GMT', 'User-Agent': 'Boto/2.49.0 Python/2.7.5 Linux/3.10.0-957.12.2.el7.x86_64', 'Content-Type': 'application/octet-stream', 'Authorization': u'AWS AKIAXSJ4KSEHDD3MJKWU:uye3RlAFGxgeiqksVJ/S7RYEN64='}&#10;boto: DEBUG: encountered error exception, reconnecting&#10;boto: DEBUG: establishing HTTPS connection: host=s3.amazonaws.com, kwargs={'port': 443, 'timeout': 100}&#10;--------------------- &gt;&gt; end captured logging &lt;&lt; ---------------------"><![CDATA[  File "/usr/lib64/python2.7/unittest/case.py", line 369, in run
    testMethod()
  File "/root/s3-tests/virtualenv/lib/python2.7/site-packages/nose/case.py", line 197, in runTest
    self.test(*self.arg)
  File "/root/s3-tests/s3tests/functional/test_s3.py", line 869, in test_atomic_write_bucket_gone
    e = assert_raises(boto.exception.S3ResponseError, key.set_contents_from_file, fp_a)
  File "/root/s3-tests/s3tests/functional/utils.py", line 13, in assert_raises
    callableObj(*args, **kwargs)
  File "/root/s3-tests/virtualenv/lib/python2.7/site-packages/boto/s3/key.py", line 1309, in set_contents_from_file
    chunked_transfer=chunked_transfer, size=size)
  File "/root/s3-tests/virtualenv/lib/python2.7/site-packages/boto/s3/key.py", line 762, in send_file
    chunked_transfer=chunked_transfer, size=size)
  File "/root/s3-tests/virtualenv/lib/python2.7/site-packages/boto/s3/key.py", line 963, in _send_file_internal
    query_args=query_args
  File "/root/s3-tests/virtualenv/lib/python2.7/site-packages/boto/s3/connection.py", line 671, in make_request
    retry_handler=retry_handler
  File "/root/s3-tests/virtualenv/lib/python2.7/site-packages/boto/connection.py", line 1071, in make_request
    retry_handler=retry_handler)
  File "/root/s3-tests/virtualenv/lib/python2.7/site-packages/boto/connection.py", line 1030, in _mexe
    raise ex
"[Errno 104] Connection reset by peer\n-------------------- >> begin captured stdout << ---------------------\nsend: 'PUT /s3tests-henv606gq460v2mm8jmxp-23/ HTTP/1.1\\r\\nHost: s3.amazonaws.com\\r\\nAccept-Encoding: identity\\r\\nDate: Fri, 21 Jun 2019 20:53:18 GMT\\r\\nContent-Length: 0\\r\\nAuthorization: AWS AKIAXSJ4KSEHDD3MJKWU:Rj0Pc1+94qXIFbSRREz2IB6Z/Nw=\\r\\nUser-Agent: Boto/2.49.0 Python/2.7.5 Linux/3.10.0-957.12.2.el7.x86_64\\r\\n\\r\\n'\nreply: 'HTTP/1.1 200 OK\\r\\n'\nheader: x-amz-id-2: BR0YwioBNVq//Hqtffbn29rY+Im8iURE4dkZCXcmh0U21DOBfNEauiTZU7Plb3m9elnra++3y0A=\r\nheader: x-amz-request-id: 2A7B112866C1277C\r\nheader: Date: Fri, 21 Jun 2019 20:53:17 GMT\r\nheader: Location: /s3tests-henv606gq460v2mm8jmxp-23\r\nheader: Content-Length: 0\r\nheader: Server: AmazonS3\r\nsend: 'DELETE /s3tests-henv606gq460v2mm8jmxp-23/ HTTP/1.1\\r\\nHost: s3.amazonaws.com\\r\\nAccept-Encoding: identity\\r\\nDate: Fri, 21 Jun 2019 20:53:18 GMT\\r\\nContent-Length: 0\\r\\nAuthorization: AWS AKIAXSJ4KSEHDD3MJKWU:Hq2f8Nf6LUI3VBTsiXVPoRdCxgc=\\r\\nUser-Agent: Boto/2.49.0 Python/2.7.5 Linux/3.10.0-957.12.2.el7.x86_64\\r\\n\\r\\n'\nreply: 'HTTP/1.1 204 No Content\\r\\n'\nheader: x-amz-id-2: cGL9m5BrZcV+v8eYveNb+u6l9Y+NYLhkLmYOiVMPpEEIbrcEfE/padl0IlkFpcQE9ZK8ThQH314=\r\nheader: x-amz-request-id: 7053244660BE3633\r\nheader: Date: Fri, 21 Jun 2019 20:53:18 GMT\r\nheader: Server: AmazonS3\r\nsend: 'PUT /s3tests-henv606gq460v2mm8jmxp-23/foo HTTP/1.1\\r\\nHost: s3.amazonaws.com\\r\\nAccept-Encoding: identity\\r\\nContent-Length: 1048576\\r\\nContent-MD5: 5gZcSqKrFgMAj8GEEPV51A==\\r\\nExpect: 100-Continue\\r\\nDate: Fri, 21 Jun 2019 20:53:18 GMT\\r\\nUser-Agent: Boto/2.49.0 Python/2.7.5 Linux/3.10.0-957.12.2.el7.x86_64\\r\\nContent-Type: application/octet-stream\\r\\nAuthorization: AWS AKIAXSJ4KSEHDD3MJKWU:uye3RlAFGxgeiqksVJ/S7RYEN64=\\r\\n\\r\\n'\n\n--------------------- >> end captured stdout << ----------------------\n-------------------- >> begin captured logging << --------------------\nboto: DEBUG: path=/s3tests-henv606gq460v2mm8jmxp-23/\nboto: DEBUG: auth_path=/s3tests-henv606gq460v2mm8jmxp-23/\nboto: DEBUG: Method: PUT\nboto: DEBUG: Path: /s3tests-henv606gq460v2mm8jmxp-23/\nboto: DEBUG: Data: \nboto: DEBUG: Headers: {}\nboto: DEBUG: Host: s3.amazonaws.com\nboto: DEBUG: Port: 443\nboto: DEBUG: Params: {}\nboto: DEBUG: Token: None\nboto: DEBUG: StringToSign:\nPUT\n\n\nFri, 21 Jun 2019 20:53:18 GMT\n/s3tests-henv606gq460v2mm8jmxp-23/\nboto: DEBUG: Signature:\nAWS AKIAXSJ4KSEHDD3MJKWU:Rj0Pc1+94qXIFbSRREz2IB6Z/Nw=\nboto: DEBUG: Final headers: {'Date': 'Fri, 21 Jun 2019 20:53:18 GMT', 'Content-Length': '0', 'Authorization': u'AWS AKIAXSJ4KSEHDD3MJKWU:Rj0Pc1+94qXIFbSRREz2IB6Z/Nw=', 'User-Agent': 'Boto/2.49.0 Python/2.7.5 Linux/3.10.0-957.12.2.el7.x86_64'}\nboto: DEBUG: Response headers: [('content-length', '0'), ('x-amz-id-2', 'BR0YwioBNVq//Hqtffbn29rY+Im8iURE4dkZCXcmh0U21DOBfNEauiTZU7Plb3m9elnra++3y0A='), ('server', 'AmazonS3'), ('x-amz-request-id', '2A7B112866C1277C'), ('location', '/s3tests-henv606gq460v2mm8jmxp-23'), ('date', 'Fri, 21 Jun 2019 20:53:17 GMT')]\nboto: DEBUG: path=/s3tests-henv606gq460v2mm8jmxp-23/\nboto: DEBUG: auth_path=/s3tests-henv606gq460v2mm8jmxp-23/\nboto: DEBUG: Method: DELETE\nboto: DEBUG: Path: /s3tests-henv606gq460v2mm8jmxp-23/\nboto: DEBUG: Data: \nboto: DEBUG: Headers: {}\nboto: DEBUG: Host: s3.amazonaws.com\nboto: DEBUG: Port: 443\nboto: DEBUG: Params: {}\nboto: DEBUG: Token: None\nboto: DEBUG: StringToSign:\nDELETE\n\n\nFri, 21 Jun 2019 20:53:18 GMT\n/s3tests-henv606gq460v2mm8jmxp-23/\nboto: DEBUG: Signature:\nAWS AKIAXSJ4KSEHDD3MJKWU:Hq2f8Nf6LUI3VBTsiXVPoRdCxgc=\nboto: DEBUG: Final headers: {'Date': 'Fri, 21 Jun 2019 20:53:18 GMT', 'Content-Length': '0', 'Authorization': u'AWS AKIAXSJ4KSEHDD3MJKWU:Hq2f8Nf6LUI3VBTsiXVPoRdCxgc=', 'User-Agent': 'Boto/2.49.0 Python/2.7.5 Linux/3.10.0-957.12.2.el7.x86_64'}\nboto: DEBUG: Response headers: [('x-amz-id-2', 'cGL9m5BrZcV+v8eYveNb+u6l9Y+NYLhkLmYOiVMPpEEIbrcEfE/padl0IlkFpcQE9ZK8ThQH314='), ('date', 'Fri, 21 Jun 2019 20:53:18 GMT'), ('x-amz-request-id', '7053244660BE3633'), ('server', 'AmazonS3')]\nboto: DEBUG: path=/s3tests-henv606gq460v2mm8jmxp-23/foo\nboto: DEBUG: auth_path=/s3tests-henv606gq460v2mm8jmxp-23/foo\nboto: DEBUG: Method: PUT\nboto: DEBUG: Path: /s3tests-henv606gq460v2mm8jmxp-23/foo\nboto: DEBUG: Data: \nboto: DEBUG: Headers: {'Content-Length': '1048576', 'Content-MD5': u'5gZcSqKrFgMAj8GEEPV51A==', 'Content-Type': 'application/octet-stream', 'Expect': '100-Continue', 'User-Agent': 'Boto/2.49.0 Python/2.7.5 Linux/3.10.0-957.12.2.el7.x86_64'}\nboto: DEBUG: Host: s3.amazonaws.com\nboto: DEBUG: Port: 443\nboto: DEBUG: Params: {}\nboto: DEBUG: Token: None\nboto: DEBUG: StringToSign:\nPUT\n5gZcSqKrFgMAj8GEEPV51A==\napplication/octet-stream\nFri, 21 Jun 2019 20:53:18 GMT\n/s3tests-henv606gq460v2mm8jmxp-23/foo\nboto: DEBUG: Signature:\nAWS AKIAXSJ4KSEHDD3MJKWU:uye3RlAFGxgeiqksVJ/S7RYEN64=\nboto: DEBUG: Final headers: {'Content-Length': '1048576', 'Content-MD5': '5gZcSqKrFgMAj8GEEPV51A==', 'Expect': '100-Continue', 'Date': 'Fri, 21 Jun 2019 20:53:18 GMT', 'User-Agent': 'Boto/2.49.0 Python/2.7.5 Linux/3.10.0-957.12.2.el7.x86_64', 'Content-Type': 'application/octet-stream', 'Authorization': u'AWS AKIAXSJ4KSEHDD3MJKWU:uye3RlAFGxgeiqksVJ/S7RYEN64='}\nboto: DEBUG: encountered error exception, reconnecting\nboto: DEBUG: establishing HTTPS connection: host=s3.amazonaws.com, kwargs={'port': 443, 'timeout': 100}\n--------------------- >> end captured logging << ---------------------"]]></error><system-out><![CDATA[send: 'PUT /s3tests-henv606gq460v2mm8jmxp-23/ HTTP/1.1\r\nHost: s3.amazonaws.com\r\nAccept-Encoding: identity\r\nDate: Fri, 21 Jun 2019 20:53:18 GMT\r\nContent-Length: 0\r\nAuthorization: AWS AKIAXSJ4KSEHDD3MJKWU:Rj0Pc1+94qXIFbSRREz2IB6Z/Nw=\r\nUser-Agent: Boto/2.49.0 Python/2.7.5 Linux/3.10.0-957.12.2.el7.x86_64\r\n\r\n'
reply: 'HTTP/1.1 200 OK\r\n'
header: x-amz-id-2: BR0YwioBNVq//Hqtffbn29rY+Im8iURE4dkZCXcmh0U21DOBfNEauiTZU7Plb3m9elnra++3y0A=
header: x-amz-request-id: 2A7B112866C1277C
header: Date: Fri, 21 Jun 2019 20:53:17 GMT
header: Location: /s3tests-henv606gq460v2mm8jmxp-23
header: Content-Length: 0
header: Server: AmazonS3
send: 'DELETE /s3tests-henv606gq460v2mm8jmxp-23/ HTTP/1.1\r\nHost: s3.amazonaws.com\r\nAccept-Encoding: identity\r\nDate: Fri, 21 Jun 2019 20:53:18 GMT\r\nContent-Length: 0\r\nAuthorization: AWS AKIAXSJ4KSEHDD3MJKWU:Hq2f8Nf6LUI3VBTsiXVPoRdCxgc=\r\nUser-Agent: Boto/2.49.0 Python/2.7.5 Linux/3.10.0-957.12.2.el7.x86_64\r\n\r\n'
reply: 'HTTP/1.1 204 No Content\r\n'
header: x-amz-id-2: cGL9m5BrZcV+v8eYveNb+u6l9Y+NYLhkLmYOiVMPpEEIbrcEfE/padl0IlkFpcQE9ZK8ThQH314=
header: x-amz-request-id: 7053244660BE3633
header: Date: Fri, 21 Jun 2019 20:53:18 GMT
header: Server: AmazonS3
send: 'PUT /s3tests-henv606gq460v2mm8jmxp-23/foo HTTP/1.1\r\nHost: s3.amazonaws.com\r\nAccept-Encoding: identity\r\nContent-Length: 1048576\r\nContent-MD5: 5gZcSqKrFgMAj8GEEPV51A==\r\nExpect: 100-Continue\r\nDate: Fri, 21 Jun 2019 20:53:18 GMT\r\nUser-Agent: Boto/2.49.0 Python/2.7.5 Linux/3.10.0-957.12.2.el7.x86_64\r\nContent-Type: application/octet-stream\r\nAuthorization: AWS AKIAXSJ4KSEHDD3MJKWU:uye3RlAFGxgeiqksVJ/S7RYEN64=\r\n\r\n'
]]></system-out></testcase><testcase classname="s3tests.functional.test_s3" name="test_encryption_sse_c_multipart_invalid_chunks_1" time="0.877"><error type="socket.error" message="[Errno 104] Connection reset by peer&#10;-------------------- &gt;&gt; begin captured logging &lt;&lt; --------------------&#10;boto: DEBUG: path=/s3tests-henv606gq460v2mm8jmxp-24/&#10;boto: DEBUG: auth_path=/s3tests-henv606gq460v2mm8jmxp-24/&#10;boto: DEBUG: Method: PUT&#10;boto: DEBUG: Path: /s3tests-henv606gq460v2mm8jmxp-24/&#10;boto: DEBUG: Data: &#10;boto: DEBUG: Headers: {}&#10;boto: DEBUG: Host: s3.amazonaws.com&#10;boto: DEBUG: Port: 443&#10;boto: DEBUG: Params: {}&#10;boto: DEBUG: establishing HTTPS connection: host=s3.amazonaws.com, kwargs={'port': 443, 'timeout': 100}&#10;boto: DEBUG: Token: None&#10;boto: DEBUG: StringToSign:&#10;PUT&#10;&#10;&#10;Fri, 21 Jun 2019 20:53:19 GMT&#10;/s3tests-henv606gq460v2mm8jmxp-24/&#10;boto: DEBUG: Signature:&#10;AWS AKIAXSJ4KSEHDD3MJKWU:8LT+qv3xZ39mTdN35er+0lxL/Yg=&#10;boto: DEBUG: Final headers: {'Date': 'Fri, 21 Jun 2019 20:53:19 GMT', 'Content-Length': '0', 'Authorization': u'AWS AKIAXSJ4KSEHDD3MJKWU:8LT+qv3xZ39mTdN35er+0lxL/Yg=', 'User-Agent': 'Boto/2.49.0 Python/2.7.5 Linux/3.10.0-957.12.2.el7.x86_64'}&#10;boto: DEBUG: wrapping ssl socket; CA certificate file=/root/s3-tests/virtualenv/lib/python2.7/site-packages/boto/cacerts/cacerts.txt&#10;boto: DEBUG: validating server certificate: hostname=s3.amazonaws.com, certificate hosts=['s3.amazonaws.com', '*.s3.amazonaws.com', '*.s3.dualstack.us-east-1.amazonaws.com', 's3.dualstack.us-east-1.amazonaws.com', '*.s3.us-east-1.amazonaws.com', 's3.us-east-1.amazonaws.com', '*.s3-control.us-east-1.amazonaws.com', 's3-control.us-east-1.amazonaws.com', '*.s3-control.dualstack.us-east-1.amazonaws.com', 's3-control.dualstack.us-east-1.amazonaws.com']&#10;boto: DEBUG: Response headers: [('content-length', '0'), ('x-amz-id-2', '978VlH5PjvLEqzEQ3A2eAJ5rfAQlp700CGPJTPUKVyLfElsPmVgZT0FRAXJUvEoSkNR/2iOxjv0='), ('server', 'AmazonS3'), ('x-amz-request-id', '9D97AE586E3ABE86'), ('location', '/s3tests-henv606gq460v2mm8jmxp-24'), ('date', 'Fri, 21 Jun 2019 20:53:19 GMT')]&#10;boto: DEBUG: path=/s3tests-henv606gq460v2mm8jmxp-24/multipart_enc&#10;boto: DEBUG: auth_path=/s3tests-henv606gq460v2mm8jmxp-24/multipart_enc&#10;boto: DEBUG: path=/s3tests-henv606gq460v2mm8jmxp-24/multipart_enc?uploads&#10;boto: DEBUG: auth_path=/s3tests-henv606gq460v2mm8jmxp-24/multipart_enc?uploads&#10;boto: DEBUG: Method: POST&#10;boto: DEBUG: Path: /s3tests-henv606gq460v2mm8jmxp-24/multipart_enc?uploads&#10;boto: DEBUG: Data: &#10;boto: DEBUG: Headers: {'x-amz-server-side-encryption-customer-key-md5': 'DWygnHRtgiJ77HCm+1rvHw==', 'x-amz-server-side-encryption-customer-algorithm': 'AES256', 'x-amz-server-side-encryption-customer-key': 'pO3upElrwuEXSoFwCfnZPdSsmt/xWeFa0N9KgDijwVs=', 'Content-Type': 'text/bla', 'x-amz-meta-foo': 'bar'}&#10;boto: DEBUG: Host: s3.amazonaws.com&#10;boto: DEBUG: Port: 443&#10;boto: DEBUG: Params: {}&#10;boto: DEBUG: Token: None&#10;boto: DEBUG: StringToSign:&#10;POST&#10;&#10;text/bla&#10;Fri, 21 Jun 2019 20:53:20 GMT&#10;x-amz-meta-foo:bar&#10;x-amz-server-side-encryption-customer-algorithm:AES256&#10;x-amz-server-side-encryption-customer-key:pO3upElrwuEXSoFwCfnZPdSsmt/xWeFa0N9KgDijwVs=&#10;x-amz-server-side-encryption-customer-key-md5:DWygnHRtgiJ77HCm+1rvHw==&#10;/s3tests-henv606gq460v2mm8jmxp-24/multipart_enc?uploads&#10;boto: DEBUG: Signature:&#10;AWS AKIAXSJ4KSEHDD3MJKWU:TxoSxy1F7KJj4J5Z69mEZlQL3OI=&
[...]
om', 's3.us-east-1.amazonaws.com', '*.s3-control.us-east-1.amazonaws.com', 's3-control.us-east-1.amazonaws.com', '*.s3-control.dualstack.us-east-1.amazonaws.com', 's3-control.dualstack.us-east-1.amazonaws.com']&#10;boto: DEBUG: Response headers: [('content-length', '0'), ('x-amz-id-2', '3XEk+T6/azpZZmTIgnCYkWutvBb/hWz1M/mkjuEpicuC8OEXbH+v4mW4pqXQeeIlJ93SMVOYjg0='), ('server', 'AmazonS3'), ('x-amz-request-id', '462561173DAFBF4B'), ('location', '/s3tests-henv606gq460v2mm8jmxp-29'), ('date', 'Fri, 21 Jun 2019 20:53:23 GMT')]&#10;boto: DEBUG: path=/s3tests-henv606gq460v2mm8jmxp-29/&#10;boto: DEBUG: auth_path=/s3tests-henv606gq460v2mm8jmxp-29/&#10;boto: DEBUG: path=/s3tests-henv606gq460v2mm8jmxp-29/?policy&#10;boto: DEBUG: auth_path=/s3tests-henv606gq460v2mm8jmxp-29/?policy&#10;boto: DEBUG: Method: PUT&#10;boto: DEBUG: Path: /s3tests-henv606gq460v2mm8jmxp-29/?policy&#10;boto: DEBUG: Data: {&quot;Version&quot;: &quot;2012-10-17&quot;, &quot;Statement&quot;: [{&quot;Action&quot;: &quot;s3:PutObject&quot;, &quot;Resource&quot;: &quot;arn:aws:s3:::s3tests-henv606gq460v2mm8jmxp-29/*&quot;, &quot;Effect&quot;: &quot;Allow&quot;, &quot;Condition&quot;: {&quot;StringEquals&quot;: {&quot;s3:RequestObjectTag/security&quot;: &quot;public&quot;}}, &quot;Principal&quot;: {&quot;AWS&quot;: &quot;*&quot;}}]}&#10;boto: DEBUG: Headers: {}&#10;boto: DEBUG: Host: s3.amazonaws.com&#10;boto: DEBUG: Port: 443&#10;boto: DEBUG: Params: {}&#10;boto: DEBUG: Token: None&#10;boto: DEBUG: StringToSign:&#10;PUT&#10;&#10;&#10;Fri, 21 Jun 2019 20:53:24 GMT&#10;/s3tests-henv606gq460v2mm8jmxp-29/?policy&#10;boto: DEBUG: Signature:&#10;AWS AKIAXSJ4KSEHDD3MJKWU:MmwA5426meYFelQYfbbczZzpbHc=&#10;boto: DEBUG: Final headers: {'Date': 'Fri, 21 Jun 2019 20:53:24 GMT', 'Content-Length': '252', 'Authorization': u'AWS AKIAXSJ4KSEHDD3MJKWU:MmwA5426meYFelQYfbbczZzpbHc=', 'User-Agent': 'Boto/2.49.0 Python/2.7.5 Linux/3.10.0-957.12.2.el7.x86_64'}&#10;boto: DEBUG: Response headers: [('x-amz-id-2', 'nmgKJAiQvdQBt8EcmSoGwWCt0t5o0wj0yxMyDSno9m4ERDLqPdX1QBQCnr0SA/47t8+yrjYwPhE='), ('date', 'Fri, 21 Jun 2019 20:53:23 GMT'), ('x-amz-request-id', '87570CB1064B3E88'), ('server', 'AmazonS3')]&#10;boto: DEBUG: Using access key provided by client.&#10;boto: DEBUG: Using secret key provided by client.&#10;boto: DEBUG: path=/s3tests-henv606gq460v2mm8jmxp-29/testobj&#10;boto: DEBUG: auth_path=/s3tests-henv606gq460v2mm8jmxp-29/testobj&#10;boto: DEBUG: Method: PUT&#10;boto: DEBUG: Path: /s3tests-henv606gq460v2mm8jmxp-29/testobj&#10;boto: DEBUG: Data: &#10;boto: DEBUG: Headers: {'Content-Length': '7', 'Content-MD5': u'zcU7hseB6FReRwDe376UCQ==', 'Content-Type': 'application/octet-stream', 'Expect': '100-Continue', 'User-Agent': 'Boto/2.49.0 Python/2.7.5 Linux/3.10.0-957.12.2.el7.x86_64'}&#10;boto: DEBUG: Host: s3.amazonaws.com&#10;boto: DEBUG: Port: 443&#10;boto: DEBUG: Params: {}&#10;boto: DEBUG: establishing HTTPS connection: host=s3.amazonaws.com, kwargs={'port': 443, 'timeout': 100}&#10;boto: DEBUG: Token: None&#10;boto: DEBUG: StringToSign:&#10;PUT&#10;zcU7hseB6FReRwDe376UCQ==&#10;application/octet-stream&#10;Fri, 21 Jun 2019 20:53:24 GMT&#10;/s3tests-henv606gq460v2mm8jmxp-29/testobj&#10;boto: DEBUG: Signature:&#10;AWS AKIAXSJ4KSEHEZSQFI7B:7E5Ky2xTZ1ph6F0NmHjn1Broq3o=&#10;boto: DEBUG: Final headers: {'Content-Length': '7', 'Content-MD5': 'zcU7hseB6FReRwDe376UCQ==', 'Expect': '100-Continue', 'Date': 'Fri, 21 Jun 2019 20:53:24 GMT', 'User-Agent': 'Boto/2.49.0 Python/2.7.5 Linux/3.10.0-957.12.2.el7.x86_64', 'Content-Type': 'application/octet-stream', 'Authorization': u'AWS AKIAXSJ4KSEHEZSQFI7B:7E5Ky2xTZ1ph6F0NmHjn1Broq3o='}&#10;boto: DEBUG: wrapping ssl socket; CA certificate file=/root/s3-tests/virtualenv/lib/python2.7/site-packages/boto/cacerts/cacerts.txt&#10;boto: DEBUG: validating server certificate: hostname=s3.amazonaws.com, certificate hosts=['s3.amazonaws.com', '*.s3.amazonaws.com', '*.s3.dualstack.us-east-1.amazonaws.com', 's3.dualstack.us-east-1.amazonaws.com', '*.s3.us-east-1.amazonaws.com', 's3.us-east-1.amazonaws.com', '*.s3-control.us-east-1.amazonaws.com', 's3-control.us-east-1.amazonaws.com', '*.s3-control.dualstack.us-east-1.amazonaws.com', 's3-control.dualstack.us-east-1.amazonaws.com']&#10;boto: DEBUG: Response headers: [('content-length', '0'), ('x-amz-id-2', 'w679umpp9oyBl1QrhDpU48aQgXE1SmbQOwDcgPRscJZmIUnkC2T5qGpQAMLzL/Hou0EWDBuvwqw='), ('server', 'AmazonS3'), ('x-amz-request-id', '9F9E95C094DCC33F'), ('etag', '&quot;cdc53b86c781e8545e4700dedfbe9409&quot;'), ('date', 'Fri, 21 Jun 2019 20:53:24 GMT')]&#10;--------------------- &gt;&gt; end captured logging &lt;&lt; ---------------------"><![CDATA[  File "/usr/lib64/python2.7/unittest/case.py", line 369, in run
    testMethod()
  File "/root/s3-tests/virtualenv/lib/python2.7/site-packages/nose/case.py", line 197, in runTest
    self.test(*self.arg)
  File "/root/s3-tests/s3tests/functional/test_s3.py", line 1100, in test_bucket_policy_put_obj_request_obj_tag
    check_access_denied(key1.set_contents_from_string, key1_str)
  File "/root/s3-tests/s3tests/functional/test_s3.py", line 57, in check_access_denied
    e = assert_raises(boto.exception.S3ResponseError, fn, *args, **kwargs)
  File "/root/s3-tests/s3tests/functional/utils.py", line 21, in assert_raises
    raise AssertionError("%s not raised" % excName)
'S3ResponseError not raised\n-------------------- >> begin captured stdout << ---------------------\nreply: \'HTTP/1.1 100 Continue\\r\\n\'\nreply: \'HTTP/1.1 200 OK\\r\\n\'\nheader: x-amz-id-2: w679umpp9oyBl1QrhDpU48aQgXE1SmbQOwDcgPRscJZmIUnkC2T5qGpQAMLzL/Hou0EWDBuvwqw=\r\nheader: x-amz-request-id: 9F9E95C094DCC33F\r\nheader: Date: Fri, 21 Jun 2019 20:53:24 GMT\r\nheader: ETag: "cdc53b86c781e8545e4700dedfbe9409"\r\nheader: Content-Length: 0\r\nheader: Server: AmazonS3\r\n\n--------------------- >> end captured stdout << ----------------------\n-------------------- >> begin captured logging << --------------------\nboto: DEBUG: path=/s3tests-henv606gq460v2mm8jmxp-29/\nboto: DEBUG: auth_path=/s3tests-henv606gq460v2mm8jmxp-29/\nboto: DEBUG: Method: PUT\nboto: DEBUG: Path: /s3tests-henv606gq460v2mm8jmxp-29/\nboto: DEBUG: Data: \nboto: DEBUG: Headers: {}\nboto: DEBUG: Host: s3.amazonaws.com\nboto: DEBUG: Port: 443\nboto: DEBUG: Params: {}\nboto: DEBUG: establishing HTTPS connection: host=s3.amazonaws.com, kwargs={\'port\': 443, \'timeout\': 100}\nboto: DEBUG: Token: None\nboto: DEBUG: StringToSign:\nPUT\n\n\nFri, 21 Jun 2019 20:53:24 GMT\n/s3tests-henv606gq460v2mm8jmxp-29/\nboto: DEBUG: Signature:\nAWS AKIAXSJ4KSEHDD3MJKWU:FJXW05jIKqtHHuYUvoCOglTmIII=\nboto: DEBUG: Final headers: {\'Date\': \'Fri, 21 Jun 2019 20:53:24 GMT\', \'Content-Length\': \'0\', \'Authorization\': u\'AWS AKIAXSJ4KSEHDD3MJKWU:FJXW05jIKqtHHuYUvoCOglTmIII=\', \'User-Agent\': \'Boto/2.49.0 Python/2.7.5 Linux/3.10.0-957.12.2.el7.x86_64\'}\nboto: DEBUG: wrapping ssl socket; CA certificate file=/root/s3-tests/virtualenv/lib/python2.7/site-packages/boto/cacerts/cacerts.txt\nboto: DEBUG: validating server certificate: hostname=s3.amazonaws.com, certificate hosts=[\'s3.amazonaws.com\', \'*.s3.amazonaws.com\', \'*.s3.dualstack.us-east-1.amazonaws.com\', \'s3.dualstack.us-east-1.amazonaws.com\', \'*.s3.us-east-1.amazonaws.com\', \'s3.us-east-1.amazonaws.com\', \'*.s3-control.us-east-1.amazonaws.com\', \'s3-control.us-east-1.amazonaws.com\', \'*.s3-control.dualstack.us-east-1.amazonaws.com\', \'s3-control.dualstack.us-east-1.amazonaws.com\']\nboto: DEBUG: Response headers: [(\'content-length\', \'0\'), (\'x-amz-id-2\', \'3XEk+T6/azpZZmTIgnCYkWutvBb/hWz1M/mkjuEpicuC8OEXbH+v4mW4pqXQeeIlJ93SMVOYjg0=\'), (\'server\', \'AmazonS3\'), (\'x-amz-request-id\', \'462561173DAFBF4B\'), (\'location\', \'/s3tests-henv606gq460v2mm8jmxp-29\'), (\'date\', \'Fri, 21 Jun 2019 20:53:23 GMT\')]\nboto: DEBUG: path=/s3tests-henv606gq460v2mm8jmxp-29/\nboto: DEBUG: auth_path=/s3tests-henv606gq460v2mm8jmxp-29/\nboto: DEBUG: path=/s3tests-henv606gq460v2mm8jmxp-29/?policy\nboto: DEBUG: auth_path=/s3tests-henv606gq460v2mm8jmxp-29/?policy\nboto: DEBUG: Method: PUT\nboto: DEBUG: Path: /s3tests-henv606gq460v2mm8jmxp-29/?policy\nboto: DEBUG: Data: {"Version": "2012-10-17", "Statement": [{"Action": "s3:PutObject", "Resource": "arn:aws:s3:::s3tests-henv606gq460v2mm8jmxp-29/*", "Effect": "Allow", "Condition": {"StringEquals": {"s3:RequestObjectTag/security": "public"}}, "Principal": {"AWS": "*"}}]}\nboto: DEBUG: Headers: {}\nboto: DEBUG: Host: s3.amazonaws.com\nboto: DEBUG: Port: 443\nboto: DEBUG: Params: {}\nboto: DEBUG: Token: None\nboto: DEBUG: StringToSign:\nPUT\n\n\nFri, 21 Jun 2019 20:53:24 GMT\n/s3tests-henv606gq460v2mm8jmxp-29/?policy\nboto: DEBUG: Signature:\nAWS AKIAXSJ4KSEHDD3MJKWU:MmwA5426meYFelQYfbbczZzpbHc=\nboto: DEBUG: Final headers: {\'Date\': \'Fri, 21 Jun 2019 20:53:24 GMT\', \'Content-Length\': \'252\', \'Authorization\': u\'AWS AKIAXSJ4KSEHDD3MJKWU:MmwA5426meYFelQYfbbczZzpbHc=\', \'User-Agent\': \'Boto/2.49.0 Python/2.7.5 Linux/3.10.0-957.12.2.el7.x86_64\'}\nboto: DEBUG: Response headers: [(\'x-amz-id-2\', \'nmgKJAiQvdQBt8EcmSoGwWCt0t5o0wj0yxMyDSno9m4ERDLqPdX1QBQCnr0SA/47t8+yrjYwPhE=\'), (\'date\', \'Fri, 21 Jun 2019 20:53:23 GMT\'), (\'x-amz-request-id\', \'87570CB1064B3E88\'), (\'server\', \'AmazonS3\')]\nboto: DEBUG: Using access key provided by client.\nboto: DEBUG: Using secret key provided by client.\nboto: DEBUG: path=/s3tests-henv606gq460v2mm8jmxp-29/testobj\nboto: DEBUG: auth_path=/s3tests-henv606gq460v2mm8jmxp-29/testobj\nboto: DEBUG: Method: PUT\nboto: DEBUG: Path: /s3tests-henv606gq460v2mm8jmxp-29/testobj\nboto: DEBUG: Data: \nboto: DEBUG: Headers: {\'Content-Length\': \'7\', \'Content-MD5\': u\'zcU7hseB6FReRwDe376UCQ==\', \'Content-Type\': \'application/octet-stream\', \'Expect\': \'100-Continue\', \'User-Agent\': \'Boto/2.49.0 Python/2.7.5 Linux/3.10.0-957.12.2.el7.x86_64\'}\nboto: DEBUG: Host: s3.amazonaws.com\nboto: DEBUG: Port: 443\nboto: DEBUG: Params: {}\nboto: DEBUG: establishing HTTPS connection: host=s3.amazonaws.com, kwargs={\'port\': 443, \'timeout\': 100}\nboto: DEBUG: Token: None\nboto: DEBUG: StringToSign:\nPUT\nzcU7hseB6FReRwDe376UCQ==\napplication/octet-stream\nFri, 21 Jun 2019 20:53:24 GMT\n/s3tests-henv606gq460v2mm8jmxp-29/testobj\nboto: DEBUG: Signature:\nAWS AKIAXSJ4KSEHEZSQFI7B:7E5Ky2xTZ1ph6F0NmHjn1Broq3o=\nboto: DEBUG: Final headers: {\'Content-Length\': \'7\', \'Content-MD5\': \'zcU7hseB6FReRwDe376UCQ==\', \'Expect\': \'100-Continue\', \'Date\': \'Fri, 21 Jun 2019 20:53:24 GMT\', \'User-Agent\': \'Boto/2.49.0 Python/2.7.5 Linux/3.10.0-957.12.2.el7.x86_64\', \'Content-Type\': \'application/octet-stream\', \'Authorization\': u\'AWS AKIAXSJ4KSEHEZSQFI7B:7E5Ky2xTZ1ph6F0NmHjn1Broq3o=\'}\nboto: DEBUG: wrapping ssl socket; CA certificate file=/root/s3-tests/virtualenv/lib/python2.7/site-packages/boto/cacerts/cacerts.txt\nboto: DEBUG: validating server certificate: hostname=s3.amazonaws.com, certificate hosts=[\'s3.amazonaws.com\', \'*.s3.amazonaws.com\', \'*.s3.dualstack.us-east-1.amazonaws.com\', \'s3.dualstack.us-east-1.amazonaws.com\', \'*.s3.us-east-1.amazonaws.com\', \'s3.us-east-1.amazonaws.com\', \'*.s3-control.us-east-1.amazonaws.com\', \'s3-control.us-east-1.amazonaws.com\', \'*.s3-control.dualstack.us-east-1.amazonaws.com\', \'s3-control.dualstack.us-east-1.amazonaws.com\']\nboto: DEBUG: Response headers: [(\'content-length\', \'0\'), (\'x-amz-id-2\', \'w679umpp9oyBl1QrhDpU48aQgXE1SmbQOwDcgPRscJZmIUnkC2T5qGpQAMLzL/Hou0EWDBuvwqw=\'), (\'server\', \'AmazonS3\'), (\'x-amz-request-id\', \'9F9E95C094DCC33F\'), (\'etag\', \'"cdc53b86c781e8545e4700dedfbe9409"\'), (\'date\', \'Fri, 21 Jun 2019 20:53:24 GMT\')]\n--------------------- >> end captured logging << ---------------------']]></failure><system-out><![CDATA[reply: 'HTTP/1.1 100 Continue\r\n'
reply: 'HTTP/1.1 200 OK\r\n'
header: x-amz-id-2: w679umpp9oyBl1QrhDpU48aQgXE1SmbQOwDcgPRscJZmIUnkC2T5qGpQAMLzL/Hou0EWDBuvwqw=
header: x-amz-request-id: 9F9E95C094DCC33F
header: Date: Fri, 21 Jun 2019 20:53:24 GMT
header: ETag: "cdc53b86c781e8545e4700dedfbe9409"
header: Content-Length: 0
header: Server: AmazonS3
]]></system-out></testcase><testcase classname="s3tests.functional.test_s3_website" name="check_can_test_website" time="0.479"></testcase><testcase classname="&lt;nose.suite.ContextSuite context=s3tests" name="functional&gt;:teardown" time="0.966"><error type="httplib.BadStatusLine" message="''&#10;-------------------- &gt;&gt; begin captured logging &lt;&lt; --------------------&#10;boto: DEBUG: path=/&#10;boto: DEBUG: auth_path=/&#10;boto: DEBUG: Method: GET&#10;boto: DEBUG: Path: /&#10;boto: DEBUG: Data: &#10;boto: DEBUG: Headers: {}&#10;boto: DEBUG: Host: s3.amazonaws.com&#10;boto: DEBUG: Port: 443&#10;boto: DEBUG: Params: {}&#10;boto: DEBUG: Token: None&#10;boto: DEBUG: StringToSign:&#10;GET&#10;&#10;&#10;Fri, 21 Jun 2019 20:53:25 GMT&#10;/&#10;boto: DEBUG: Signature:&#10;AWS AKIAXSJ4KSEHEZSQFI7B:rlpiY4+PAlvpUmCocDEEphEJB24=&#10;boto: DEBUG: Final headers: {'Date': 'Fri, 21 Jun 2019 20:53:25 GMT', 'Content-Length': '0', 'Authorization': u'AWS AKIAXSJ4KSEHEZSQFI7B:rlpiY4+PAlvpUmCocDEEphEJB24=', 'User-Agent': 'Boto/2.49.0 Python/2.7.5 Linux/3.10.0-957.12.2.el7.x86_64'}&#10;boto: DEBUG: encountered BadStatusLine exception, reconnecting&#10;boto: DEBUG: establishing HTTPS connection: host=s3.amazonaws.com, kwargs={'port': 443, 'timeout': 100}&#10;--------------------- &gt;&gt; end captured logging &lt;&lt; ---------------------"><![CDATA[  File "/root/s3-tests/virtualenv/lib/python2.7/site-packages/nose/suite.py", line 228, in run
    self.tearDown()
  File "/root/s3-tests/virtualenv/lib/python2.7/site-packages/nose/suite.py", line 351, in tearDown
    self.teardownContext(ancestor)
  File "/root/s3-tests/virtualenv/lib/python2.7/site-packages/nose/suite.py", line 367, in teardownContext
    try_run(context, names)
  File "/root/s3-tests/virtualenv/lib/python2.7/site-packages/nose/util.py", line 471, in try_run
    return func()
  File "/root/s3-tests/s3tests/functional/__init__.py", line 373, in teardown
    nuke_prefixed_buckets(prefix=prefix)
  File "/root/s3-tests/s3tests/functional/__init__.py", line 121, in nuke_prefixed_buckets
    nuke_prefixed_buckets_on_conn(prefix, name, conn)
  File "/root/s3-tests/s3tests/functional/__init__.py", line 67, in nuke_prefixed_buckets_on_conn
    for bucket in conn.get_all_buckets():
  File "/root/s3-tests/virtualenv/lib/python2.7/site-packages/boto/s3/connection.py", line 443, in get_all_buckets
    response = self.make_request('GET', headers=headers)
  File "/root/s3-tests/virtualenv/lib/python2.7/site-packages/boto/s3/connection.py", line 671, in make_request
    retry_handler=retry_handler
  File "/root/s3-tests/virtualenv/lib/python2.7/site-packages/boto/connection.py", line 1071, in make_request
    retry_handler=retry_handler)
  File "/root/s3-tests/virtualenv/lib/python2.7/site-packages/boto/connection.py", line 1030, in _mexe
    raise ex
"''\n-------------------- >> begin captured logging << --------------------\nboto: DEBUG: path=/\nboto: DEBUG: auth_path=/\nboto: DEBUG: Method: GET\nboto: DEBUG: Path: /\nboto: DEBUG: Data: \nboto: DEBUG: Headers: {}\nboto: DEBUG: Host: s3.amazonaws.com\nboto: DEBUG: Port: 443\nboto: DEBUG: Params: {}\nboto: DEBUG: Token: None\nboto: DEBUG: StringToSign:\nGET\n\n\nFri, 21 Jun 2019 20:53:25 GMT\n/\nboto: DEBUG: Signature:\nAWS AKIAXSJ4KSEHEZSQFI7B:rlpiY4+PAlvpUmCocDEEphEJB24=\nboto: DEBUG: Final headers: {'Date': 'Fri, 21 Jun 2019 20:53:25 GMT', 'Content-Length': '0', 'Authorization': u'AWS AKIAXSJ4KSEHEZSQFI7B:rlpiY4+PAlvpUmCocDEEphEJB24=', 'User-Agent': 'Boto/2.49.0 Python/2.7.5 Linux/3.10.0-957.12.2.el7.x86_64'}\nboto: DEBUG: encountered BadStatusLine exception, reconnecting\nboto: DEBUG: establishing HTTPS connection: host=s3.amazonaws.com, kwargs={'port': 443, 'timeout': 100}\n--------------------- >> end captured logging << ---------------------"]]></error></testcase><testcase classname="s3tests.fuzz.test.test_fuzzer" name="test_descend_leaf_node" time="0.000"></testcase><testcase classname="s3tests.fuzz.test.test_fuzzer" name="test_descend_node" time="0.000"></testcase><testcase classname="s3tests.fuzz.test.test_fuzzer" name="test_descend_bad_node" time="0.000"></testcase><testcase classname="s3tests.fuzz.test.test_fuzzer" name="test_descend_nonexistant_child" time="0.000"></testcase><testcase classname="s3tests.fuzz.test.test_fuzzer" name="test_expand_random_printable" time="0.000"></testcase><testcase classname="s3tests.fuzz.test.test_fuzzer" name="test_expand_random_binary" time="0.000"></testcase><testcase classname="s3tests.fuzz.test.test_fuzzer" name="test_expand_random_printable_no_whitespace" time="0.727"></testcase><testcase classname="s3tests.fuzz.test.test_fuzzer" name="test_expand_random_binary_no_whitespace" time="0.378"></testcase><testcase classname="s3tests.fuzz.test.test_fuzzer" name="test_expand_random_no_args" time="0.661"></testcase><testcase classname="s3tests.fuzz.test.test_fuzzer" name="test_expand_random_no_charset" time="0.059"></testcase><testcase classname="s3tests.fuzz.test.test_fuzzer" name="test_expand_random_exact_length" time="0.044"></testcase><testcase classname="s3tests.fuzz.test.test_fuzzer" name="test_expand_random_bad_charset" time="0.000"></testcase><testcase classname="s3tests.fuzz.test.test_fuzzer" name="test_expand_random_missing_length" time="0.000"></testcase><testcase classname="s3tests.fuzz.test.test_fuzzer" name="test_assemble_decision" time="0.000"></testcase><testcase classname="s3tests.fuzz.test.test_fuzzer" name="test_expand_escape" time="0.000"></testcase><testcase classname="s3tests.fuzz.test.test_fuzzer" name="test_expand_indirect" time="0.000"></testcase><testcase classname="s3tests.fuzz.test.test_fuzzer" name="test_expand_indirect_double" time="0.000"></testcase><testcase classname="s3tests.fuzz.test.test_fuzzer" name="test_expand_recursive" time="0.002"></testcase><testcase classname="s3tests.fuzz.test.test_fuzzer" name="test_expand_recursive_mutual" time="0.000"></testcase><testcase classname="s3tests.fuzz.test.test_fuzzer" name="test_expand_recursive_not_too_eager" time="0.002"></testcase><testcase classname="s3tests.fuzz.test.test_fuzzer" name="test_make_choice_unweighted_with_space" time="0.000"></testcase><testcase classname="s3tests.fuzz.test.test_fuzzer" name="test_weighted_choices" time="0.013"></testcase><testcase classname="s3tests.fuzz.test.test_fuzzer" name="test_null_choices" time="0.000"></testcase><testcase classname="s3tests.fuzz.test.test_fuzzer" name="test_weighted_null_choices" time="0.000"></testcase><testcase classname="s3tests.fuzz.test.test_fuzzer" name="test_null_child" time="0.000"></testcase><testcase classname="s3tests.fuzz.test.test_fuzzer" name="test_weighted_set" time="0.015"></testcase><testcase classname="s3tests.fuzz.test.test_fuzzer" name="test_header_presence" time="0.000"></testcase><testcase classname="s3tests.fuzz.test.test_fuzzer" name="test_duplicate_header" time="0.000"></testcase><testcase classname="s3tests.fuzz.test.test_fuzzer" name="test_expand_headers" time="0.000"></testcase><testcase classname="test_realistic.TestFileValidator" name="test_new_file_is_valid" time="0.021"></testcase><testcase classname="test_realistic.TestFileValidator" name="test_new_file_is_valid_on_several_calls" time="0.024"></testcase><testcase classname="test_realistic.TestFileValidator" name="test_new_file_is_valid_when_size_is_1" time="0.000"></testcase><testcase classname="test_realistic.TestFiles" name="test_random_file_valid" time="0.271"></testcase><testcase classname="test_realistic.TestFileValidator" name="test_new_file_is_valid" time="0.022"></testcase><testcase classname="test_realistic.TestFileValidator" name="test_new_file_is_valid_on_several_calls" time="0.023"></testcase><testcase classname="test_realistic.TestFileValidator" name="test_new_file_is_valid_when_size_is_1" time="0.000"></testcase><testcase classname="test_realistic.TestFiles" name="test_random_file_valid" time="0.306"></testcase></testsuite>
