<?xml version="1.0" encoding="UTF-8"?><testsuite name="nosetests" tests="1581" errors="1581" failures="0" skip="0"><testcase classname="nose.failure.Failure" name="runTest" time="0.000"><error type="exceptions.OSError" message="No such file /usr/bin/s3-tests/Test,"><![CDATA[Traceback (most recent call last):
  File "/usr/lib64/python2.7/unittest/case.py", line 369, in run
    testMethod()
  File "/usr/bin/s3-tests/virtualenv/lib/python2.7/site-packages/nose/failure.py", line 42, in runTest
    raise self.exc_class(self.exc_val)
OSError: No such file /usr/bin/s3-tests/Test,
]]></error></testcase><testcase classname="nose.failure.Failure" name="runTest" time="0.000"><error type="exceptions.ImportError" message="No module named Test"><![CDATA[Traceback (most recent call last):
  File "/usr/lib64/python2.7/unittest/case.py", line 369, in run
    testMethod()
  File "/usr/bin/s3-tests/virtualenv/lib/python2.7/site-packages/nose/loader.py", line 407, in loadTestsFromName
    module = resolve_name(addr.module)
  File "/usr/bin/s3-tests/virtualenv/lib/python2.7/site-packages/nose/util.py", line 312, in resolve_name
    module = __import__('.'.join(parts_copy))
ImportError: No module named Test
]]></error></testcase><testcase classname="nose.failure.Failure" name="runTest" time="0.000"><error type="exceptions.OSError" message="No such file /usr/bin/s3-tests/status,"><![CDATA[Traceback (most recent call last):
  File "/usr/lib64/python2.7/unittest/case.py", line 369, in run
    testMethod()
  File "/usr/bin/s3-tests/virtualenv/lib/python2.7/site-packages/nose/failure.py", line 42, in runTest
    raise self.exc_class(self.exc_val)
OSError: No such file /usr/bin/s3-tests/status,
]]></error></testcase><testcase classname="nose.failure.Failure" name="runTest" time="0.000"><error type="exceptions.OSError" message="No such file /usr/bin/s3-tests/Error/Failure"><![CDATA[Traceback (most recent call last):
  File "/usr/lib64/python2.7/unittest/case.py", line 369, in run
    testMethod()
  File "/usr/bin/s3-tests/virtualenv/lib/python2.7/site-packages/nose/failure.py", line 42, in runTest
    raise self.exc_class(self.exc_val)
OSError: No such file /usr/bin/s3-tests/Error/Failure
]]></error></testcase><testcase classname="nose.failure.Failure" name="runTest" time="0.000"><error type="exceptions.OSError" message="No such file /usr/bin/s3-tests/Type,"><![CDATA[Traceback (most recent call last):
  File "/usr/lib64/python2.7/unittest/case.py", line 369, in run
    testMethod()
  File "/usr/bin/s3-tests/virtualenv/lib/python2.7/site-packages/nose/failure.py", line 42, in runTest
    raise self.exc_class(self.exc_val)
OSError: No such file /usr/bin/s3-tests/Type,
]]></error></testcase><testcase classname="nose.failure.Failure" name="runTest" time="0.000"><error type="exceptions.OSError" message="No such file /usr/bin/s3-tests/Error/Failure"><![CDATA[Traceback (most recent call last):
  File "/usr/lib64/python2.7/unittest/case.py", line 369, in run
    testMethod()
  File "/usr/bin/s3-tests/virtualenv/lib/python2.7/site-packages/nose/failure.py", line 42, in runTest
    raise self.exc_class(self.exc_val)
OSError: No such file /usr/bin/s3-tests/Error/Failure
]]></error></testcase><testcase classname="nose.failure.Failure" name="runTest" time="0.000"><error type="exceptions.ImportError" message="No module named Message"><![CDATA[Traceback (most recent call last):
  File "/usr/lib64/python2.7/unittest/case.py", line 369, in run
    testMethod()
  File "/usr/bin/s3-tests/virtualenv/lib/python2.7/site-packages/nose/loader.py", line 407, in loadTestsFromName
    module = resolve_name(addr.module)
  File "/usr/bin/s3-tests/virtualenv/lib/python2.7/site-packages/nose/util.py", line 312, in resolve_name
    module = __import__('.'.join(parts_copy))
ImportError: No module named Message
]]></error></testcase><testcase classname="nose.failure.Failure" name="runTest" time="0.000"><error type="exceptions.OSError" message="No such file /usr/bin/s3-tests/test_object_create_bad_md5_invalid_short,"><![CDATA[Traceback (most recent call last):
  File "/usr/lib64/python2.7/unittest/case.py", line 369, in run
    testMethod()
  File "/usr/bin/s3-tests/virtualenv/lib/python2.7/site-packages/nose/failure.py", line 42, in runTest
    raise self.exc_class(self.exc_val)
OSError: No such file /usr/bin/s3-tests/test_object_create_bad_md5_invalid_short,
]]></error></testcase><testcase classname="nose.failure.Failure" name="runTest" time="0.000"><error type="exceptions.ImportError" message="No module named PASSED"><![CDATA[Traceback (most recent call last):
  File "/usr/lib64/python2.7/unittest/case.py", line 369, in run
    testMethod()
  File "/usr/bin/s3-tests/virtualenv/lib/python2.7/site-packages/nose/loader.py", line 407, in loadTestsFromName
    module = resolve_name(addr.module)
  File "/usr/bin/s3-tests/virtualenv/lib/python2.7/site-packages/nose/util.py", line 312, in resolve_name
    module = __import__('.'.join(parts_copy))
ImportError: No module named PASSED
]]></error></testcase><testcase classname="nose.failure.Failure" name="runTest" time="0.000"><error type="exceptions.OSError" message="No such file /usr/bin/s3-tests/test_object_create_bad_md5_bad,"><![CDATA[Traceback (most recent call last):
  File "/usr/lib64/python2.7/unittest/case.py", line 369, in run
    testMethod()
  File "/usr/bin/s3-tests/virtualenv/lib/python2.7/site-packages/nose/failure.py", line 42, in runTest
    raise self.exc_class(self.exc_val)
OSError: No such file /usr/bin/s3-tests/test_object_create_bad_md5_bad,
]]></error></testcase><testcase classname="nose.failure.Failure" name="runTest" time="0.000"><error type="exceptions.ImportError" message="No module named PASSED"><![CDATA[Traceback (most recent call last):
  File "/usr/lib64/python2.7/unittest/case.py", line 369, in run
    testMethod()
  File "/usr/bin/s3-tests/virtualenv/lib/python2.7/site-packages/nose/loader.py", line 407, in loadTestsFromName
    module = resolve_name(addr.module)
  File "/usr/bin/s3-tests/virtualenv/lib/python2.7/site-packages/nose/util.py", line 312, in resolve_name
    module = __import__('.'.join(parts_copy))
ImportError: No module named PASSED
]]></error></testcase><testcase classname="nose.failure.Failure" name="runTest" time="0.000"><error type="exceptions.OSError" message="No such file /usr/bin/s3-tests/test_object_create_bad_md5_empty,"><![CDATA[Traceback (most recent call last):
  File "/usr/lib64/python2.7/unittest/case.py", line 369, in run
    testMethod()
  File "/usr/bin/s3-tests/virtualenv/lib/python2.7/site-packages/nose/failure.py", line 42, in runTest
    raise self.exc_class(self.exc_val)
OSError: No such file /usr/bin/s3-tests/test_object_create_bad_md5_empty,
]]></error></testcase><testcase classname="nose.failure.Failure" name="runTest" time="0.000"><error type="exceptions.ImportError" message="No module named PASSED"><![CDATA[Traceback (most recent call last):
  File "/usr/lib64/python2.7/unittest/case.py", line 369, in run
    testMethod()
  File "/usr/bin/s3-tests/virtualenv/lib/python2.7/site-packages/nose/loader.py", line 407, in loadTestsFromName
    module = resolve_name(addr.module)
  File "/usr/bin/s3-tests/virtualenv/lib/python2.7/site-packages/nose/util.py", line 312, in resolve_name
    module = __import__('.'.join(parts_copy))
ImportError: No module named PASSED
]]></error></testcase><testcase classname="nose.failure.Failure" name="runTest" time="0.000"><error type="exceptions.OSError" message="No such file /usr/bin/s3-tests/test_object_create_bad_md5_unreadable,"><![CDATA[Traceback (most recent call last):
  File "/usr/lib64/python2.7/unittest/case.py", line 369, in run
    testMethod()
  File "/usr/bin/s3-tests/virtualenv/lib/python2.7/site-packages/nose/failure.py", line 42, in runTest
    raise self.exc_class(self.exc_val)
OSError: No such file /usr/bin/s3-tests/test_object_create_bad_md5_unreadable,
]]></error></testcase><testcase classname="nose.failure.Failure" name="runTest" time="0.000"><error type="exceptions.ImportError" message="No module named PASSED"><![CDATA[Traceback (most recent call last):
  File "/usr/lib64/python2.7/unittest/case.py", line 369, in run
    testMethod()
  File "/usr/bin/s3-tests/virtualenv/lib/python2.7/site-packages/nose/loader.py", line 407, in loadTestsFromName
    module = resolve_name(addr.module)
  File "/usr/bin/s3-tests/virtualenv/lib/python2.7/site-packages/nose/util.py", line 312, in resolve_name
    module = __import__('.'.join(parts_copy))
ImportError: No module named PASSED
]]></error></testcase><testcase classname="nose.failure.Failure" name="runTest" time="0.000"><error type="exceptions.OSError" message="No such file /usr/bin/s3-tests/test_object_create_bad_md5_none,"><![CDATA[Traceback (most recent call last):
  File "/usr/lib64/python2.7/unittest/case.py", line 369, in run
    testMethod()
  File "/usr/bin/s3-tests/virtualenv/lib/python2.7/site-packages/nose/failure.py", line 42, in runTest
    raise self.exc_class(self.exc_val)
OSError: No such file /usr/bin/s3-tests/test_object_create_bad_md5_none,
]]></error></testcase><testcase classname="nose.failure.Failure" name="runTest" time="0.000"><error type="exceptions.ImportError" message="No module named PASSED"><![CDATA[Traceback (most recent call last):
  File "/usr/lib64/python2.7/unittest/case.py", line 369, in run
    testMethod()
  File "/usr/bin/s3-tests/virtualenv/lib/python2.7/site-packages/nose/loader.py", line 407, in loadTestsFromName
    module = resolve_name(addr.module)
  File "/usr/bin/s3-tests/virtualenv/lib/python2.7/site-packages/nose/util.py", line 312, in resolve_name
    module = __import__('.'.join(parts_copy))
ImportError: No module named PASSED
]]></error></testcase><testcase classname="nose.failure.Failure" name="runTest" time="0.000"><error type="exceptions.OSError" message="No such file /usr/bin/s3-tests/test_object_create_bad_expect_mismatch,"><![CDATA[Traceback (most recent call last):
  File "/usr/lib64/python2.7/unittest/case.py", line 369, in run
    testMethod()
  File "/usr/bin/s3-tests/virtualenv/lib/python2.7/site-packages/nose/failure.py", line 42, in runTest
    raise self.exc_class(self.exc_val)
OSError: No such file /usr/bin/s3-tests/test_object_create_bad_expect_mismatch,
]]></error></testcase><testcase classname="nose.failure.Failure" name="runTest" time="0.000"><error type="exceptions.ImportError" message="No module named PASSED"><![CDATA[Traceback (most recent call last):
  File "/usr/lib64/python2.7/unittest/case.py", line 369, in run
    testMethod()
  File "/usr/bin/s3-tests/virtualenv/lib/python2.7/site-packages/nose/loader.py", line 407, in loadTestsFromName
    module = resolve_name(addr.module)
  File "/usr/bin/s3-tests/virtualenv/lib/python2.7/site-packages/nose/util.py", line 312, in resolve_name
    module = __import__('.'.join(parts_copy))
ImportError: No module named PASSED
]]></error></testcase><testcase classname="nose.failure.Failure" name="runTest" time="0.000"><error type="exceptions.OSError" message="No such file /usr/bin/s3-tests/test_object_create_bad_expect_empty,"><![CDATA[Traceback (most recent call last):
  File "/usr/lib64/python2.7/unittest/case.py", line 369, in run
    testMethod()
  File "/usr/bin/s3-tests/virtualenv/lib/python2.7/site-packages/nose/failure.py", line 42, in runTest
    raise self.exc_class(self.exc_val)
OSError: No such file /usr/bin/s3-tests/test_object_create_bad_expect_empty,
]]></error></testcase><testcase classname="nose.failure.Failure" name="runTest" time="0.000"><error type="exceptions.ImportError" message="No module named PASSED"><![CDATA[Traceback (most recent call last):
  File "/usr/lib64/python2.7/unittest/case.py", line 369, in run
    testMethod()
  File "/usr/bin/s3-tests/virtualenv/lib/python2.7/site-packages/nose/loader.py", line 407, in loadTestsFromName
    module = resolve_name(addr.module)
  File "/usr/bin/s3-tests/virtualenv/lib/python2.7/site-packages/nose/util.py", line 312, in resolve_name
    module = __import__('.'.join(parts_copy))
ImportError: No module named PASSED
]]></error></testcase><testcase classname="nose.failure.Failure" name="runTest" time="0.000"><error type="exceptions.OSError" message="No such file /usr/bin/s3-tests/test_object_create_bad_expect_none,"><![CDATA[Traceback (most recent call last):
  File "/usr/lib64/python2.7/unittest/case.py", line 369, in run
    testMethod()
  File "/usr/bin/s3-tests/virtualenv/lib/python2.7/site-packages/nose/failure.py", line 42, in runTest
    raise self.exc_class(self.exc_val)
OSError: No such file /usr/bin/s3-tests/test_object_create_bad_expect_none,
]]></error></testcase><testcase classname="nose.failure.Failure" name="runTest" time="0.000"><error type="exceptions.ImportError" message="No module named PASSED"><![CDATA[Traceback (most recent call last):
  File "/usr/lib64/python2.7/unittest/case.py", line 369, in run
    testMethod()
  File "/usr/bin/s3-tests/virtualenv/lib/python2.7/site-packages/nose/loader.py", line 407, in loadTestsFromName
    module = resolve_name(addr.module)
  File "/usr/bin/s3-tests/virtualenv/lib/python2.7/site-packages/nose/util.py", line 312, in resolve_name
    module = __import__('.'.join(parts_copy))
ImportError: No module named PASSED
]]></error></testcase><testcase classname="nose.failure.Failure" name="runTest" time="0.000"><error type="exceptions.OSError" message="No such file /usr/bin/s3-tests/test_object_create_bad_expect_unreadable,"><![CDATA[Traceback (most recent call last):
  File "/usr/lib64/python2.7/unittest/case.py", line 369, in run
    testMethod()
  File "/usr/bin/s3-tests/virtualenv/lib/python2.7/site-packages/nose/failure.py", line 42, in runTest
    raise self.exc_class(self.exc_val)
OSError: No such file /usr/bin/s3-tests/test_object_create_bad_expect_unreadable,
]]></error></testcase><testcase classname="nose.failure.Failure" name="runTest" time="0.000"><error type="exceptions.ImportError" message="No module named PASSED"><![CDATA[Traceback (most recent call last):
  File "/usr/lib64/python2.7/unittest/case.py", line 369, in run
    testMethod()
  File "/usr/bin/s3-tests/virtualenv/lib/python2.7/site-packages/nose/loader.py", line 407, in loadTestsFromName
    module = resolve_name(addr.module)
  File "/usr/bin/s3-tests/virtualenv/lib/python2.7/site-packages/nose/util.py", line 312, in resolve_name
    module = __import__('.'.join(parts_copy))
ImportError: No module named PASSED
]]></error></testcase><testcase classname="nose.failure.Failure" name="runTest" time="0.000"><error type="exceptions.OSError" message="No such file /usr/bin/s3-tests/test_object_create_bad_contentlength_empty,"><![CDATA[Traceback (most recent call last):
  File "/usr/lib64/python2.7/unittest/case.py", line 369, in run
    testMethod()
  File "/usr/bin/s3-tests/virtualenv/lib/python2.7/site-packages/nose/failure.py", line 42, in runTest
    raise self.exc_class(self.exc_val)
OSError: No such file /usr/bin/s3-tests/test_object_create_bad_contentlength_empty,
]]></error></testcase><testcase classname="nose.failure.Failure" name="runTest" time="0.000"><error type="exceptions.ImportError" message="No module named PASSED"><![CDATA[Traceback (most recent call last):
  File "/usr/lib64/python2.7/unittest/case.py", line 369, in run
    testMethod()
  File "/usr/bin/s3-tests/virtualenv/lib/python2.7/site-packages/nose/loader.py", line 407, in loadTestsFromName
    module = resolve_name(addr.module)
  File "/usr/bin/s3-tests/virtualenv/lib/python2.7/site-packages/nose/util.py", line 312, in resolve_name
    module = __import__('.'.join(parts_copy))
ImportError: No module named PASSED
]]></error></testcase><testcase classname="nose.failure.Failure" name="runTest" time="0.000"><error type="exceptions.OSError" message="No such file /usr/bin/s3-tests/test_object_create_bad_contentlength_negative,"><![CDATA[Traceback (most recent call last):
  File "/usr/lib64/python2.7/unittest/case.py", line 369, in run
    testMethod()
  File "/usr/bin/s3-tests/virtualenv/lib/python2.7/site-packages/nose/failure.py", line 42, in runTest
    raise self.exc_class(self.exc_val)
OSError: No such file /usr/bin/s3-tests/test_object_create_bad_contentlength_negative,
]]></error></testcase><testcase classname="nose.failure.Failure" name="runTest" time="0.000"><error type="exceptions.ImportError" message="No module named PASSED"><![CDATA[Traceback (most recent call last):
  File "/usr/lib64/python2.7/unittest/case.py", line 369, in run
    testMethod()
  File "/usr/bin/s3-tests/virtualenv/lib/python2.7/site-packages/nose/loader.py", line 407, in loadTestsFromName
    module = resolve_name(addr.module)
  File "/usr/bin/s3-tests/virtualenv/lib/python2.7/site-packages/nose/util.py", line 312, in resolve_name
    module = __import__('.'.join(parts_copy))
ImportError: No module named PASSED
]]></error></testcase><testcase classname="nose.failure.Failure" name="runTest" time="0.000"><error type="exceptions.OSError" message="No such file /usr/bin/s3-tests/test_object_create_bad_contentlength_none,"><![CDATA[Traceback (most recent call last):
  File "/usr/lib64/python2.7/unittest/case.py", line 369, in run
    testMethod()
  File "/usr/bin/s3-tests/virtualenv/lib/python2.7/site-packages/nose/failure.py", line 42, in runTest
    raise self.exc_class(self.exc_val)
OSError: No such file /usr/bin/s3-tests/test_object_create_bad_contentlength_none,
]]></error></testcase><testcase classname="nose.failure.Failure" name="runTest" time="0.000"><error type="exceptions.ImportError" message="No module named PASSED"><![CDATA[Traceback (most recent call last):
  File "/usr/lib64/python2.7/unittest/case.py", line 369, in run
    testMethod()
  File "/usr/bin/s3-tests/virtualenv/lib/python2.7/site-packages/nose/loader.py", line 407, in loadTestsFromName
    module = resolve_name(addr.module)
  File "/usr/bin/s3-tests/virtualenv/lib/python2.7/site-packages/nose/util.py", line 312, in resolve_name
    module = __import__('.'.join(parts_copy))
ImportError: No module named PASSED
]]></error></testcase><testcase classname="nose.failure.Failure" name="runTest" time="0.000"><error type="exceptions.OSError" message="No such file /usr/bin/s3-tests/test_object_create_bad_contentlength_unreadable,"><![CDATA[Traceback (most recent call last):
  File "/usr/lib64/python2.7/unittest/case.py", line 369, in run
    testMethod()
  File "/usr/bin/s3-tests/virtualenv/lib/python2.7/site-packages/nose/failure.py", line 42, in runTest
    raise self.exc_class(self.exc_val)
OSError: No such file /usr/bin/s3-tests/test_object_create_bad_contentlength_unreadable,
]]></error></testcase><testcase classname="nose.failure.Failure" name="runTest" time="0.000"><error type="exceptions.ImportError" message="No module named PASSED"><![CDATA[Traceback (most recent call last):
  File "/usr/lib64/python2.7/unittest/case.py", line 369, in run
    testMethod()
  File "/usr/bin/s3-tests/virtualenv/lib/python2.7/site-packages/nose/loader.py", line 407, in loadTestsFromName
    module = resolve_name(addr.module)
  File "/usr/bin/s3-tests/virtualenv/lib/python2.7/site-packages/nose/util.py", line 312, in resolve_name
    module = __import__('.'.join(parts_copy))
ImportError: No module named PASSED
]]></error></testcase><testcase classname="nose.failure.Failure" name="runTest" time="0.000"><error type="exceptions.OSError" message="No such file /usr/bin/s3-tests/test_object_create_bad_contentlength_mismatch_above,"><![CDATA[Traceback (most recent call last):
  File "/usr/lib64/python2.7/unittest/case.py", line 369, in run
    testMethod()
  File "/usr/bin/s3-tests/virtualenv/lib/python2.7/site-packages/nose/failure.py", line 42, in runTest
    raise self.exc_class(self.exc_val)
OSError: No such file /usr/bin/s3-tests/test_object_create_bad_contentlength_mismatch_above,
]]></error></testcase><testcase classname="nose.failure.Failure" name="runTest" time="0.000"><error type="exceptions.ImportError" message="No module named PASSED"><![CDATA[Traceback (most recent call last):
  File "/usr/lib64/python2.7/unittest/case.py", line 369, in run
    testMethod()
  File "/usr/bin/s3-tests/virtualenv/lib/python2.7/site-packages/nose/loader.py", line 407, in loadTestsFromName
    module = resolve_name(addr.module)
  File "/usr/bin/s3-tests/virtualenv/lib/python2.7/site-packages/nose/util.py", line 312, in resolve_name
    module = __import__('.'.join(parts_copy))
ImportError: No module named PASSED
]]></error></testcase><testcase classname="nose.failure.Failure" name="runTest" time="0.000"><error type="exceptions.OSError" message="No such file /usr/bin/s3-tests/test_object_create_bad_contenttype_invalid,"><![CDATA[Traceback (most recent call last):
  File "/usr/lib64/python2.7/unittest/case.py", line 369, in run
    testMethod()
  File "/usr/bin/s3-tests/virtualenv/lib/python2.7/site-packages/nose/failure.py", line 42, in runTest
    raise self.exc_class(self.exc_val)
OSError: No such file /usr/bin/s3-tests/test_object_create_bad_contenttype_invalid,
]]></error></testcase><testcase classname="nose.failure.Failure" name="runTest" time="0.000"><error type="exceptions.ImportError" message="No module named PASSED"><![CDATA[Traceback (most recent call last):
  File "/usr/lib64/python2.7/unittest/case.py", line 369, in run
    testMethod()
  File "/usr/bin/s3-tests/virtualenv/lib/python2.7/site-packages/nose/loader.py", line 407, in loadTestsFromName
    module = resolve_name(addr.module)
  File "/usr/bin/s3-tests/virtualenv/lib/python2.7/site-packages/nose/util.py", line 312, in resolve_name
    module = __import__('.'.join(parts_copy))
ImportError: No module named PASSED
]]></error></testcase><testcase classname="nose.failure.Failure" name="runTest" time="0.000"><error type="exceptions.OSError" message="No such file /usr/bin/s3-tests/test_object_create_bad_contenttype_empty,"><![CDATA[Traceback (most recent call last):
  File "/usr/lib64/python2.7/unittest/case.py", line 369, in run
    testMethod()
  File "/usr/bin/s3-tests/virtualenv/lib/python2.7/site-packages/nose/failure.py", line 42, in runTest
    raise self.exc_class(self.exc_val)
OSError: No such file /usr/bin/s3-tests/test_object_create_bad_contenttype_empty,
]]></error></testcase><testcase classname="nose.failure.Failure" name="runTest" time="0.000"><error type="exceptions.ImportError" message="No module named PASSED"><![CDATA[Traceback (most recent call last):
  File "/usr/lib64/python2.7/unittest/case.py", line 369, in run
    testMethod()
  File "/usr/bin/s3-tests/virtualenv/lib/python2.7/site-packages/nose/loader.py", line 407, in loadTestsFromName
    module = resolve_name(addr.module)
  File "/usr/bin/s3-tests/virtualenv/lib/python2.7/site-packages/nose/util.py", line 312, in resolve_name
    module = __import__('.'.join(parts_copy))
ImportError: No module named PASSED
]]></error></testcase><testcase classname="nose.failure.Failure" name="runTest" time="0.000"><error type="exceptions.OSError" message="No such file /usr/bin/s3-tests/test_object_create_bad_contenttype_none,"><![CDATA[Traceback (most recent call last):
  File "/usr/lib64/python2.7/unittest/case.py", line 369, in run
    testMethod()
  File "/usr/bin/s3-tests/virtualenv/lib/python2.7/site-packages/nose/failure.py", line 42, in runTest
    raise self.exc_class(self.exc_val)
OSError: No such file /usr/bin/s3-tests/test_object_create_bad_contenttype_none,
]]></error></testcase><testcase classname="nose.failure.Failure" name="runTest" time="0.000"><error type="exceptions.ImportError" message="No module named PASSED"><![CDATA[Traceback (most recent call last):
  File "/usr/lib64/python2.7/unittest/case.py", line 369, in run
    testMethod()
  File "/usr/bin/s3-tests/virtualenv/lib/python2.7/site-packages/nose/loader.py", line 407, in loadTestsFromName
    module = resolve_name(addr.module)
  File "/usr/bin/s3-tests/virtualenv/lib/python2.7/site-packages/nose/util.py", line 312, in resolve_name
    module = __import__('.'.join(parts_copy))
ImportError: No module named PASSED
]]></error></testcase><testcase classname="nose.failure.Failure" name="runTest" time="0.000"><error type="exceptions.OSError" message="No such file /usr/bin/s3-tests/test_object_create_bad_contenttype_unreadable,"><![CDATA[Traceback (most recent call last):
  File "/usr/lib64/python2.7/unittest/case.py", line 369, in run
    testMethod()
  File "/usr/bin/s3-tests/virtualenv/lib/python2.7/site-packages/nose/failure.py", line 42, in runTest
    raise self.exc_class(self.exc_val)
OSError: No such file /usr/bin/s3-tests/test_object_create_bad_contenttype_unreadable,
]]></error></testcase><testcase classname="nose.failure.Failure" name="runTest" time="0.000"><error type="exceptions.ImportError" message="No module named PASSED"><![CDATA[Traceback (most recent call last):
  File "/usr/lib64/python2.7/unittest/case.py", line 369, in run
    testMethod()
  File "/usr/bin/s3-tests/virtualenv/lib/python2.7/site-packages/nose/loader.py", line 407, in loadTestsFromName
    module = resolve_name(addr.module)
  File "/usr/bin/s3-tests/virtualenv/lib/python2.7/site-packages/nose/util.py", line 312, in resolve_name
    module = __import__('.'.join(parts_copy))
ImportError: No module named PASSED
]]></error></testcase><testcase classname="nose.failure.Failure" name="runTest" time="0.000"><error type="exceptions.OSError" message="No such file /usr/bin/s3-tests/test_object_create_bad_authorization_unreadable,"><![CDATA[Traceback (most recent call last):
  File "/usr/lib64/python2.7/unittest/case.py", line 369, in run
    testMethod()
  File "/usr/bin/s3-tests/virtualenv/lib/python2.7/site-packages/nose/failure.py", line 42, in runTest
    raise self.exc_class(self.exc_val)
OSError: No such file /usr/bin/s3-tests/test_object_create_bad_authorization_unreadable,
]]></error></testcase><testcase classname="nose.failure.Failure" name="runTest" time="0.000"><error type="exceptions.ImportError" message="No module named PASSED"><![CDATA[Traceback (most recent call last):
  File "/usr/lib64/python2.7/unittest/case.py", line 369, in run
    testMethod()
  File "/usr/bin/s3-tests/virtualenv/lib/python2.7/site-packages/nose/loader.py", line 407, in loadTestsFromName
    module = resolve_name(addr.module)
  File "/usr/bin/s3-tests/virtualenv/lib/python2.7/site-packages/nose/util.py", line 312, in resolve_name
    module = __import__('.'.join(parts_copy))
ImportError: No module named PASSED
]]></error></testcase><testcase classname="nose.failure.Failure" name="runTest" time="0.000"><error type="exceptions.OSError" message="No such file /usr/bin/s3-tests/test_object_create_bad_authorization_empty,"><![CDATA[Traceback (most recent call last):
  File "/usr/lib64/python2.7/unittest/case.py", line 369, in run
    testMethod()
  File "/usr/bin/s3-tests/virtualenv/lib/python2.7/site-packages/nose/failure.py", line 42, in runTest
    raise self.exc_class(self.exc_val)
OSError: No such file /usr/bin/s3-tests/test_object_create_bad_authorization_empty,
]]></error></testcase><testcase classname="nose.failure.Failure" name="runTest" time="0.000"><error type="exceptions.ImportError" message="No module named PASSED"><![CDATA[Traceback (most recent call last):
  File "/usr/lib64/python2.7/unittest/case.py", line 369, in run
    testMethod()
  File "/usr/bin/s3-tests/virtualenv/lib/python2.7/site-packages/nose/loader.py", line 407, in loadTestsFromName
    module = resolve_name(addr.module)
  File "/usr/bin/s3-tests/virtualenv/lib/python2.7/site-packages/nose/util.py", line 312, in resolve_name
    module = __import__('.'.join(parts_copy))
ImportError: No module named PASSED
]]></error></testcase><testcase classname="nose.failure.Failure" name="runTest" time="0.000"><error type="exceptions.OSError" message="No such file /usr/bin/s3-tests/test_object_create_bad_authorization_none,"><![CDATA[Traceback (most recent call last):
  File "/usr/lib64/python2.7/unittest/case.py", line 369, in run
    testMethod()
  File "/usr/bin/s3-tests/virtualenv/lib/python2.7/site-packages/nose/failure.py", line 42, in runTest
    raise self.exc_class(self.exc_val)
OSError: No such file /usr/bin/s3-tests/test_object_create_bad_authorization_none,
]]></error></testcase><testcase classname="nose.failure.Failure" name="runTest" time="0.000"><error type="exceptions.ImportError" message="No module named PASSED"><![CDATA[Traceback (most recent call last):
  File "/usr/lib64/python2.7/unittest/case.py", line 369, in run
    testMethod()
  File "/usr/bin/s3-tests/virtualenv/lib/python2.7/site-packages/nose/loader.py", line 407, in loadTestsFromName
    module = resolve_name(addr.module)
  File "/usr/bin/s3-tests/virtualenv/lib/python2.7/site-packages/nose/util.py", line 312, in resolve_name
    module = __import__('.'.join(parts_copy))
ImportError: No module named PASSED
]]></error></testcase><testcase classname="nose.failure.Failure" name="runTest" time="0.000"><error type="exceptions.OSError" message="No such file /usr/bin/s3-tests/test_bucket_create_contentlength_none,"><![CDATA[Traceback (most recent call last):
  File "/usr/lib64/python2.7/unittest/case.py", line 369, in run
    testMethod()
  File "/usr/bin/s3-tests/virtualenv/lib/python2.7/site-packages/nose/failure.py", line 42, in runTest
    raise self.exc_class(self.exc_val)
OSError: No such file /usr/bin/s3-tests/test_bucket_create_contentlength_none,
]]></error></testcase><testcase classname="nose.failure.Failure" name="runTest" time="0.000"><error type="exceptions.ImportError" message="No module named PASSED"><![CDATA[Traceback (most recent call last):
  File "/usr/lib64/python2.7/unittest/case.py", line 369, in run
    testMethod()
  File "/usr/bin/s3-tests/virtualenv/lib/python2.7/site-packages/nose/loader.py", line 407, in loadTestsFromName
    module = resolve_name(addr.module)
  File "/usr/bin/s3-tests/virtualenv/lib/python2.7/site-packages/nose/util.py", line 312, in resolve_name
    module = __import__('.'.join(parts_copy))
ImportError: No module named PASSED
]]></error></testcase><testcase classname="nose.failure.Failure" name="runTest" time="0.000"><error type="exceptions.OSError" message="No such file /usr/bin/s3-tests/test_object_acl_create_contentlength_none,"><![CDATA[Traceback (most recent call last):
  File "/usr/lib64/python2.7/unittest/case.py", line 369, in run
    testMethod()
  File "/usr/bin/s3-tests/virtualenv/lib/python2.7/site-packages/nose/failure.py", line 42, in runTest
    raise self.exc_class(self.exc_val)
OSError: No such file /usr/bin/s3-tests/test_object_acl_create_contentlength_none,
]]></error></testcase><testcase classname="nose.failure.Failure" name="runTest" time="0.000"><error type="exceptions.ImportError" message="No module named PASSED"><![CDATA[Traceback (most recent call last):
  File "/usr/lib64/python2.7/unittest/case.py", line 369, in run
    testMethod()
  File "/usr/bin/s3-tests/virtualenv/lib/python2.7/site-packages/nose/loader.py", line 407, in loadTestsFromName
    module = resolve_name(addr.module)
  File "/usr/bin/s3-tests/virtualenv/lib/python2.7/site-packages/nose/util.py", line 312, in resolve_name
    module = __import__('.'.join(parts_copy))
ImportError: No module named PASSED
]]></error></testcase><testcase classname="nose.failure.Failure" name="runTest" time="0.000"><error type="exceptions.OSError" message="No such file /usr/bin/s3-tests/test_bucket_put_bad_canned_acl,"><![CDATA[Traceback (most recent call last):
  File "/usr/lib64/python2.7/unittest/case.py", line 369, in run
    testMethod()
  File "/usr/bin/s3-tests/virtualenv/lib/python2.7/site-packages/nose/failure.py", line 42, in runTest
    raise self.exc_class(self.exc_val)
OSError: No such file /usr/bin/s3-tests/test_bucket_put_bad_canned_acl,
]]></error></testcase><testcase classname="nose.failure.Failure" name="runTest" time="0.000"><error type="exceptions.ImportError" message="No module named PASSED"><![CDATA[Traceback (most recent call last):
  File "/usr/lib64/python2.7/unittest/case.py", line 369, in run
    testMethod()
  File "/usr/bin/s3-tests/virtualenv/lib/python2.7/site-packages/nose/loader.py", line 407, in loadTestsFromName
    module = resolve_name(addr.module)
  File "/usr/bin/s3-tests/virtualenv/lib/python2.7/site-packages/nose/util.py", line 312, in resolve_name
    module = __import__('.'.join(parts_copy))
ImportError: No module named PASSED
]]></error></testcase><testcase classname="nose.failure.Failure" name="runTest" time="0.000"><error type="exceptions.OSError" message="No such file /usr/bin/s3-tests/test_bucket_create_bad_expect_mismatch,"><![CDATA[Traceback (most recent call last):
  File "/usr/lib64/python2.7/unittest/case.py", line 369, in run
    testMethod()
  File "/usr/bin/s3-tests/virtualenv/lib/python2.7/site-packages/nose/failure.py", line 42, in runTest
    raise self.exc_class(self.exc_val)
OSError: No such file /usr/bin/s3-tests/test_bucket_create_bad_expect_mismatch,
]]></error></testcase><testcase classname="nose.failure.Failure" name="runTest" time="0.000"><error type="exceptions.ImportError" message="No module named PASSED"><![CDATA[Traceback (most recent call last):
  File "/usr/lib64/python2.7/unittest/case.py", line 369, in run
    testMethod()
  File "/usr/bin/s3-tests/virtualenv/lib/python2.7/site-packages/nose/loader.py", line 407, in loadTestsFromName
    module = resolve_name(addr.module)
  File "/usr/bin/s3-tests/virtualenv/lib/python2.7/site-packages/nose/util.py", line 312, in resolve_name
    module = __import__('.'.join(parts_copy))
ImportError: No module named PASSED
]]></error></testcase><testcase classname="nose.failure.Failure" name="runTest" time="0.000"><error type="exceptions.OSError" message="No such file /usr/bin/s3-tests/test_bucket_create_bad_expect_empty,"><![CDATA[Traceback (most recent call last):
  File "/usr/lib64/python2.7/unittest/case.py", line 369, in run
    testMethod()
  File "/usr/bin/s3-tests/virtualenv/lib/python2.7/site-packages/nose/failure.py", line 42, in runTest
    raise self.exc_class(self.exc_val)
OSError: No such file /usr/bin/s3-tests/test_bucket_create_bad_expect_empty,
]]></error></testcase><testcase classname="nose.failure.Failure" name="runTest" time="0.000"><error type="exceptions.ImportError" message="No module named PASSED"><![CDATA[Traceback (most recent call last):
  File "/usr/lib64/python2.7/unittest/case.py", line 369, in run
    testMethod()
  File "/usr/bin/s3-tests/virtualenv/lib/python2.7/site-packages/nose/loader.py", line 407, in loadTestsFromName
    module = resolve_name(addr.module)
  File "/usr/bin/s3-tests/virtualenv/lib/python2.7/site-packages/nose/util.py", line 312, in resolve_name
    module = __import__('.'.join(parts_copy))
ImportError: No module named PASSED
]]></error></testcase><testcase classname="nose.failure.Failure" name="runTest" time="0.000"><error type="exceptions.OSError" message="No such file /usr/bin/s3-tests/test_bucket_create_bad_expect_unreadable,"><![CDATA[Traceback (most recent call last):
  File "/usr/lib64/python2.7/unittest/case.py", line 369, in run
    testMethod()
  File "/usr/bin/s3-tests/virtualenv/lib/python2.7/site-packages/nose/failure.py", line 42, in runTest
    raise self.exc_class(self.exc_val)
OSError: No such file /usr/bin/s3-tests/test_bucket_create_bad_expect_unreadable,
]]></error></testcase><testcase classname="nose.failure.Failure" name="runTest" time="0.000"><error type="exceptions.ImportError" message="No module named PASSED"><![CDATA[Traceback (most recent call last):
  File "/usr/lib64/python2.7/unittest/case.py", line 369, in run
    testMethod()
  File "/usr/bin/s3-tests/virtualenv/lib/python2.7/site-packages/nose/loader.py", line 407, in loadTestsFromName
    module = resolve_name(addr.module)
  File "/usr/bin/s3-tests/virtualenv/lib/python2.7/site-packages/nose/util.py", line 312, in resolve_name
    module = __import__('.'.join(parts_copy))
ImportError: No module named PASSED
]]></error></testcase><testcase classname="nose.failure.Failure" name="runTest" time="0.000"><error type="exceptions.OSError" message="No such file /usr/bin/s3-tests/test_bucket_create_bad_contentlength_empty,"><![CDATA[Traceback (most recent call last):
  File "/usr/lib64/python2.7/unittest/case.py", line 369, in run
    testMethod()
  File "/usr/bin/s3-tests/virtualenv/lib/python2.7/site-packages/nose/failure.py", line 42, in runTest
    raise self.exc_class(self.exc_val)
OSError: No such file /usr/bin/s3-tests/test_bucket_create_bad_contentlength_empty,
]]></error></testcase><testcase classname="nose.failure.Failure" name="runTest" time="0.000"><error type="exceptions.ImportError" message="No module named PASSED"><![CDATA[Traceback (most recent call last):
  File "/usr/lib64/python2.7/unittest/case.py", line 369, in run
    testMethod()
  File "/usr/bin/s3-tests/virtualenv/lib/python2.7/site-packages/nose/loader.py", line 407, in loadTestsFromName
    module = resolve_name(addr.module)
  File "/usr/bin/s3-tests/virtualenv/lib/python2.7/site-packages/nose/util.py", line 312, in resolve_name
    module = __import__('.'.join(parts_copy))
ImportError: No module named PASSED
]]></error></testcase><testcase classname="nose.failure.Failure" name="runTest" time="0.000"><error type="exceptions.OSError" message="No such file /usr/bin/s3-tests/test_bucket_create_bad_contentlength_negative,"><![CDATA[Traceback (most recent call last):
  File "/usr/lib64/python2.7/unittest/case.py", line 369, in run
    testMethod()
  File "/usr/bin/s3-tests/virtualenv/lib/python2.7/site-packages/nose/failure.py", line 42, in runTest
    raise self.exc_class(self.exc_val)
OSError: No such file /usr/bin/s3-tests/test_bucket_create_bad_contentlength_negative,
]]></error></testcase><testcase classname="nose.failure.Failure" name="runTest" time="0.000"><error type="exceptions.ImportError" message="No module named PASSED"><![CDATA[Traceback (most recent call last):
  File "/usr/lib64/python2.7/unittest/case.py", line 369, in run
    testMethod()
  File "/usr/bin/s3-tests/virtualenv/lib/python2.7/site-packages/nose/loader.py", line 407, in loadTestsFromName
    module = resolve_name(addr.module)
  File "/usr/bin/s3-tests/virtualenv/lib/python2.7/site-packages/nose/util.py", line 312, in resolve_name
    module = __import__('.'.join(parts_copy))
ImportError: No module named PASSED
]]></error></testcase><testcase classname="nose.failure.Failure" name="runTest" time="0.000"><error type="exceptions.OSError" message="No such file /usr/bin/s3-tests/test_bucket_create_bad_contentlength_none,"><![CDATA[Traceback (most recent call last):
  File "/usr/lib64/python2.7/unittest/case.py", line 369, in run
    testMethod()
  File "/usr/bin/s3-tests/virtualenv/lib/python2.7/site-packages/nose/failure.py", line 42, in runTest
    raise self.exc_class(self.exc_val)
OSError: No such file /usr/bin/s3-tests/test_bucket_create_bad_contentlength_none,
]]></error></testcase><testcase classname="nose.failure.Failure" name="runTest" time="0.000"><error type="exceptions.ImportError" message="No module named PASSED"><![CDATA[Traceback (most recent call last):
  File "/usr/lib64/python2.7/unittest/case.py", line 369, in run
    testMethod()
  File "/usr/bin/s3-tests/virtualenv/lib/python2.7/site-packages/nose/loader.py", line 407, in loadTestsFromName
    module = resolve_name(addr.module)
  File "/usr/bin/s3-tests/virtualenv/lib/python2.7/site-packages/nose/util.py", line 312, in resolve_name
    module = __import__('.'.join(parts_copy))
ImportError: No module named PASSED
]]></error></testcase><testcase classname="nose.failure.Failure" name="runTest" time="0.000"><error type="exceptions.OSError" message="No such file /usr/bin/s3-tests/test_bucket_create_bad_contentlength_unreadable,"><![CDATA[Traceback (most recent call last):
  File "/usr/lib64/python2.7/unittest/case.py", line 369, in run
    testMethod()
  File "/usr/bin/s3-tests/virtualenv/lib/python2.7/site-packages/nose/failure.py", line 42, in runTest
    raise self.exc_class(self.exc_val)
OSError: No such file /usr/bin/s3-tests/test_bucket_create_bad_contentlength_unreadable,
]]></error></testcase><testcase classname="nose.failure.Failure" name="runTest" time="0.000"><error type="exceptions.ImportError" message="No module named PASSED"><![CDATA[Traceback (most recent call last):
  File "/usr/lib64/python2.7/unittest/case.py", line 369, in run
    testMethod()
  File "/usr/bin/s3-tests/virtualenv/lib/python2.7/site-packages/nose/loader.py", line 407, in loadTestsFromName
    module = resolve_name(addr.module)
  File "/usr/bin/s3-tests/virtualenv/lib/python2.7/site-packages/nose/util.py", line 312, in resolve_name
    module = __import__('.'.join(parts_copy))
ImportError: No module named PASSED
]]></error></testcase><testcase classname="nose.failure.Failure" name="runTest" time="0.000"><error type="exceptions.OSError" message="No such file /usr/bin/s3-tests/test_bucket_create_bad_authorization_unreadable,"><![CDATA[Traceback (most recent call last):
  File "/usr/lib64/python2.7/unittest/case.py", line 369, in run
    testMethod()
  File "/usr/bin/s3-tests/virtualenv/lib/python2.7/site-packages/nose/failure.py", line 42, in runTest
    raise self.exc_class(self.exc_val)
OSError: No such file /usr/bin/s3-tests/test_bucket_create_bad_authorization_unreadable,
]]></error></testcase><testcase classname="nose.failure.Failure" name="runTest" time="0.000"><error type="exceptions.ImportError" message="No module named PASSED"><![CDATA[Traceback (most recent call last):
  File "/usr/lib64/python2.7/unittest/case.py", line 369, in run
    testMethod()
  File "/usr/bin/s3-tests/virtualenv/lib/python2.7/site-packages/nose/loader.py", line 407, in loadTestsFromName
    module = resolve_name(addr.module)
  File "/usr/bin/s3-tests/virtualenv/lib/python2.7/site-packages/nose/util.py", line 312, in resolve_name
    module = __import__('.'.join(parts_copy))
ImportError: No module named PASSED
]]></error></testcase><testcase classname="nose.failure.Failure" name="runTest" time="0.000"><error type="exceptions.OSError" message="No such file /usr/bin/s3-tests/test_bucket_create_bad_authorization_empty,"><![CDATA[Traceback (most recent call last):
  File "/usr/lib64/python2.7/unittest/case.py", line 369, in run
    testMethod()
  File "/usr/bin/s3-tests/virtualenv/lib/python2.7/site-packages/nose/failure.py", line 42, in runTest
    raise self.exc_class(self.exc_val)
OSError: No such file /usr/bin/s3-tests/test_bucket_create_bad_authorization_empty,
]]></error></testcase><testcase classname="nose.failure.Failure" name="runTest" time="0.000"><error type="exceptions.ImportError" message="No module named PASSED"><![CDATA[Traceback (most recent call last):
  File "/usr/lib64/python2.7/unittest/case.py", line 369, in run
    testMethod()
  File "/usr/bin/s3-tests/virtualenv/lib/python2.7/site-packages/nose/loader.py", line 407, in loadTestsFromName
    module = resolve_name(addr.module)
  File "/usr/bin/s3-tests/virtualenv/lib/python2.7/site-packages/nose/util.py", line 312, in resolve_name
    module = __import__('.'.join(parts_copy))
ImportError: No module named PASSED
]]></error></testcase><testcase classname="nose.failure.Failure" name="runTest" time="0.000"><error type="exceptions.OSError" message="No such file /usr/bin/s3-tests/test_bucket_create_bad_authorization_none,"><![CDATA[Traceback (most recent call last):
  File "/usr/lib64/python2.7/unittest/case.py", line 369, in run
    testMethod()
  File "/usr/bin/s3-tests/virtualenv/lib/python2.7/site-packages/nose/failure.py", line 42, in runTest
    raise self.exc_class(self.exc_val)
OSError: No such file /usr/bin/s3-tests/test_bucket_create_bad_authorization_none,
]]></error></testcase><testcase classname="nose.failure.Failure" name="runTest" time="0.000"><error type="exceptions.ImportError" message="No module named PASSED"><![CDATA[Traceback (most recent call last):
  File "/usr/lib64/python2.7/unittest/case.py", line 369, in run
    testMethod()
  File "/usr/bin/s3-tests/virtualenv/lib/python2.7/site-packages/nose/loader.py", line 407, in loadTestsFromName
    module = resolve_name(addr.module)
  File "/usr/bin/s3-tests/virtualenv/lib/python2.7/site-packages/nose/util.py", line 312, in resolve_name
    module = __import__('.'.join(parts_copy))
ImportError: No module named PASSED
]]></error></testcase><testcase classname="nose.failure.Failure" name="runTest" time="0.000"><error type="exceptions.OSError" message="No such file /usr/bin/s3-tests/test_object_create_bad_md5_invalid_garbage_aws2,"><![CDATA[Traceback (most recent call last):
  File "/usr/lib64/python2.7/unittest/case.py", line 369, in run
    testMethod()
  File "/usr/bin/s3-tests/virtualenv/lib/python2.7/site-packages/nose/failure.py", line 42, in runTest
    raise self.exc_class(self.exc_val)
OSError: No such file /usr/bin/s3-tests/test_object_create_bad_md5_invalid_garbage_aws2,
]]></error></testcase><testcase classname="nose.failure.Failure" name="runTest" time="0.000"><error type="exceptions.ImportError" message="No module named PASSED"><![CDATA[Traceback (most recent call last):
  File "/usr/lib64/python2.7/unittest/case.py", line 369, in run
    testMethod()
  File "/usr/bin/s3-tests/virtualenv/lib/python2.7/site-packages/nose/loader.py", line 407, in loadTestsFromName
    module = resolve_name(addr.module)
  File "/usr/bin/s3-tests/virtualenv/lib/python2.7/site-packages/nose/util.py", line 312, in resolve_name
    module = __import__('.'.join(parts_copy))
ImportError: No module named PASSED
]]></error></testcase><testcase classname="nose.failure.Failure" name="runTest" time="0.000"><error type="exceptions.OSError" message="No such file /usr/bin/s3-tests/test_object_create_bad_contentlength_mismatch_below_aws2,"><![CDATA[Traceback (most recent call last):
  File "/usr/lib64/python2.7/unittest/case.py", line 369, in run
    testMethod()
  File "/usr/bin/s3-tests/virtualenv/lib/python2.7/site-packages/nose/failure.py", line 42, in runTest
    raise self.exc_class(self.exc_val)
OSError: No such file /usr/bin/s3-tests/test_object_create_bad_contentlength_mismatch_below_aws2,
]]></error></testcase><testcase classname="nose.failure.Failure" name="runTest" time="0.000"><error type="exceptions.ImportError" message="No module named PASSED"><![CDATA[Traceback (most recent call last):
  File "/usr/lib64/python2.7/unittest/case.py", line 369, in run
    testMethod()
  File "/usr/bin/s3-tests/virtualenv/lib/python2.7/site-packages/nose/loader.py", line 407, in loadTestsFromName
    module = resolve_name(addr.module)
  File "/usr/bin/s3-tests/virtualenv/lib/python2.7/site-packages/nose/util.py", line 312, in resolve_name
    module = __import__('.'.join(parts_copy))
ImportError: No module named PASSED
]]></error></testcase><testcase classname="nose.failure.Failure" name="runTest" time="0.000"><error type="exceptions.OSError" message="No such file /usr/bin/s3-tests/test_object_create_bad_authorization_incorrect_aws2,"><![CDATA[Traceback (most recent call last):
  File "/usr/lib64/python2.7/unittest/case.py", line 369, in run
    testMethod()
  File "/usr/bin/s3-tests/virtualenv/lib/python2.7/site-packages/nose/failure.py", line 42, in runTest
    raise self.exc_class(self.exc_val)
OSError: No such file /usr/bin/s3-tests/test_object_create_bad_authorization_incorrect_aws2,
]]></error></testcase><testcase classname="nose.failure.Failure" name="runTest" time="0.000"><error type="exceptions.ImportError" message="No module named PASSED"><![CDATA[Traceback (most recent call last):
  File "/usr/lib64/python2.7/unittest/case.py", line 369, in run
    testMethod()
  File "/usr/bin/s3-tests/virtualenv/lib/python2.7/site-packages/nose/loader.py", line 407, in loadTestsFromName
    module = resolve_name(addr.module)
  File "/usr/bin/s3-tests/virtualenv/lib/python2.7/site-packages/nose/util.py", line 312, in resolve_name
    module = __import__('.'.join(parts_copy))
ImportError: No module named PASSED
]]></error></testcase><testcase classname="nose.failure.Failure" name="runTest" time="0.000"><error type="exceptions.OSError" message="No such file /usr/bin/s3-tests/test_object_create_bad_authorization_invalid_aws2,"><![CDATA[Traceback (most recent call last):
  File "/usr/lib64/python2.7/unittest/case.py", line 369, in run
    testMethod()
  File "/usr/bin/s3-tests/virtualenv/lib/python2.7/site-packages/nose/failure.py", line 42, in runTest
    raise self.exc_class(self.exc_val)
OSError: No such file /usr/bin/s3-tests/test_object_create_bad_authorization_invalid_aws2,
]]></error></testcase><testcase classname="nose.failure.Failure" name="runTest" time="0.000"><error type="exceptions.ImportError" message="No module named PASSED"><![CDATA[Traceback (most recent call last):
  File "/usr/lib64/python2.7/unittest/case.py", line 369, in run
    testMethod()
  File "/usr/bin/s3-tests/virtualenv/lib/python2.7/site-packages/nose/loader.py", line 407, in loadTestsFromName
    module = resolve_name(addr.module)
  File "/usr/bin/s3-tests/virtualenv/lib/python2.7/site-packages/nose/util.py", line 312, in resolve_name
    module = __import__('.'.join(parts_copy))
ImportError: No module named PASSED
]]></error></testcase><testcase classname="nose.failure.Failure" name="runTest" time="0.000"><error type="exceptions.OSError" message="No such file /usr/bin/s3-tests/test_object_create_bad_ua_empty_aws2,"><![CDATA[Traceback (most recent call last):
  File "/usr/lib64/python2.7/unittest/case.py", line 369, in run
    testMethod()
  File "/usr/bin/s3-tests/virtualenv/lib/python2.7/site-packages/nose/failure.py", line 42, in runTest
    raise self.exc_class(self.exc_val)
OSError: No such file /usr/bin/s3-tests/test_object_create_bad_ua_empty_aws2,
]]></error></testcase><testcase classname="nose.failure.Failure" name="runTest" time="0.000"><error type="exceptions.ImportError" message="No module named PASSED"><![CDATA[Traceback (most recent call last):
  File "/usr/lib64/python2.7/unittest/case.py", line 369, in run
    testMethod()
  File "/usr/bin/s3-tests/virtualenv/lib/python2.7/site-packages/nose/loader.py", line 407, in loadTestsFromName
    module = resolve_name(addr.module)
  File "/usr/bin/s3-tests/virtualenv/lib/python2.7/site-packages/nose/util.py", line 312, in resolve_name
    module = __import__('.'.join(parts_copy))
ImportError: No module named PASSED
]]></error></testcase><testcase classname="nose.failure.Failure" name="runTest" time="0.000"><error type="exceptions.OSError" message="No such file /usr/bin/s3-tests/test_object_create_bad_ua_unreadable_aws2,"><![CDATA[Traceback (most recent call last):
  File "/usr/lib64/python2.7/unittest/case.py", line 369, in run
    testMethod()
  File "/usr/bin/s3-tests/virtualenv/lib/python2.7/site-packages/nose/failure.py", line 42, in runTest
    raise self.exc_class(self.exc_val)
OSError: No such file /usr/bin/s3-tests/test_object_create_bad_ua_unreadable_aws2,
]]></error></testcase><testcase classname="nose.failure.Failure" name="runTest" time="0.000"><error type="exceptions.ImportError" message="No module named PASSED"><![CDATA[Traceback (most recent call last):
  File "/usr/lib64/python2.7/unittest/case.py", line 369, in run
    testMethod()
  File "/usr/bin/s3-tests/virtualenv/lib/python2.7/site-packages/nose/loader.py", line 407, in loadTestsFromName
    module = resolve_name(addr.module)
  File "/usr/bin/s3-tests/virtualenv/lib/python2.7/site-packages/nose/util.py", line 312, in resolve_name
    module = __import__('.'.join(parts_copy))
ImportError: No module named PASSED
]]></error></testcase><testcase classname="nose.failure.Failure" name="runTest" time="0.000"><error type="exceptions.OSError" message="No such file /usr/bin/s3-tests/test_object_create_bad_ua_none_aws2,"><![CDATA[Traceback (most recent call last):
  File "/usr/lib64/python2.7/unittest/case.py", line 369, in run
    testMethod()
  File "/usr/bin/s3-tests/virtualenv/lib/python2.7/site-packages/nose/failure.py", line 42, in runTest
    raise self.exc_class(self.exc_val)
OSError: No such file /usr/bin/s3-tests/test_object_create_bad_ua_none_aws2,
]]></error></testcase><testcase classname="nose.failure.Failure" name="runTest" time="0.000"><error type="exceptions.ImportError" message="No module named PASSED"><![CDATA[Traceback (most recent call last):
  File "/usr/lib64/python2.7/unittest/case.py", line 369, in run
    testMethod()
  File "/usr/bin/s3-tests/virtualenv/lib/python2.7/site-packages/nose/loader.py", line 407, in loadTestsFromName
    module = resolve_name(addr.module)
  File "/usr/bin/s3-tests/virtualenv/lib/python2.7/site-packages/nose/util.py", line 312, in resolve_name
    module = __import__('.'.join(parts_copy))
ImportError: No module named PASSED
]]></error></testcase><testcase classname="nose.failure.Failure" name="runTest" time="0.000"><error type="exceptions.OSError" message="No such file /usr/bin/s3-tests/test_object_create_bad_date_invalid_aws2,"><![CDATA[Traceback (most recent call last):
  File "/usr/lib64/python2.7/unittest/case.py", line 369, in run
    testMethod()
  File "/usr/bin/s3-tests/virtualenv/lib/python2.7/site-packages/nose/failure.py", line 42, in runTest
    raise self.exc_class(self.exc_val)
OSError: No such file /usr/bin/s3-tests/test_object_create_bad_date_invalid_aws2,
]]></error></testcase><testcase classname="nose.failure.Failure" name="runTest" time="0.000"><error type="exceptions.ImportError" message="No module named PASSED"><![CDATA[Traceback (most recent call last):
  File "/usr/lib64/python2.7/unittest/case.py", line 369, in run
    testMethod()
  File "/usr/bin/s3-tests/virtualenv/lib/python2.7/site-packages/nose/loader.py", line 407, in loadTestsFromName
    module = resolve_name(addr.module)
  File "/usr/bin/s3-tests/virtualenv/lib/python2.7/site-packages/nose/util.py", line 312, in resolve_name
    module = __import__('.'.join(parts_copy))
ImportError: No module named PASSED
]]></error></testcase><testcase classname="nose.failure.Failure" name="runTest" time="0.000"><error type="exceptions.OSError" message="No such file /usr/bin/s3-tests/test_object_create_bad_date_empty_aws2,"><![CDATA[Traceback (most recent call last):
  File "/usr/lib64/python2.7/unittest/case.py", line 369, in run
    testMethod()
  File "/usr/bin/s3-tests/virtualenv/lib/python2.7/site-packages/nose/failure.py", line 42, in runTest
    raise self.exc_class(self.exc_val)
OSError: No such file /usr/bin/s3-tests/test_object_create_bad_date_empty_aws2,
]]></error></testcase><testcase classname="nose.failure.Failure" name="runTest" time="0.000"><error type="exceptions.ImportError" message="No module named PASSED"><![CDATA[Traceback (most recent call last):
  File "/usr/lib64/python2.7/unittest/case.py", line 369, in run
    testMethod()
  File "/usr/bin/s3-tests/virtualenv/lib/python2.7/site-packages/nose/loader.py", line 407, in loadTestsFromName
    module = resolve_name(addr.module)
  File "/usr/bin/s3-tests/virtualenv/lib/python2.7/site-packages/nose/util.py", line 312, in resolve_name
    module = __import__('.'.join(parts_copy))
ImportError: No module named PASSED
]]></error></testcase><testcase classname="nose.failure.Failure" name="runTest" time="0.000"><error type="exceptions.OSError" message="No such file /usr/bin/s3-tests/test_object_create_bad_date_unreadable_aws2,"><![CDATA[Traceback (most recent call last):
  File "/usr/lib64/python2.7/unittest/case.py", line 369, in run
    testMethod()
  File "/usr/bin/s3-tests/virtualenv/lib/python2.7/site-packages/nose/failure.py", line 42, in runTest
    raise self.exc_class(self.exc_val)
OSError: No such file /usr/bin/s3-tests/test_object_create_bad_date_unreadable_aws2,
]]></error></testcase><testcase classname="nose.failure.Failure" name="runTest" time="0.000"><error type="exceptions.ImportError" message="No module named PASSED"><![CDATA[Traceback (most recent call last):
  File "/usr/lib64/python2.7/unittest/case.py", line 369, in run
    testMethod()
  File "/usr/bin/s3-tests/virtualenv/lib/python2.7/site-packages/nose/loader.py", line 407, in loadTestsFromName
    module = resolve_name(addr.module)
  File "/usr/bin/s3-tests/virtualenv/lib/python2.7/site-packages/nose/util.py", line 312, in resolve_name
    module = __import__('.'.join(parts_copy))
ImportError: No module named PASSED
]]></error></testcase><testcase classname="nose.failure.Failure" name="runTest" time="0.000"><error type="exceptions.OSError" message="No such file /usr/bin/s3-tests/test_object_create_bad_date_none_aws2,"><![CDATA[Traceback (most recent call last):
  File "/usr/lib64/python2.7/unittest/case.py", line 369, in run
    testMethod()
  File "/usr/bin/s3-tests/virtualenv/lib/python2.7/site-packages/nose/failure.py", line 42, in runTest
    raise self.exc_class(self.exc_val)
OSError: No such file /usr/bin/s3-tests/test_object_create_bad_date_none_aws2,
]]></error></testcase><testcase classname="nose.failure.Failure" name="runTest" time="0.000"><error type="exceptions.ImportError" message="No module named PASSED"><![CDATA[Traceback (most recent call last):
  File "/usr/lib64/python2.7/unittest/case.py", line 369, in run
    testMethod()
  File "/usr/bin/s3-tests/virtualenv/lib/python2.7/site-packages/nose/loader.py", line 407, in loadTestsFromName
    module = resolve_name(addr.module)
  File "/usr/bin/s3-tests/virtualenv/lib/python2.7/site-packages/nose/util.py", line 312, in resolve_name
    module = __import__('.'.join(parts_copy))
ImportError: No module named PASSED
]]></error></testcase><testcase classname="nose.failure.Failure" name="runTest" time="0.000"><error type="exceptions.OSError" message="No such file /usr/bin/s3-tests/test_object_create_bad_date_before_today_aws2,"><![CDATA[Traceback (most recent call last):
  File "/usr/lib64/python2.7/unittest/case.py", line 369, in run
    testMethod()
  File "/usr/bin/s3-tests/virtualenv/lib/python2.7/site-packages/nose/failure.py", line 42, in runTest
    raise self.exc_class(self.exc_val)
OSError: No such file /usr/bin/s3-tests/test_object_create_bad_date_before_today_aws2,
]]></error></testcase><testcase classname="nose.failure.Failure" name="runTest" time="0.000"><error type="exceptions.ImportError" message="No module named PASSED"><![CDATA[Traceback (most recent call last):
  File "/usr/lib64/python2.7/unittest/case.py", line 369, in run
    testMethod()
  File "/usr/bin/s3-tests/virtualenv/lib/python2.7/site-packages/nose/loader.py", line 407, in loadTestsFromName
    module = resolve_name(addr.module)
  File "/usr/bin/s3-tests/virtualenv/lib/python2.7/site-packages/nose/util.py", line 312, in resolve_name
    module = __import__('.'.join(parts_copy))
ImportError: No module named PASSED
]]></error></testcase><testcase classname="nose.failure.Failure" name="runTest" time="0.000"><error type="exceptions.OSError" message="No such file /usr/bin/s3-tests/test_object_create_bad_date_after_today_aws2,"><![CDATA[Traceback (most recent call last):
  File "/usr/lib64/python2.7/unittest/case.py", line 369, in run
    testMethod()
  File "/usr/bin/s3-tests/virtualenv/lib/python2.7/site-packages/nose/failure.py", line 42, in runTest
    raise self.exc_class(self.exc_val)
OSError: No such file /usr/bin/s3-tests/test_object_create_bad_date_after_today_aws2,
]]></error></testcase><testcase classname="nose.failure.Failure" name="runTest" time="0.000"><error type="exceptions.ImportError" message="No module named PASSED"><![CDATA[Traceback (most recent call last):
  File "/usr/lib64/python2.7/unittest/case.py", line 369, in run
    testMethod()
  File "/usr/bin/s3-tests/virtualenv/lib/python2.7/site-packages/nose/loader.py", line 407, in loadTestsFromName
    module = resolve_name(addr.module)
  File "/usr/bin/s3-tests/virtualenv/lib/python2.7/site-packages/nose/util.py", line 312, in resolve_name
    module = __import__('.'.join(parts_copy))
ImportError: No module named PASSED
]]></error></testcase><testcase classname="nose.failure.Failure" name="runTest" time="0.000"><error type="exceptions.OSError" message="No such file /usr/bin/s3-tests/test_object_create_bad_date_before_epoch_aws2,"><![CDATA[Traceback (most recent call last):
  File "/usr/lib64/python2.7/unittest/case.py", line 369, in run
    testMethod()
  File "/usr/bin/s3-tests/virtualenv/lib/python2.7/site-packages/nose/failure.py", line 42, in runTest
    raise self.exc_class(self.exc_val)
OSError: No such file /usr/bin/s3-tests/test_object_create_bad_date_before_epoch_aws2,
]]></error></testcase><testcase classname="nose.failure.Failure" name="runTest" time="0.000"><error type="exceptions.ImportError" message="No module named PASSED"><![CDATA[Traceback (most recent call last):
  File "/usr/lib64/python2.7/unittest/case.py", line 369, in run
    testMethod()
  File "/usr/bin/s3-tests/virtualenv/lib/python2.7/site-packages/nose/loader.py", line 407, in loadTestsFromName
    module = resolve_name(addr.module)
  File "/usr/bin/s3-tests/virtualenv/lib/python2.7/site-packages/nose/util.py", line 312, in resolve_name
    module = __import__('.'.join(parts_copy))
ImportError: No module named PASSED
]]></error></testcase><testcase classname="nose.failure.Failure" name="runTest" time="0.000"><error type="exceptions.OSError" message="No such file /usr/bin/s3-tests/test_object_create_bad_date_after_end_aws2,"><![CDATA[Traceback (most recent call last):
  File "/usr/lib64/python2.7/unittest/case.py", line 369, in run
    testMethod()
  File "/usr/bin/s3-tests/virtualenv/lib/python2.7/site-packages/nose/failure.py", line 42, in runTest
    raise self.exc_class(self.exc_val)
OSError: No such file /usr/bin/s3-tests/test_object_create_bad_date_after_end_aws2,
]]></error></testcase><testcase classname="nose.failure.Failure" name="runTest" time="0.000"><error type="exceptions.ImportError" message="No module named PASSED"><![CDATA[Traceback (most recent call last):
  File "/usr/lib64/python2.7/unittest/case.py", line 369, in run
    testMethod()
  File "/usr/bin/s3-tests/virtualenv/lib/python2.7/site-packages/nose/loader.py", line 407, in loadTestsFromName
    module = resolve_name(addr.module)
  File "/usr/bin/s3-tests/virtualenv/lib/python2.7/site-packages/nose/util.py", line 312, in resolve_name
    module = __import__('.'.join(parts_copy))
ImportError: No module named PASSED
]]></error></testcase><testcase classname="nose.failure.Failure" name="runTest" time="0.000"><error type="exceptions.OSError" message="No such file /usr/bin/s3-tests/test_bucket_create_bad_authorization_invalid_aws2,"><![CDATA[Traceback (most recent call last):
  File "/usr/lib64/python2.7/unittest/case.py", line 369, in run
    testMethod()
  File "/usr/bin/s3-tests/virtualenv/lib/python2.7/site-packages/nose/failure.py", line 42, in runTest
    raise self.exc_class(self.exc_val)
OSError: No such file /usr/bin/s3-tests/test_bucket_create_bad_authorization_invalid_aws2,
]]></error></testcase><testcase classname="nose.failure.Failure" name="runTest" time="0.000"><error type="exceptions.ImportError" message="No module named PASSED"><![CDATA[Traceback (most recent call last):
  File "/usr/lib64/python2.7/unittest/case.py", line 369, in run
    testMethod()
  File "/usr/bin/s3-tests/virtualenv/lib/python2.7/site-packages/nose/loader.py", line 407, in loadTestsFromName
    module = resolve_name(addr.module)
  File "/usr/bin/s3-tests/virtualenv/lib/python2.7/site-packages/nose/util.py", line 312, in resolve_name
    module = __import__('.'.join(parts_copy))
ImportError: No module named PASSED
]]></error></testcase><testcase classname="nose.failure.Failure" name="runTest" time="0.000"><error type="exceptions.OSError" message="No such file /usr/bin/s3-tests/test_bucket_create_bad_ua_empty_aws2,"><![CDATA[Traceback (most recent call last):
  File "/usr/lib64/python2.7/unittest/case.py", line 369, in run
    testMethod()
  File "/usr/bin/s3-tests/virtualenv/lib/python2.7/site-packages/nose/failure.py", line 42, in runTest
    raise self.exc_class(self.exc_val)
OSError: No such file /usr/bin/s3-tests/test_bucket_create_bad_ua_empty_aws2,
]]></error></testcase><testcase classname="nose.failure.Failure" name="runTest" time="0.000"><error type="exceptions.ImportError" message="No module named PASSED"><![CDATA[Traceback (most recent call last):
  File "/usr/lib64/python2.7/unittest/case.py", line 369, in run
    testMethod()
  File "/usr/bin/s3-tests/virtualenv/lib/python2.7/site-packages/nose/loader.py", line 407, in loadTestsFromName
    module = resolve_name(addr.module)
  File "/usr/bin/s3-tests/virtualenv/lib/python2.7/site-packages/nose/util.py", line 312, in resolve_name
    module = __import__('.'.join(parts_copy))
ImportError: No module named PASSED
]]></error></testcase><testcase classname="nose.failure.Failure" name="runTest" time="0.000"><error type="exceptions.OSError" message="No such file /usr/bin/s3-tests/test_bucket_create_bad_ua_unreadable_aws2,"><![CDATA[Traceback (most recent call last):
  File "/usr/lib64/python2.7/unittest/case.py", line 369, in run
    testMethod()
  File "/usr/bin/s3-tests/virtualenv/lib/python2.7/site-packages/nose/failure.py", line 42, in runTest
    raise self.exc_class(self.exc_val)
OSError: No such file /usr/bin/s3-tests/test_bucket_create_bad_ua_unreadable_aws2,
]]></error></testcase><testcase classname="nose.failure.Failure" name="runTest" time="0.000"><error type="exceptions.ImportError" message="No module named PASSED"><![CDATA[Traceback (most recent call last):
  File "/usr/lib64/python2.7/unittest/case.py", line 369, in run
    testMethod()
  File "/usr/bin/s3-tests/virtualenv/lib/python2.7/site-packages/nose/loader.py", line 407, in loadTestsFromName
    module = resolve_name(addr.module)
  File "/usr/bin/s3-tests/virtualenv/lib/python2.7/site-packages/nose/util.py", line 312, in resolve_name
    module = __import__('.'.join(parts_copy))
ImportError: No module named PASSED
]]></error></testcase><testcase classname="nose.failure.Failure" name="runTest" time="0.000"><error type="exceptions.OSError" message="No such file /usr/bin/s3-tests/test_bucket_create_bad_ua_none_aws2,"><![CDATA[Traceback (most recent call last):
  File "/usr/lib64/python2.7/unittest/case.py", line 369, in run
    testMethod()
  File "/usr/bin/s3-tests/virtualenv/lib/python2.7/site-packages/nose/failure.py", line 42, in runTest
    raise self.exc_class(self.exc_val)
OSError: No such file /usr/bin/s3-tests/test_bucket_create_bad_ua_none_aws2,
]]></error></testcase><testcase classname="nose.failure.Failure" name="runTest" time="0.000"><error type="exceptions.ImportError" message="No module named PASSED"><![CDATA[Traceback (most recent call last):
  File "/usr/lib64/python2.7/unittest/case.py", line 369, in run
    testMethod()
  File "/usr/bin/s3-tests/virtualenv/lib/python2.7/site-packages/nose/loader.py", line 407, in loadTestsFromName
    module = resolve_name(addr.module)
  File "/usr/bin/s3-tests/virtualenv/lib/python2.7/site-packages/nose/util.py", line 312, in resolve_name
    module = __import__('.'.join(parts_copy))
ImportError: No module named PASSED
]]></error></testcase><testcase classname="nose.failure.Failure" name="runTest" time="0.000"><error type="exceptions.OSError" message="No such file /usr/bin/s3-tests/test_bucket_create_bad_date_invalid_aws2,"><![CDATA[Traceback (most recent call last):
  File "/usr/lib64/python2.7/unittest/case.py", line 369, in run
    testMethod()
  File "/usr/bin/s3-tests/virtualenv/lib/python2.7/site-packages/nose/failure.py", line 42, in runTest
    raise self.exc_class(self.exc_val)
OSError: No such file /usr/bin/s3-tests/test_bucket_create_bad_date_invalid_aws2,
]]></error></testcase><testcase classname="nose.failure.Failure" name="runTest" time="0.000"><error type="exceptions.ImportError" message="No module named PASSED"><![CDATA[Traceback (most recent call last):
  File "/usr/lib64/python2.7/unittest/case.py", line 369, in run
    testMethod()
  File "/usr/bin/s3-tests/virtualenv/lib/python2.7/site-packages/nose/loader.py", line 407, in loadTestsFromName
    module = resolve_name(addr.module)
  File "/usr/bin/s3-tests/virtualenv/lib/python2.7/site-packages/nose/util.py", line 312, in resolve_name
    module = __import__('.'.join(parts_copy))
ImportError: No module named PASSED
]]></error></testcase><testcase classname="nose.failure.Failure" name="runTest" time="0.000"><error type="exceptions.OSError" message="No such file /usr/bin/s3-tests/test_bucket_create_bad_date_empty_aws2,"><![CDATA[Traceback (most recent call last):
  File "/usr/lib64/python2.7/unittest/case.py", line 369, in run
    testMethod()
  File "/usr/bin/s3-tests/virtualenv/lib/python2.7/site-packages/nose/failure.py", line 42, in runTest
    raise self.exc_class(self.exc_val)
OSError: No such file /usr/bin/s3-tests/test_bucket_create_bad_date_empty_aws2,
]]></error></testcase><testcase classname="nose.failure.Failure" name="runTest" time="0.000"><error type="exceptions.ImportError" message="No module named PASSED"><![CDATA[Traceback (most recent call last):
  File "/usr/lib64/python2.7/unittest/case.py", line 369, in run
    testMethod()
  File "/usr/bin/s3-tests/virtualenv/lib/python2.7/site-packages/nose/loader.py", line 407, in loadTestsFromName
    module = resolve_name(addr.module)
  File "/usr/bin/s3-tests/virtualenv/lib/python2.7/site-packages/nose/util.py", line 312, in resolve_name
    module = __import__('.'.join(parts_copy))
ImportError: No module named PASSED
]]></error></testcase><testcase classname="nose.failure.Failure" name="runTest" time="0.000"><error type="exceptions.OSError" message="No such file /usr/bin/s3-tests/test_bucket_create_bad_date_unreadable_aws2,"><![CDATA[Traceback (most recent call last):
  File "/usr/lib64/python2.7/unittest/case.py", line 369, in run
    testMethod()
  File "/usr/bin/s3-tests/virtualenv/lib/python2.7/site-packages/nose/failure.py", line 42, in runTest
    raise self.exc_class(self.exc_val)
OSError: No such file /usr/bin/s3-tests/test_bucket_create_bad_date_unreadable_aws2,
]]></error></testcase><testcase classname="nose.failure.Failure" name="runTest" time="0.000"><error type="exceptions.ImportError" message="No module named PASSED"><![CDATA[Traceback (most recent call last):
  File "/usr/lib64/python2.7/unittest/case.py", line 369, in run
    testMethod()
  File "/usr/bin/s3-tests/virtualenv/lib/python2.7/site-packages/nose/loader.py", line 407, in loadTestsFromName
    module = resolve_name(addr.module)
  File "/usr/bin/s3-tests/virtualenv/lib/python2.7/site-packages/nose/util.py", line 312, in resolve_name
    module = __import__('.'.join(parts_copy))
ImportError: No module named PASSED
]]></error></testcase><testcase classname="nose.failure.Failure" name="runTest" time="0.000"><error type="exceptions.OSError" message="No such file /usr/bin/s3-tests/test_bucket_create_bad_date_none_aws2,"><![CDATA[Traceback (most recent call last):
  File "/usr/lib64/python2.7/unittest/case.py", line 369, in run
    testMethod()
  File "/usr/bin/s3-tests/virtualenv/lib/python2.7/site-packages/nose/failure.py", line 42, in runTest
    raise self.exc_class(self.exc_val)
OSError: No such file /usr/bin/s3-tests/test_bucket_create_bad_date_none_aws2,
]]></error></testcase><testcase classname="nose.failure.Failure" name="runTest" time="0.000"><error type="exceptions.ImportError" message="No module named PASSED"><![CDATA[Traceback (most recent call last):
  File "/usr/lib64/python2.7/unittest/case.py", line 369, in run
    testMethod()
  File "/usr/bin/s3-tests/virtualenv/lib/python2.7/site-packages/nose/loader.py", line 407, in loadTestsFromName
    module = resolve_name(addr.module)
  File "/usr/bin/s3-tests/virtualenv/lib/python2.7/site-packages/nose/util.py", line 312, in resolve_name
    module = __import__('.'.join(parts_copy))
ImportError: No module named PASSED
]]></error></testcase><testcase classname="nose.failure.Failure" name="runTest" time="0.000"><error type="exceptions.OSError" message="No such file /usr/bin/s3-tests/test_bucket_create_bad_date_before_today_aws2,"><![CDATA[Traceback (most recent call last):
  File "/usr/lib64/python2.7/unittest/case.py", line 369, in run
    testMethod()
  File "/usr/bin/s3-tests/virtualenv/lib/python2.7/site-packages/nose/failure.py", line 42, in runTest
    raise self.exc_class(self.exc_val)
OSError: No such file /usr/bin/s3-tests/test_bucket_create_bad_date_before_today_aws2,
]]></error></testcase><testcase classname="nose.failure.Failure" name="runTest" time="0.000"><error type="exceptions.ImportError" message="No module named PASSED"><![CDATA[Traceback (most recent call last):
  File "/usr/lib64/python2.7/unittest/case.py", line 369, in run
    testMethod()
  File "/usr/bin/s3-tests/virtualenv/lib/python2.7/site-packages/nose/loader.py", line 407, in loadTestsFromName
    module = resolve_name(addr.module)
  File "/usr/bin/s3-tests/virtualenv/lib/python2.7/site-packages/nose/util.py", line 312, in resolve_name
    module = __import__('.'.join(parts_copy))
ImportError: No module named PASSED
]]></error></testcase><testcase classname="nose.failure.Failure" name="runTest" time="0.000"><error type="exceptions.OSError" message="No such file /usr/bin/s3-tests/test_bucket_create_bad_date_after_today_aws2,"><![CDATA[Traceback (most recent call last):
  File "/usr/lib64/python2.7/unittest/case.py", line 369, in run
    testMethod()
  File "/usr/bin/s3-tests/virtualenv/lib/python2.7/site-packages/nose/failure.py", line 42, in runTest
    raise self.exc_class(self.exc_val)
OSError: No such file /usr/bin/s3-tests/test_bucket_create_bad_date_after_today_aws2,
]]></error></testcase><testcase classname="nose.failure.Failure" name="runTest" time="0.000"><error type="exceptions.ImportError" message="No module named PASSED"><![CDATA[Traceback (most recent call last):
  File "/usr/lib64/python2.7/unittest/case.py", line 369, in run
    testMethod()
  File "/usr/bin/s3-tests/virtualenv/lib/python2.7/site-packages/nose/loader.py", line 407, in loadTestsFromName
    module = resolve_name(addr.module)
  File "/usr/bin/s3-tests/virtualenv/lib/python2.7/site-packages/nose/util.py", line 312, in resolve_name
    module = __import__('.'.join(parts_copy))
ImportError: No module named PASSED
]]></error></testcase><testcase classname="nose.failure.Failure" name="runTest" time="0.000"><error type="exceptions.OSError" message="No such file /usr/bin/s3-tests/test_bucket_create_bad_date_before_epoch_aws2,"><![CDATA[Traceback (most recent call last):
  File "/usr/lib64/python2.7/unittest/case.py", line 369, in run
    testMethod()
  File "/usr/bin/s3-tests/virtualenv/lib/python2.7/site-packages/nose/failure.py", line 42, in runTest
    raise self.exc_class(self.exc_val)
OSError: No such file /usr/bin/s3-tests/test_bucket_create_bad_date_before_epoch_aws2,
]]></error></testcase><testcase classname="nose.failure.Failure" name="runTest" time="0.000"><error type="exceptions.ImportError" message="No module named PASSED"><![CDATA[Traceback (most recent call last):
  File "/usr/lib64/python2.7/unittest/case.py", line 369, in run
    testMethod()
  File "/usr/bin/s3-tests/virtualenv/lib/python2.7/site-packages/nose/loader.py", line 407, in loadTestsFromName
    module = resolve_name(addr.module)
  File "/usr/bin/s3-tests/virtualenv/lib/python2.7/site-packages/nose/util.py", line 312, in resolve_name
    module = __import__('.'.join(parts_copy))
ImportError: No module named PASSED
]]></error></testcase><testcase classname="nose.failure.Failure" name="runTest" time="0.000"><error type="exceptions.OSError" message="No such file /usr/bin/s3-tests/test_object_create_bad_md5_invalid_garbage_aws4,"><![CDATA[Traceback (most recent call last):
  File "/usr/lib64/python2.7/unittest/case.py", line 369, in run
    testMethod()
  File "/usr/bin/s3-tests/virtualenv/lib/python2.7/site-packages/nose/failure.py", line 42, in runTest
    raise self.exc_class(self.exc_val)
OSError: No such file /usr/bin/s3-tests/test_object_create_bad_md5_invalid_garbage_aws4,
]]></error></testcase><testcase classname="nose.failure.Failure" name="runTest" time="0.000"><error type="exceptions.ImportError" message="No module named PASSED"><![CDATA[Traceback (most recent call last):
  File "/usr/lib64/python2.7/unittest/case.py", line 369, in run
    testMethod()
  File "/usr/bin/s3-tests/virtualenv/lib/python2.7/site-packages/nose/loader.py", line 407, in loadTestsFromName
    module = resolve_name(addr.module)
  File "/usr/bin/s3-tests/virtualenv/lib/python2.7/site-packages/nose/util.py", line 312, in resolve_name
    module = __import__('.'.join(parts_copy))
ImportError: No module named PASSED
]]></error></testcase><testcase classname="nose.failure.Failure" name="runTest" time="0.000"><error type="exceptions.OSError" message="No such file /usr/bin/s3-tests/test_object_create_bad_contentlength_mismatch_below_aws4,"><![CDATA[Traceback (most recent call last):
  File "/usr/lib64/python2.7/unittest/case.py", line 369, in run
    testMethod()
  File "/usr/bin/s3-tests/virtualenv/lib/python2.7/site-packages/nose/failure.py", line 42, in runTest
    raise self.exc_class(self.exc_val)
OSError: No such file /usr/bin/s3-tests/test_object_create_bad_contentlength_mismatch_below_aws4,
]]></error></testcase><testcase classname="nose.failure.Failure" name="runTest" time="0.000"><error type="exceptions.ImportError" message="No module named PASSED"><![CDATA[Traceback (most recent call last):
  File "/usr/lib64/python2.7/unittest/case.py", line 369, in run
    testMethod()
  File "/usr/bin/s3-tests/virtualenv/lib/python2.7/site-packages/nose/loader.py", line 407, in loadTestsFromName
    module = resolve_name(addr.module)
  File "/usr/bin/s3-tests/virtualenv/lib/python2.7/site-packages/nose/util.py", line 312, in resolve_name
    module = __import__('.'.join(parts_copy))
ImportError: No module named PASSED
]]></error></testcase><testcase classname="nose.failure.Failure" name="runTest" time="0.000"><error type="exceptions.OSError" message="No such file /usr/bin/s3-tests/test_object_create_bad_authorization_incorrect_aws4,"><![CDATA[Traceback (most recent call last):
  File "/usr/lib64/python2.7/unittest/case.py", line 369, in run
    testMethod()
  File "/usr/bin/s3-tests/virtualenv/lib/python2.7/site-packages/nose/failure.py", line 42, in runTest
    raise self.exc_class(self.exc_val)
OSError: No such file /usr/bin/s3-tests/test_object_create_bad_authorization_incorrect_aws4,
]]></error></testcase><testcase classname="nose.failure.Failure" name="runTest" time="0.000"><error type="exceptions.ImportError" message="No module named PASSED"><![CDATA[Traceback (most recent call last):
  File "/usr/lib64/python2.7/unittest/case.py", line 369, in run
    testMethod()
  File "/usr/bin/s3-tests/virtualenv/lib/python2.7/site-packages/nose/loader.py", line 407, in loadTestsFromName
    module = resolve_name(addr.module)
  File "/usr/bin/s3-tests/virtualenv/lib/python2.7/site-packages/nose/util.py", line 312, in resolve_name
    module = __import__('.'.join(parts_copy))
ImportError: No module named PASSED
]]></error></testcase><testcase classname="nose.failure.Failure" name="runTest" time="0.000"><error type="exceptions.OSError" message="No such file /usr/bin/s3-tests/test_object_create_bad_authorization_invalid_aws4,"><![CDATA[Traceback (most recent call last):
  File "/usr/lib64/python2.7/unittest/case.py", line 369, in run
    testMethod()
  File "/usr/bin/s3-tests/virtualenv/lib/python2.7/site-packages/nose/failure.py", line 42, in runTest
    raise self.exc_class(self.exc_val)
OSError: No such file /usr/bin/s3-tests/test_object_create_bad_authorization_invalid_aws4,
]]></error></testcase><testcase classname="nose.failure.Failure" name="runTest" time="0.000"><error type="exceptions.ImportError" message="No module named PASSED"><![CDATA[Traceback (most recent call last):
  File "/usr/lib64/python2.7/unittest/case.py", line 369, in run
    testMethod()
  File "/usr/bin/s3-tests/virtualenv/lib/python2.7/site-packages/nose/loader.py", line 407, in loadTestsFromName
    module = resolve_name(addr.module)
  File "/usr/bin/s3-tests/virtualenv/lib/python2.7/site-packages/nose/util.py", line 312, in resolve_name
[...]
  File "/usr/lib64/python2.7/unittest/case.py", line 369, in run
    testMethod()
  File "/usr/bin/s3-tests/virtualenv/lib/python2.7/site-packages/nose/loader.py", line 407, in loadTestsFromName
    module = resolve_name(addr.module)
  File "/usr/bin/s3-tests/virtualenv/lib/python2.7/site-packages/nose/util.py", line 312, in resolve_name
    module = __import__('.'.join(parts_copy))
ImportError: No module named PASSED
]]></error></testcase><testcase classname="nose.failure.Failure" name="runTest" time="0.000"><error type="exceptions.OSError" message="No such file /usr/bin/s3-tests/test_weighted_null_choices,"><![CDATA[Traceback (most recent call last):
  File "/usr/lib64/python2.7/unittest/case.py", line 369, in run
    testMethod()
  File "/usr/bin/s3-tests/virtualenv/lib/python2.7/site-packages/nose/failure.py", line 42, in runTest
    raise self.exc_class(self.exc_val)
OSError: No such file /usr/bin/s3-tests/test_weighted_null_choices,
]]></error></testcase><testcase classname="nose.failure.Failure" name="runTest" time="0.000"><error type="exceptions.ImportError" message="No module named PASSED"><![CDATA[Traceback (most recent call last):
  File "/usr/lib64/python2.7/unittest/case.py", line 369, in run
    testMethod()
  File "/usr/bin/s3-tests/virtualenv/lib/python2.7/site-packages/nose/loader.py", line 407, in loadTestsFromName
    module = resolve_name(addr.module)
  File "/usr/bin/s3-tests/virtualenv/lib/python2.7/site-packages/nose/util.py", line 312, in resolve_name
    module = __import__('.'.join(parts_copy))
ImportError: No module named PASSED
]]></error></testcase><testcase classname="nose.failure.Failure" name="runTest" time="0.000"><error type="exceptions.OSError" message="No such file /usr/bin/s3-tests/test_null_child,"><![CDATA[Traceback (most recent call last):
  File "/usr/lib64/python2.7/unittest/case.py", line 369, in run
    testMethod()
  File "/usr/bin/s3-tests/virtualenv/lib/python2.7/site-packages/nose/failure.py", line 42, in runTest
    raise self.exc_class(self.exc_val)
OSError: No such file /usr/bin/s3-tests/test_null_child,
]]></error></testcase><testcase classname="nose.failure.Failure" name="runTest" time="0.000"><error type="exceptions.ImportError" message="No module named PASSED"><![CDATA[Traceback (most recent call last):
  File "/usr/lib64/python2.7/unittest/case.py", line 369, in run
    testMethod()
  File "/usr/bin/s3-tests/virtualenv/lib/python2.7/site-packages/nose/loader.py", line 407, in loadTestsFromName
    module = resolve_name(addr.module)
  File "/usr/bin/s3-tests/virtualenv/lib/python2.7/site-packages/nose/util.py", line 312, in resolve_name
    module = __import__('.'.join(parts_copy))
ImportError: No module named PASSED
]]></error></testcase><testcase classname="nose.failure.Failure" name="runTest" time="0.000"><error type="exceptions.OSError" message="No such file /usr/bin/s3-tests/test_weighted_set,"><![CDATA[Traceback (most recent call last):
  File "/usr/lib64/python2.7/unittest/case.py", line 369, in run
    testMethod()
  File "/usr/bin/s3-tests/virtualenv/lib/python2.7/site-packages/nose/failure.py", line 42, in runTest
    raise self.exc_class(self.exc_val)
OSError: No such file /usr/bin/s3-tests/test_weighted_set,
]]></error></testcase><testcase classname="nose.failure.Failure" name="runTest" time="0.000"><error type="exceptions.ImportError" message="No module named PASSED"><![CDATA[Traceback (most recent call last):
  File "/usr/lib64/python2.7/unittest/case.py", line 369, in run
    testMethod()
  File "/usr/bin/s3-tests/virtualenv/lib/python2.7/site-packages/nose/loader.py", line 407, in loadTestsFromName
    module = resolve_name(addr.module)
  File "/usr/bin/s3-tests/virtualenv/lib/python2.7/site-packages/nose/util.py", line 312, in resolve_name
    module = __import__('.'.join(parts_copy))
ImportError: No module named PASSED
]]></error></testcase><testcase classname="nose.failure.Failure" name="runTest" time="0.000"><error type="exceptions.OSError" message="No such file /usr/bin/s3-tests/test_header_presence,"><![CDATA[Traceback (most recent call last):
  File "/usr/lib64/python2.7/unittest/case.py", line 369, in run
    testMethod()
  File "/usr/bin/s3-tests/virtualenv/lib/python2.7/site-packages/nose/failure.py", line 42, in runTest
    raise self.exc_class(self.exc_val)
OSError: No such file /usr/bin/s3-tests/test_header_presence,
]]></error></testcase><testcase classname="nose.failure.Failure" name="runTest" time="0.000"><error type="exceptions.ImportError" message="No module named PASSED"><![CDATA[Traceback (most recent call last):
  File "/usr/lib64/python2.7/unittest/case.py", line 369, in run
    testMethod()
  File "/usr/bin/s3-tests/virtualenv/lib/python2.7/site-packages/nose/loader.py", line 407, in loadTestsFromName
    module = resolve_name(addr.module)
  File "/usr/bin/s3-tests/virtualenv/lib/python2.7/site-packages/nose/util.py", line 312, in resolve_name
    module = __import__('.'.join(parts_copy))
ImportError: No module named PASSED
]]></error></testcase><testcase classname="nose.failure.Failure" name="runTest" time="0.000"><error type="exceptions.OSError" message="No such file /usr/bin/s3-tests/test_duplicate_header,"><![CDATA[Traceback (most recent call last):
  File "/usr/lib64/python2.7/unittest/case.py", line 369, in run
    testMethod()
  File "/usr/bin/s3-tests/virtualenv/lib/python2.7/site-packages/nose/failure.py", line 42, in runTest
    raise self.exc_class(self.exc_val)
OSError: No such file /usr/bin/s3-tests/test_duplicate_header,
]]></error></testcase><testcase classname="nose.failure.Failure" name="runTest" time="0.000"><error type="exceptions.ImportError" message="No module named PASSED"><![CDATA[Traceback (most recent call last):
  File "/usr/lib64/python2.7/unittest/case.py", line 369, in run
    testMethod()
  File "/usr/bin/s3-tests/virtualenv/lib/python2.7/site-packages/nose/loader.py", line 407, in loadTestsFromName
    module = resolve_name(addr.module)
  File "/usr/bin/s3-tests/virtualenv/lib/python2.7/site-packages/nose/util.py", line 312, in resolve_name
    module = __import__('.'.join(parts_copy))
ImportError: No module named PASSED
]]></error></testcase><testcase classname="nose.failure.Failure" name="runTest" time="0.000"><error type="exceptions.OSError" message="No such file /usr/bin/s3-tests/test_expand_headers,"><![CDATA[Traceback (most recent call last):
  File "/usr/lib64/python2.7/unittest/case.py", line 369, in run
    testMethod()
  File "/usr/bin/s3-tests/virtualenv/lib/python2.7/site-packages/nose/failure.py", line 42, in runTest
    raise self.exc_class(self.exc_val)
OSError: No such file /usr/bin/s3-tests/test_expand_headers,
]]></error></testcase><testcase classname="nose.failure.Failure" name="runTest" time="0.000"><error type="exceptions.ImportError" message="No module named PASSED"><![CDATA[Traceback (most recent call last):
  File "/usr/lib64/python2.7/unittest/case.py", line 369, in run
    testMethod()
  File "/usr/bin/s3-tests/virtualenv/lib/python2.7/site-packages/nose/loader.py", line 407, in loadTestsFromName
    module = resolve_name(addr.module)
  File "/usr/bin/s3-tests/virtualenv/lib/python2.7/site-packages/nose/util.py", line 312, in resolve_name
    module = __import__('.'.join(parts_copy))
ImportError: No module named PASSED
]]></error></testcase><testcase classname="nose.failure.Failure" name="runTest" time="0.000"><error type="exceptions.OSError" message="No such file /usr/bin/s3-tests/test_new_file_is_valid,"><![CDATA[Traceback (most recent call last):
  File "/usr/lib64/python2.7/unittest/case.py", line 369, in run
    testMethod()
  File "/usr/bin/s3-tests/virtualenv/lib/python2.7/site-packages/nose/failure.py", line 42, in runTest
    raise self.exc_class(self.exc_val)
OSError: No such file /usr/bin/s3-tests/test_new_file_is_valid,
]]></error></testcase><testcase classname="nose.failure.Failure" name="runTest" time="0.000"><error type="exceptions.ImportError" message="No module named PASSED"><![CDATA[Traceback (most recent call last):
  File "/usr/lib64/python2.7/unittest/case.py", line 369, in run
    testMethod()
  File "/usr/bin/s3-tests/virtualenv/lib/python2.7/site-packages/nose/loader.py", line 407, in loadTestsFromName
    module = resolve_name(addr.module)
  File "/usr/bin/s3-tests/virtualenv/lib/python2.7/site-packages/nose/util.py", line 312, in resolve_name
    module = __import__('.'.join(parts_copy))
ImportError: No module named PASSED
]]></error></testcase><testcase classname="nose.failure.Failure" name="runTest" time="0.000"><error type="exceptions.OSError" message="No such file /usr/bin/s3-tests/test_new_file_is_valid_on_several_calls,"><![CDATA[Traceback (most recent call last):
  File "/usr/lib64/python2.7/unittest/case.py", line 369, in run
    testMethod()
  File "/usr/bin/s3-tests/virtualenv/lib/python2.7/site-packages/nose/failure.py", line 42, in runTest
    raise self.exc_class(self.exc_val)
OSError: No such file /usr/bin/s3-tests/test_new_file_is_valid_on_several_calls,
]]></error></testcase><testcase classname="nose.failure.Failure" name="runTest" time="0.000"><error type="exceptions.ImportError" message="No module named PASSED"><![CDATA[Traceback (most recent call last):
  File "/usr/lib64/python2.7/unittest/case.py", line 369, in run
    testMethod()
  File "/usr/bin/s3-tests/virtualenv/lib/python2.7/site-packages/nose/loader.py", line 407, in loadTestsFromName
    module = resolve_name(addr.module)
  File "/usr/bin/s3-tests/virtualenv/lib/python2.7/site-packages/nose/util.py", line 312, in resolve_name
    module = __import__('.'.join(parts_copy))
ImportError: No module named PASSED
]]></error></testcase><testcase classname="nose.failure.Failure" name="runTest" time="0.000"><error type="exceptions.OSError" message="No such file /usr/bin/s3-tests/test_new_file_is_valid_when_size_is_1,"><![CDATA[Traceback (most recent call last):
  File "/usr/lib64/python2.7/unittest/case.py", line 369, in run
    testMethod()
  File "/usr/bin/s3-tests/virtualenv/lib/python2.7/site-packages/nose/failure.py", line 42, in runTest
    raise self.exc_class(self.exc_val)
OSError: No such file /usr/bin/s3-tests/test_new_file_is_valid_when_size_is_1,
]]></error></testcase><testcase classname="nose.failure.Failure" name="runTest" time="0.000"><error type="exceptions.ImportError" message="No module named PASSED"><![CDATA[Traceback (most recent call last):
  File "/usr/lib64/python2.7/unittest/case.py", line 369, in run
    testMethod()
  File "/usr/bin/s3-tests/virtualenv/lib/python2.7/site-packages/nose/loader.py", line 407, in loadTestsFromName
    module = resolve_name(addr.module)
  File "/usr/bin/s3-tests/virtualenv/lib/python2.7/site-packages/nose/util.py", line 312, in resolve_name
    module = __import__('.'.join(parts_copy))
ImportError: No module named PASSED
]]></error></testcase><testcase classname="nose.failure.Failure" name="runTest" time="0.000"><error type="exceptions.OSError" message="No such file /usr/bin/s3-tests/test_random_file_valid,"><![CDATA[Traceback (most recent call last):
  File "/usr/lib64/python2.7/unittest/case.py", line 369, in run
    testMethod()
  File "/usr/bin/s3-tests/virtualenv/lib/python2.7/site-packages/nose/failure.py", line 42, in runTest
    raise self.exc_class(self.exc_val)
OSError: No such file /usr/bin/s3-tests/test_random_file_valid,
]]></error></testcase><testcase classname="nose.failure.Failure" name="runTest" time="0.000"><error type="exceptions.ImportError" message="No module named PASSED"><![CDATA[Traceback (most recent call last):
  File "/usr/lib64/python2.7/unittest/case.py", line 369, in run
    testMethod()
  File "/usr/bin/s3-tests/virtualenv/lib/python2.7/site-packages/nose/loader.py", line 407, in loadTestsFromName
    module = resolve_name(addr.module)
  File "/usr/bin/s3-tests/virtualenv/lib/python2.7/site-packages/nose/util.py", line 312, in resolve_name
    module = __import__('.'.join(parts_copy))
ImportError: No module named PASSED
]]></error></testcase><testcase classname="nose.failure.Failure" name="runTest" time="0.000"><error type="exceptions.ImportError" message="No module named Tests"><![CDATA[Traceback (most recent call last):
  File "/usr/lib64/python2.7/unittest/case.py", line 369, in run
    testMethod()
  File "/usr/bin/s3-tests/virtualenv/lib/python2.7/site-packages/nose/loader.py", line 407, in loadTestsFromName
    module = resolve_name(addr.module)
  File "/usr/bin/s3-tests/virtualenv/lib/python2.7/site-packages/nose/util.py", line 312, in resolve_name
    module = __import__('.'.join(parts_copy))
ImportError: No module named Tests
]]></error></testcase><testcase classname="nose.failure.Failure" name="runTest" time="0.000"><error type="exceptions.OSError" message="No such file /usr/bin/s3-tests/="><![CDATA[Traceback (most recent call last):
  File "/usr/lib64/python2.7/unittest/case.py", line 369, in run
    testMethod()
  File "/usr/bin/s3-tests/virtualenv/lib/python2.7/site-packages/nose/failure.py", line 42, in runTest
    raise self.exc_class(self.exc_val)
OSError: No such file /usr/bin/s3-tests/=
]]></error></testcase><testcase classname="nose.failure.Failure" name="runTest" time="0.000"><error type="exceptions.OSError" message="No such file /usr/bin/s3-tests/577:"><![CDATA[Traceback (most recent call last):
  File "/usr/lib64/python2.7/unittest/case.py", line 369, in run
    testMethod()
  File "/usr/bin/s3-tests/virtualenv/lib/python2.7/site-packages/nose/failure.py", line 42, in runTest
    raise self.exc_class(self.exc_val)
OSError: No such file /usr/bin/s3-tests/577:
]]></error></testcase><testcase classname="nose.failure.Failure" name="runTest" time="0.000"><error type="exceptions.ImportError" message="No module named Passed"><![CDATA[Traceback (most recent call last):
  File "/usr/lib64/python2.7/unittest/case.py", line 369, in run
    testMethod()
  File "/usr/bin/s3-tests/virtualenv/lib/python2.7/site-packages/nose/loader.py", line 407, in loadTestsFromName
    module = resolve_name(addr.module)
  File "/usr/bin/s3-tests/virtualenv/lib/python2.7/site-packages/nose/util.py", line 312, in resolve_name
    module = __import__('.'.join(parts_copy))
ImportError: No module named Passed
]]></error></testcase><testcase classname="nose.failure.Failure" name="runTest" time="0.000"><error type="exceptions.OSError" message="No such file /usr/bin/s3-tests/="><![CDATA[Traceback (most recent call last):
  File "/usr/lib64/python2.7/unittest/case.py", line 369, in run
    testMethod()
  File "/usr/bin/s3-tests/virtualenv/lib/python2.7/site-packages/nose/failure.py", line 42, in runTest
    raise self.exc_class(self.exc_val)
OSError: No such file /usr/bin/s3-tests/=
]]></error></testcase><testcase classname="nose.failure.Failure" name="runTest" time="0.000"><error type="exceptions.OSError" message="No such file /usr/bin/s3-tests/577,"><![CDATA[Traceback (most recent call last):
  File "/usr/lib64/python2.7/unittest/case.py", line 369, in run
    testMethod()
  File "/usr/bin/s3-tests/virtualenv/lib/python2.7/site-packages/nose/failure.py", line 42, in runTest
    raise self.exc_class(self.exc_val)
OSError: No such file /usr/bin/s3-tests/577,
]]></error></testcase><testcase classname="nose.failure.Failure" name="runTest" time="0.000"><error type="exceptions.ImportError" message="No module named Errors"><![CDATA[Traceback (most recent call last):
  File "/usr/lib64/python2.7/unittest/case.py", line 369, in run
    testMethod()
  File "/usr/bin/s3-tests/virtualenv/lib/python2.7/site-packages/nose/loader.py", line 407, in loadTestsFromName
    module = resolve_name(addr.module)
  File "/usr/bin/s3-tests/virtualenv/lib/python2.7/site-packages/nose/util.py", line 312, in resolve_name
    module = __import__('.'.join(parts_copy))
ImportError: No module named Errors
]]></error></testcase><testcase classname="nose.failure.Failure" name="runTest" time="0.000"><error type="exceptions.OSError" message="No such file /usr/bin/s3-tests/="><![CDATA[Traceback (most recent call last):
  File "/usr/lib64/python2.7/unittest/case.py", line 369, in run
    testMethod()
  File "/usr/bin/s3-tests/virtualenv/lib/python2.7/site-packages/nose/failure.py", line 42, in runTest
    raise self.exc_class(self.exc_val)
OSError: No such file /usr/bin/s3-tests/=
]]></error></testcase><testcase classname="nose.failure.Failure" name="runTest" time="0.000"><error type="exceptions.OSError" message="No such file /usr/bin/s3-tests/0,"><![CDATA[Traceback (most recent call last):
  File "/usr/lib64/python2.7/unittest/case.py", line 369, in run
    testMethod()
  File "/usr/bin/s3-tests/virtualenv/lib/python2.7/site-packages/nose/failure.py", line 42, in runTest
    raise self.exc_class(self.exc_val)
OSError: No such file /usr/bin/s3-tests/0,
]]></error></testcase><testcase classname="nose.failure.Failure" name="runTest" time="0.000"><error type="exceptions.ImportError" message="No module named Failures"><![CDATA[Traceback (most recent call last):
  File "/usr/lib64/python2.7/unittest/case.py", line 369, in run
    testMethod()
  File "/usr/bin/s3-tests/virtualenv/lib/python2.7/site-packages/nose/loader.py", line 407, in loadTestsFromName
    module = resolve_name(addr.module)
  File "/usr/bin/s3-tests/virtualenv/lib/python2.7/site-packages/nose/util.py", line 312, in resolve_name
    module = __import__('.'.join(parts_copy))
ImportError: No module named Failures
]]></error></testcase><testcase classname="nose.failure.Failure" name="runTest" time="0.000"><error type="exceptions.OSError" message="No such file /usr/bin/s3-tests/="><![CDATA[Traceback (most recent call last):
  File "/usr/lib64/python2.7/unittest/case.py", line 369, in run
    testMethod()
  File "/usr/bin/s3-tests/virtualenv/lib/python2.7/site-packages/nose/failure.py", line 42, in runTest
    raise self.exc_class(self.exc_val)
OSError: No such file /usr/bin/s3-tests/=
]]></error></testcase><testcase classname="nose.failure.Failure" name="runTest" time="0.000"><error type="exceptions.OSError" message="No such file /usr/bin/s3-tests/0,"><![CDATA[Traceback (most recent call last):
  File "/usr/lib64/python2.7/unittest/case.py", line 369, in run
    testMethod()
  File "/usr/bin/s3-tests/virtualenv/lib/python2.7/site-packages/nose/failure.py", line 42, in runTest
    raise self.exc_class(self.exc_val)
OSError: No such file /usr/bin/s3-tests/0,
]]></error></testcase><testcase classname="nose.failure.Failure" name="runTest" time="0.000"><error type="exceptions.ImportError" message="No module named Skip"><![CDATA[Traceback (most recent call last):
  File "/usr/lib64/python2.7/unittest/case.py", line 369, in run
    testMethod()
  File "/usr/bin/s3-tests/virtualenv/lib/python2.7/site-packages/nose/loader.py", line 407, in loadTestsFromName
    module = resolve_name(addr.module)
  File "/usr/bin/s3-tests/virtualenv/lib/python2.7/site-packages/nose/util.py", line 312, in resolve_name
    module = __import__('.'.join(parts_copy))
ImportError: No module named Skip
]]></error></testcase><testcase classname="nose.failure.Failure" name="runTest" time="0.000"><error type="exceptions.OSError" message="No such file /usr/bin/s3-tests/="><![CDATA[Traceback (most recent call last):
  File "/usr/lib64/python2.7/unittest/case.py", line 369, in run
    testMethod()
  File "/usr/bin/s3-tests/virtualenv/lib/python2.7/site-packages/nose/failure.py", line 42, in runTest
    raise self.exc_class(self.exc_val)
OSError: No such file /usr/bin/s3-tests/=
]]></error></testcase><testcase classname="nose.failure.Failure" name="runTest" time="0.000"><error type="exceptions.OSError" message="No such file /usr/bin/s3-tests/0"><![CDATA[Traceback (most recent call last):
  File "/usr/lib64/python2.7/unittest/case.py", line 369, in run
    testMethod()
  File "/usr/bin/s3-tests/virtualenv/lib/python2.7/site-packages/nose/failure.py", line 42, in runTest
    raise self.exc_class(self.exc_val)
OSError: No such file /usr/bin/s3-tests/0
]]></error></testcase></testsuite>